08:55:12:890  INFO 24392 --- [main] com.hmall.HMallApplication               : Starting HMallApplication using Java 11.0.1 on INYert-LEGION with PID 24392 (D:\JavaSelfLearn\hmall\hm-service\target\classes started by INYert in D:\JavaSelfLearn\hmall)
08:55:12:895 DEBUG 24392 --- [main] com.hmall.HMallApplication               : Running with Spring Boot v2.7.12, Spring v5.3.27
08:55:12:896  INFO 24392 --- [main] com.hmall.HMallApplication               : The following 1 profile is active: "local"
08:55:13:631  INFO 24392 --- [main] .s.d.r.c.RepositoryConfigurationDelegate : Multiple Spring Data modules found, entering strict repository configuration mode
08:55:13:634  INFO 24392 --- [main] .s.d.r.c.RepositoryConfigurationDelegate : Bootstrapping Spring Data Redis repositories in DEFAULT mode.
08:55:13:670  INFO 24392 --- [main] .s.d.r.c.RepositoryConfigurationDelegate : Finished Spring Data repository scanning in 17 ms. Found 0 Redis repository interfaces.
08:55:14:256  INFO 24392 --- [main] o.s.b.w.embedded.tomcat.TomcatWebServer  : Tomcat initialized with port(s): 8080 (http)
08:55:14:269  INFO 24392 --- [main] o.apache.catalina.core.StandardService   : Starting service [Tomcat]
08:55:14:269  INFO 24392 --- [main] org.apache.catalina.core.StandardEngine  : Starting Servlet engine: [Apache Tomcat/9.0.75]
08:55:14:478  INFO 24392 --- [main] o.a.c.c.C.[Tomcat].[localhost].[/]       : Initializing Spring embedded WebApplicationContext
08:55:14:478  INFO 24392 --- [main] w.s.c.ServletWebServerApplicationContext : Root WebApplicationContext: initialization completed in 1544 ms
08:55:17:751  INFO 24392 --- [main] pertySourcedRequestMappingHandlerMapping : Mapped URL path [/v2/api-docs] onto method [springfox.documentation.swagger2.web.Swagger2ControllerWebMvc#getDocumentation(String, HttpServletRequest)]
08:55:18:294  INFO 24392 --- [main] o.s.b.w.embedded.tomcat.TomcatWebServer  : Tomcat started on port(s): 8080 (http) with context path ''
08:55:18:295  INFO 24392 --- [main] d.s.w.p.DocumentationPluginsBootstrapper : Documentation plugins bootstrapped
08:55:18:298  INFO 24392 --- [main] d.s.w.p.DocumentationPluginsBootstrapper : Found 1 custom documentation plugin(s)
08:55:18:332  INFO 24392 --- [main] s.d.s.w.s.ApiListingReferenceScanner     : Scanning for api listing references
08:55:18:568  INFO 24392 --- [main] com.hmall.HMallApplication               : Started HMallApplication in 5.984 seconds (JVM running for 7.217)
19:44:50:635  INFO 3492 --- [main] com.hmall.HMallApplication               : Starting HMallApplication using Java 11.0.1 on INYert-LEGION with PID 3492 (D:\JavaSelfLearn\hmall\hm-service\target\classes started by INYert in D:\JavaSelfLearn\hmall)
19:44:50:638 DEBUG 3492 --- [main] com.hmall.HMallApplication               : Running with Spring Boot v2.7.12, Spring v5.3.27
19:44:50:638  INFO 3492 --- [main] com.hmall.HMallApplication               : The following 1 profile is active: "local"
19:44:51:514  INFO 3492 --- [main] .s.d.r.c.RepositoryConfigurationDelegate : Multiple Spring Data modules found, entering strict repository configuration mode
19:44:51:516  INFO 3492 --- [main] .s.d.r.c.RepositoryConfigurationDelegate : Bootstrapping Spring Data Redis repositories in DEFAULT mode.
19:44:51:557  INFO 3492 --- [main] .s.d.r.c.RepositoryConfigurationDelegate : Finished Spring Data repository scanning in 19 ms. Found 0 Redis repository interfaces.
19:44:52:014  INFO 3492 --- [main] o.s.b.w.embedded.tomcat.TomcatWebServer  : Tomcat initialized with port(s): 8080 (http)
19:44:52:020  INFO 3492 --- [main] o.apache.catalina.core.StandardService   : Starting service [Tomcat]
19:44:52:020  INFO 3492 --- [main] org.apache.catalina.core.StandardEngine  : Starting Servlet engine: [Apache Tomcat/9.0.75]
19:44:52:123  INFO 3492 --- [main] o.a.c.c.C.[Tomcat].[localhost].[/]       : Initializing Spring embedded WebApplicationContext
19:44:52:123  INFO 3492 --- [main] w.s.c.ServletWebServerApplicationContext : Root WebApplicationContext: initialization completed in 1442 ms
19:44:54:607  INFO 3492 --- [main] pertySourcedRequestMappingHandlerMapping : Mapped URL path [/v2/api-docs] onto method [springfox.documentation.swagger2.web.Swagger2ControllerWebMvc#getDocumentation(String, HttpServletRequest)]
19:44:55:060  INFO 3492 --- [main] o.s.b.w.embedded.tomcat.TomcatWebServer  : Tomcat started on port(s): 8080 (http) with context path ''
19:44:55:061  INFO 3492 --- [main] d.s.w.p.DocumentationPluginsBootstrapper : Documentation plugins bootstrapped
19:44:55:063  INFO 3492 --- [main] d.s.w.p.DocumentationPluginsBootstrapper : Found 1 custom documentation plugin(s)
19:44:55:095  INFO 3492 --- [main] s.d.s.w.s.ApiListingReferenceScanner     : Scanning for api listing references
19:44:55:361  INFO 3492 --- [main] com.hmall.HMallApplication               : Started HMallApplication in 5.088 seconds (JVM running for 6.347)
