16:24:35:697  INFO 33140 --- [main] com.hmall.cart.CartApplication           : The following 1 profile is active: "local"
16:24:36:571  INFO 33140 --- [main] o.s.cloud.context.scope.GenericScope     : BeanFactory id=919e5427-fd58-39c3-8105-3a6949d2bcee
16:24:36:629  INFO 33140 --- [main] trationDelegate$BeanPostProcessorChecker : Bean 'io.seata.spring.boot.autoconfigure.SeataCoreAutoConfiguration' of type [io.seata.spring.boot.autoconfigure.SeataCoreAutoConfiguration] is not eligible for getting processed by all BeanPostProcessors (for example: not eligible for auto-proxying)
16:24:36:629  INFO 33140 --- [main] trationDelegate$BeanPostProcessorChecker : Bean 'springApplicationContextProvider' of type [io.seata.spring.boot.autoconfigure.provider.SpringApplicationContextProvider] is not eligible for getting processed by all BeanPostProcessors (for example: not eligible for auto-proxying)
16:24:36:630  INFO 33140 --- [main] trationDelegate$BeanPostProcessorChecker : Bean 'io.seata.spring.boot.autoconfigure.SeataAutoConfiguration' of type [io.seata.spring.boot.autoconfigure.SeataAutoConfiguration] is not eligible for getting processed by all BeanPostProcessors (for example: not eligible for auto-proxying)
16:24:36:677  INFO 33140 --- [main] trationDelegate$BeanPostProcessorChecker : Bean 'failureHandler' of type [io.seata.tm.api.DefaultFailureHandlerImpl] is not eligible for getting processed by all BeanPostProcessors (for example: not eligible for auto-proxying)
16:24:36:680  INFO 33140 --- [main] trationDelegate$BeanPostProcessorChecker : Bean 'org.springframework.cloud.commons.config.CommonsConfigAutoConfiguration' of type [org.springframework.cloud.commons.config.CommonsConfigAutoConfiguration] is not eligible for getting processed by all BeanPostProcessors (for example: not eligible for auto-proxying)
16:24:36:681  INFO 33140 --- [main] trationDelegate$BeanPostProcessorChecker : Bean 'org.springframework.cloud.client.loadbalancer.LoadBalancerDefaultMappingsProviderAutoConfiguration' of type [org.springframework.cloud.client.loadbalancer.LoadBalancerDefaultMappingsProviderAutoConfiguration] is not eligible for getting processed by all BeanPostProcessors (for example: not eligible for auto-proxying)
16:24:36:681  INFO 33140 --- [main] trationDelegate$BeanPostProcessorChecker : Bean 'loadBalancerClientsDefaultsMappingsProvider' of type [org.springframework.cloud.client.loadbalancer.LoadBalancerDefaultMappingsProviderAutoConfiguration$$Lambda$576/0x000002883468d6a0] is not eligible for getting processed by all BeanPostProcessors (for example: not eligible for auto-proxying)
16:24:36:682  INFO 33140 --- [main] trationDelegate$BeanPostProcessorChecker : Bean 'defaultsBindHandlerAdvisor' of type [org.springframework.cloud.commons.config.DefaultsBindHandlerAdvisor] is not eligible for getting processed by all BeanPostProcessors (for example: not eligible for auto-proxying)
16:24:36:683  INFO 33140 --- [main] trationDelegate$BeanPostProcessorChecker : Bean 'springCloudAlibabaConfiguration' of type [io.seata.spring.boot.autoconfigure.properties.SpringCloudAlibabaConfiguration] is not eligible for getting processed by all BeanPostProcessors (for example: not eligible for auto-proxying)
16:24:36:687  INFO 33140 --- [main] trationDelegate$BeanPostProcessorChecker : Bean 'seataProperties' of type [io.seata.spring.boot.autoconfigure.properties.SeataProperties] is not eligible for getting processed by all BeanPostProcessors (for example: not eligible for auto-proxying)
16:24:36:687  INFO 33140 --- [main] i.s.s.b.a.SeataAutoConfiguration         : Automatically configure Seata
16:24:36:735  INFO 33140 --- [main] io.seata.config.ConfigurationFactory     : load Configuration from :Spring Configuration
16:24:36:739  INFO 33140 --- [main] io.seata.config.ConfigurationFactory     : load Configuration from :Spring Configuration
16:24:36:758  WARN 33140 --- [main] ConfigServletWebServerApplicationContext : Exception encountered during context initialization - cancelling refresh attempt: org.springframework.beans.factory.BeanCreationException: Error creating bean with name 'globalTransactionScanner' defined in class path resource [io/seata/spring/boot/autoconfigure/SeataAutoConfiguration.class]: Bean instantiation via factory method failed; nested exception is org.springframework.beans.BeanInstantiationException: Failed to instantiate [io.seata.spring.annotation.GlobalTransactionScanner]: Factory method 'globalTransactionScanner' threw exception; nested exception is java.lang.ExceptionInInitializerError
16:24:36:768  INFO 33140 --- [main] ConditionEvaluationReportLoggingListener : 

Error starting ApplicationContext. To display the conditions report re-run your application with 'debug' enabled.
16:24:36:791 ERROR 33140 --- [main] o.s.boot.SpringApplication               : Application run failed

org.springframework.beans.factory.BeanCreationException: Error creating bean with name 'globalTransactionScanner' defined in class path resource [io/seata/spring/boot/autoconfigure/SeataAutoConfiguration.class]: Bean instantiation via factory method failed; nested exception is org.springframework.beans.BeanInstantiationException: Failed to instantiate [io.seata.spring.annotation.GlobalTransactionScanner]: Factory method 'globalTransactionScanner' threw exception; nested exception is java.lang.ExceptionInInitializerError
	at org.springframework.beans.factory.support.ConstructorResolver.instantiate(ConstructorResolver.java:658) ~[spring-beans-5.3.27.jar:5.3.27]
	at org.springframework.beans.factory.support.ConstructorResolver.instantiateUsingFactoryMethod(ConstructorResolver.java:638) ~[spring-beans-5.3.27.jar:5.3.27]
	at org.springframework.beans.factory.support.AbstractAutowireCapableBeanFactory.instantiateUsingFactoryMethod(AbstractAutowireCapableBeanFactory.java:1352) ~[spring-beans-5.3.27.jar:5.3.27]
	at org.springframework.beans.factory.support.AbstractAutowireCapableBeanFactory.createBeanInstance(AbstractAutowireCapableBeanFactory.java:1195) ~[spring-beans-5.3.27.jar:5.3.27]
	at org.springframework.beans.factory.support.AbstractAutowireCapableBeanFactory.doCreateBean(AbstractAutowireCapableBeanFactory.java:582) ~[spring-beans-5.3.27.jar:5.3.27]
	at org.springframework.beans.factory.support.AbstractAutowireCapableBeanFactory.createBean(AbstractAutowireCapableBeanFactory.java:542) ~[spring-beans-5.3.27.jar:5.3.27]
	at org.springframework.beans.factory.support.AbstractBeanFactory.lambda$doGetBean$0(AbstractBeanFactory.java:335) ~[spring-beans-5.3.27.jar:5.3.27]
	at org.springframework.beans.factory.support.DefaultSingletonBeanRegistry.getSingleton(DefaultSingletonBeanRegistry.java:234) ~[spring-beans-5.3.27.jar:5.3.27]
	at org.springframework.beans.factory.support.AbstractBeanFactory.doGetBean(AbstractBeanFactory.java:333) ~[spring-beans-5.3.27.jar:5.3.27]
	at org.springframework.beans.factory.support.AbstractBeanFactory.getBean(AbstractBeanFactory.java:213) ~[spring-beans-5.3.27.jar:5.3.27]
	at org.springframework.context.support.PostProcessorRegistrationDelegate.registerBeanPostProcessors(PostProcessorRegistrationDelegate.java:258) ~[spring-context-5.3.27.jar:5.3.27]
	at org.springframework.context.support.AbstractApplicationContext.registerBeanPostProcessors(AbstractApplicationContext.java:764) ~[spring-context-5.3.27.jar:5.3.27]
	at org.springframework.context.support.AbstractApplicationContext.refresh(AbstractApplicationContext.java:567) ~[spring-context-5.3.27.jar:5.3.27]
	at org.springframework.boot.web.servlet.context.ServletWebServerApplicationContext.refresh(ServletWebServerApplicationContext.java:147) ~[spring-boot-2.7.12.jar:2.7.12]
	at org.springframework.boot.SpringApplication.refresh(SpringApplication.java:731) ~[spring-boot-2.7.12.jar:2.7.12]
	at org.springframework.boot.SpringApplication.refreshContext(SpringApplication.java:408) ~[spring-boot-2.7.12.jar:2.7.12]
	at org.springframework.boot.SpringApplication.run(SpringApplication.java:307) ~[spring-boot-2.7.12.jar:2.7.12]
	at org.springframework.boot.SpringApplication.run(SpringApplication.java:1303) ~[spring-boot-2.7.12.jar:2.7.12]
	at org.springframework.boot.SpringApplication.run(SpringApplication.java:1292) ~[spring-boot-2.7.12.jar:2.7.12]
	at com.hmall.cart.CartApplication.main(CartApplication.java:16) ~[classes/:na]
Caused by: org.springframework.beans.BeanInstantiationException: Failed to instantiate [io.seata.spring.annotation.GlobalTransactionScanner]: Factory method 'globalTransactionScanner' threw exception; nested exception is java.lang.ExceptionInInitializerError
	at org.springframework.beans.factory.support.SimpleInstantiationStrategy.instantiate(SimpleInstantiationStrategy.java:185) ~[spring-beans-5.3.27.jar:5.3.27]
	at org.springframework.beans.factory.support.ConstructorResolver.instantiate(ConstructorResolver.java:653) ~[spring-beans-5.3.27.jar:5.3.27]
	... 19 common frames omitted
Caused by: java.lang.ExceptionInInitializerError: null
	at net.sf.cglib.core.KeyFactory$Generator.generateClass(KeyFactory.java:166) ~[cglib-3.1.jar:na]
	at net.sf.cglib.core.DefaultGeneratorStrategy.generate(DefaultGeneratorStrategy.java:25) ~[cglib-3.1.jar:na]
	at net.sf.cglib.core.AbstractClassGenerator.create(AbstractClassGenerator.java:216) ~[cglib-3.1.jar:na]
	at net.sf.cglib.core.KeyFactory$Generator.create(KeyFactory.java:144) ~[cglib-3.1.jar:na]
	at net.sf.cglib.core.KeyFactory.create(KeyFactory.java:116) ~[cglib-3.1.jar:na]
	at net.sf.cglib.core.KeyFactory.create(KeyFactory.java:108) ~[cglib-3.1.jar:na]
	at net.sf.cglib.core.KeyFactory.create(KeyFactory.java:104) ~[cglib-3.1.jar:na]
	at net.sf.cglib.proxy.Enhancer.<clinit>(Enhancer.java:69) ~[cglib-3.1.jar:na]
	at io.seata.config.ConfigurationCache.proxy(ConfigurationCache.java:104) ~[seata-all-1.5.2.jar:1.5.2]
	at io.seata.config.ConfigurationFactory.buildConfiguration(ConfigurationFactory.java:136) ~[seata-all-1.5.2.jar:1.5.2]
	at io.seata.config.ConfigurationFactory.getInstance(ConfigurationFactory.java:94) ~[seata-all-1.5.2.jar:1.5.2]
	at io.seata.spring.annotation.GlobalTransactionScanner.<init>(GlobalTransactionScanner.java:105) ~[seata-all-1.5.2.jar:1.5.2]
	at io.seata.spring.annotation.GlobalTransactionScanner.<init>(GlobalTransactionScanner.java:162) ~[seata-all-1.5.2.jar:1.5.2]
	at io.seata.spring.boot.autoconfigure.SeataAutoConfiguration.globalTransactionScanner(SeataAutoConfiguration.java:83) ~[seata-spring-boot-starter-1.5.2.jar:1.5.2]
	at java.base/jdk.internal.reflect.NativeMethodAccessorImpl.invoke0(Native Method) ~[na:na]
	at java.base/jdk.internal.reflect.NativeMethodAccessorImpl.invoke(NativeMethodAccessorImpl.java:77) ~[na:na]
	at java.base/jdk.internal.reflect.DelegatingMethodAccessorImpl.invoke(DelegatingMethodAccessorImpl.java:43) ~[na:na]
	at java.base/java.lang.reflect.Method.invoke(Method.java:568) ~[na:na]
	at org.springframework.beans.factory.support.SimpleInstantiationStrategy.instantiate(SimpleInstantiationStrategy.java:154) ~[spring-beans-5.3.27.jar:5.3.27]
	... 20 common frames omitted
Caused by: java.lang.reflect.InaccessibleObjectException: Unable to make protected final java.lang.Class java.lang.ClassLoader.defineClass(java.lang.String,byte[],int,int,java.security.ProtectionDomain) throws java.lang.ClassFormatError accessible: module java.base does not "opens java.lang" to unnamed module @7291c18f
	at java.base/java.lang.reflect.AccessibleObject.checkCanSetAccessible(AccessibleObject.java:354) ~[na:na]
	at java.base/java.lang.reflect.AccessibleObject.checkCanSetAccessible(AccessibleObject.java:297) ~[na:na]
	at java.base/java.lang.reflect.Method.checkCanSetAccessible(Method.java:199) ~[na:na]
	at java.base/java.lang.reflect.Method.setAccessible(Method.java:193) ~[na:na]
	at net.sf.cglib.core.ReflectUtils$2.run(ReflectUtils.java:56) ~[cglib-3.1.jar:na]
	at java.base/java.security.AccessController.doPrivileged(AccessController.java:318) ~[na:na]
	at net.sf.cglib.core.ReflectUtils.<clinit>(ReflectUtils.java:46) ~[cglib-3.1.jar:na]
	... 39 common frames omitted

16:24:36:793  WARN 33140 --- [Thread-5] c.a.nacos.common.notify.NotifyCenter     : [NotifyCenter] Start destroying Publisher
16:24:36:793  WARN 33140 --- [Thread-1] c.a.n.common.http.HttpClientBeanHolder   : [HttpClientBeanHolder] Start destroying common HttpClient
16:24:36:793  WARN 33140 --- [Thread-5] c.a.nacos.common.notify.NotifyCenter     : [NotifyCenter] Destruction of the end
16:24:36:794  WARN 33140 --- [Thread-1] c.a.n.common.http.HttpClientBeanHolder   : [HttpClientBeanHolder] Destruction of the end
16:25:47:708  INFO 37648 --- [main] com.hmall.cart.CartApplication           : The following 1 profile is active: "local"
16:25:48:376  INFO 37648 --- [main] o.s.cloud.context.scope.GenericScope     : BeanFactory id=919e5427-fd58-39c3-8105-3a6949d2bcee
16:25:48:419  INFO 37648 --- [main] trationDelegate$BeanPostProcessorChecker : Bean 'io.seata.spring.boot.autoconfigure.SeataCoreAutoConfiguration' of type [io.seata.spring.boot.autoconfigure.SeataCoreAutoConfiguration] is not eligible for getting processed by all BeanPostProcessors (for example: not eligible for auto-proxying)
16:25:48:419  INFO 37648 --- [main] trationDelegate$BeanPostProcessorChecker : Bean 'springApplicationContextProvider' of type [io.seata.spring.boot.autoconfigure.provider.SpringApplicationContextProvider] is not eligible for getting processed by all BeanPostProcessors (for example: not eligible for auto-proxying)
16:25:48:419  INFO 37648 --- [main] trationDelegate$BeanPostProcessorChecker : Bean 'io.seata.spring.boot.autoconfigure.SeataAutoConfiguration' of type [io.seata.spring.boot.autoconfigure.SeataAutoConfiguration] is not eligible for getting processed by all BeanPostProcessors (for example: not eligible for auto-proxying)
16:25:48:448  INFO 37648 --- [main] trationDelegate$BeanPostProcessorChecker : Bean 'failureHandler' of type [io.seata.tm.api.DefaultFailureHandlerImpl] is not eligible for getting processed by all BeanPostProcessors (for example: not eligible for auto-proxying)
16:25:48:451  INFO 37648 --- [main] trationDelegate$BeanPostProcessorChecker : Bean 'org.springframework.cloud.commons.config.CommonsConfigAutoConfiguration' of type [org.springframework.cloud.commons.config.CommonsConfigAutoConfiguration] is not eligible for getting processed by all BeanPostProcessors (for example: not eligible for auto-proxying)
16:25:48:452  INFO 37648 --- [main] trationDelegate$BeanPostProcessorChecker : Bean 'org.springframework.cloud.client.loadbalancer.LoadBalancerDefaultMappingsProviderAutoConfiguration' of type [org.springframework.cloud.client.loadbalancer.LoadBalancerDefaultMappingsProviderAutoConfiguration] is not eligible for getting processed by all BeanPostProcessors (for example: not eligible for auto-proxying)
16:25:48:452  INFO 37648 --- [main] trationDelegate$BeanPostProcessorChecker : Bean 'loadBalancerClientsDefaultsMappingsProvider' of type [org.springframework.cloud.client.loadbalancer.LoadBalancerDefaultMappingsProviderAutoConfiguration$$Lambda$576/0x000002983668c390] is not eligible for getting processed by all BeanPostProcessors (for example: not eligible for auto-proxying)
16:25:48:453  INFO 37648 --- [main] trationDelegate$BeanPostProcessorChecker : Bean 'defaultsBindHandlerAdvisor' of type [org.springframework.cloud.commons.config.DefaultsBindHandlerAdvisor] is not eligible for getting processed by all BeanPostProcessors (for example: not eligible for auto-proxying)
16:25:48:455  INFO 37648 --- [main] trationDelegate$BeanPostProcessorChecker : Bean 'springCloudAlibabaConfiguration' of type [io.seata.spring.boot.autoconfigure.properties.SpringCloudAlibabaConfiguration] is not eligible for getting processed by all BeanPostProcessors (for example: not eligible for auto-proxying)
16:25:48:457  INFO 37648 --- [main] trationDelegate$BeanPostProcessorChecker : Bean 'seataProperties' of type [io.seata.spring.boot.autoconfigure.properties.SeataProperties] is not eligible for getting processed by all BeanPostProcessors (for example: not eligible for auto-proxying)
16:25:48:457  INFO 37648 --- [main] i.s.s.b.a.SeataAutoConfiguration         : Automatically configure Seata
16:25:48:498  INFO 37648 --- [main] io.seata.config.ConfigurationFactory     : load Configuration from :Spring Configuration
16:25:48:501  INFO 37648 --- [main] io.seata.config.ConfigurationFactory     : load Configuration from :Spring Configuration
16:25:48:517  WARN 37648 --- [main] ConfigServletWebServerApplicationContext : Exception encountered during context initialization - cancelling refresh attempt: org.springframework.beans.factory.BeanCreationException: Error creating bean with name 'globalTransactionScanner' defined in class path resource [io/seata/spring/boot/autoconfigure/SeataAutoConfiguration.class]: Bean instantiation via factory method failed; nested exception is org.springframework.beans.BeanInstantiationException: Failed to instantiate [io.seata.spring.annotation.GlobalTransactionScanner]: Factory method 'globalTransactionScanner' threw exception; nested exception is java.lang.ExceptionInInitializerError
16:25:48:524  INFO 37648 --- [main] ConditionEvaluationReportLoggingListener : 

Error starting ApplicationContext. To display the conditions report re-run your application with 'debug' enabled.
16:25:48:540 ERROR 37648 --- [main] o.s.boot.SpringApplication               : Application run failed

org.springframework.beans.factory.BeanCreationException: Error creating bean with name 'globalTransactionScanner' defined in class path resource [io/seata/spring/boot/autoconfigure/SeataAutoConfiguration.class]: Bean instantiation via factory method failed; nested exception is org.springframework.beans.BeanInstantiationException: Failed to instantiate [io.seata.spring.annotation.GlobalTransactionScanner]: Factory method 'globalTransactionScanner' threw exception; nested exception is java.lang.ExceptionInInitializerError
	at org.springframework.beans.factory.support.ConstructorResolver.instantiate(ConstructorResolver.java:658) ~[spring-beans-5.3.27.jar:5.3.27]
	at org.springframework.beans.factory.support.ConstructorResolver.instantiateUsingFactoryMethod(ConstructorResolver.java:638) ~[spring-beans-5.3.27.jar:5.3.27]
	at org.springframework.beans.factory.support.AbstractAutowireCapableBeanFactory.instantiateUsingFactoryMethod(AbstractAutowireCapableBeanFactory.java:1352) ~[spring-beans-5.3.27.jar:5.3.27]
	at org.springframework.beans.factory.support.AbstractAutowireCapableBeanFactory.createBeanInstance(AbstractAutowireCapableBeanFactory.java:1195) ~[spring-beans-5.3.27.jar:5.3.27]
	at org.springframework.beans.factory.support.AbstractAutowireCapableBeanFactory.doCreateBean(AbstractAutowireCapableBeanFactory.java:582) ~[spring-beans-5.3.27.jar:5.3.27]
	at org.springframework.beans.factory.support.AbstractAutowireCapableBeanFactory.createBean(AbstractAutowireCapableBeanFactory.java:542) ~[spring-beans-5.3.27.jar:5.3.27]
	at org.springframework.beans.factory.support.AbstractBeanFactory.lambda$doGetBean$0(AbstractBeanFactory.java:335) ~[spring-beans-5.3.27.jar:5.3.27]
	at org.springframework.beans.factory.support.DefaultSingletonBeanRegistry.getSingleton(DefaultSingletonBeanRegistry.java:234) ~[spring-beans-5.3.27.jar:5.3.27]
	at org.springframework.beans.factory.support.AbstractBeanFactory.doGetBean(AbstractBeanFactory.java:333) ~[spring-beans-5.3.27.jar:5.3.27]
	at org.springframework.beans.factory.support.AbstractBeanFactory.getBean(AbstractBeanFactory.java:213) ~[spring-beans-5.3.27.jar:5.3.27]
	at org.springframework.context.support.PostProcessorRegistrationDelegate.registerBeanPostProcessors(PostProcessorRegistrationDelegate.java:258) ~[spring-context-5.3.27.jar:5.3.27]
	at org.springframework.context.support.AbstractApplicationContext.registerBeanPostProcessors(AbstractApplicationContext.java:764) ~[spring-context-5.3.27.jar:5.3.27]
	at org.springframework.context.support.AbstractApplicationContext.refresh(AbstractApplicationContext.java:567) ~[spring-context-5.3.27.jar:5.3.27]
	at org.springframework.boot.web.servlet.context.ServletWebServerApplicationContext.refresh(ServletWebServerApplicationContext.java:147) ~[spring-boot-2.7.12.jar:2.7.12]
	at org.springframework.boot.SpringApplication.refresh(SpringApplication.java:731) ~[spring-boot-2.7.12.jar:2.7.12]
	at org.springframework.boot.SpringApplication.refreshContext(SpringApplication.java:408) ~[spring-boot-2.7.12.jar:2.7.12]
	at org.springframework.boot.SpringApplication.run(SpringApplication.java:307) ~[spring-boot-2.7.12.jar:2.7.12]
	at org.springframework.boot.SpringApplication.run(SpringApplication.java:1303) ~[spring-boot-2.7.12.jar:2.7.12]
	at org.springframework.boot.SpringApplication.run(SpringApplication.java:1292) ~[spring-boot-2.7.12.jar:2.7.12]
	at com.hmall.cart.CartApplication.main(CartApplication.java:16) ~[classes/:na]
Caused by: org.springframework.beans.BeanInstantiationException: Failed to instantiate [io.seata.spring.annotation.GlobalTransactionScanner]: Factory method 'globalTransactionScanner' threw exception; nested exception is java.lang.ExceptionInInitializerError
	at org.springframework.beans.factory.support.SimpleInstantiationStrategy.instantiate(SimpleInstantiationStrategy.java:185) ~[spring-beans-5.3.27.jar:5.3.27]
	at org.springframework.beans.factory.support.ConstructorResolver.instantiate(ConstructorResolver.java:653) ~[spring-beans-5.3.27.jar:5.3.27]
	... 19 common frames omitted
Caused by: java.lang.ExceptionInInitializerError: null
	at net.sf.cglib.core.KeyFactory$Generator.generateClass(KeyFactory.java:166) ~[cglib-3.1.jar:na]
	at net.sf.cglib.core.DefaultGeneratorStrategy.generate(DefaultGeneratorStrategy.java:25) ~[cglib-3.1.jar:na]
	at net.sf.cglib.core.AbstractClassGenerator.create(AbstractClassGenerator.java:216) ~[cglib-3.1.jar:na]
	at net.sf.cglib.core.KeyFactory$Generator.create(KeyFactory.java:144) ~[cglib-3.1.jar:na]
	at net.sf.cglib.core.KeyFactory.create(KeyFactory.java:116) ~[cglib-3.1.jar:na]
	at net.sf.cglib.core.KeyFactory.create(KeyFactory.java:108) ~[cglib-3.1.jar:na]
	at net.sf.cglib.core.KeyFactory.create(KeyFactory.java:104) ~[cglib-3.1.jar:na]
	at net.sf.cglib.proxy.Enhancer.<clinit>(Enhancer.java:69) ~[cglib-3.1.jar:na]
	at io.seata.config.ConfigurationCache.proxy(ConfigurationCache.java:104) ~[seata-all-1.5.2.jar:1.5.2]
	at io.seata.config.ConfigurationFactory.buildConfiguration(ConfigurationFactory.java:136) ~[seata-all-1.5.2.jar:1.5.2]
	at io.seata.config.ConfigurationFactory.getInstance(ConfigurationFactory.java:94) ~[seata-all-1.5.2.jar:1.5.2]
	at io.seata.spring.annotation.GlobalTransactionScanner.<init>(GlobalTransactionScanner.java:105) ~[seata-all-1.5.2.jar:1.5.2]
	at io.seata.spring.annotation.GlobalTransactionScanner.<init>(GlobalTransactionScanner.java:162) ~[seata-all-1.5.2.jar:1.5.2]
	at io.seata.spring.boot.autoconfigure.SeataAutoConfiguration.globalTransactionScanner(SeataAutoConfiguration.java:83) ~[seata-spring-boot-starter-1.5.2.jar:1.5.2]
	at java.base/jdk.internal.reflect.NativeMethodAccessorImpl.invoke0(Native Method) ~[na:na]
	at java.base/jdk.internal.reflect.NativeMethodAccessorImpl.invoke(NativeMethodAccessorImpl.java:77) ~[na:na]
	at java.base/jdk.internal.reflect.DelegatingMethodAccessorImpl.invoke(DelegatingMethodAccessorImpl.java:43) ~[na:na]
	at java.base/java.lang.reflect.Method.invoke(Method.java:568) ~[na:na]
	at org.springframework.beans.factory.support.SimpleInstantiationStrategy.instantiate(SimpleInstantiationStrategy.java:154) ~[spring-beans-5.3.27.jar:5.3.27]
	... 20 common frames omitted
Caused by: java.lang.reflect.InaccessibleObjectException: Unable to make protected final java.lang.Class java.lang.ClassLoader.defineClass(java.lang.String,byte[],int,int,java.security.ProtectionDomain) throws java.lang.ClassFormatError accessible: module java.base does not "opens java.lang" to unnamed module @7291c18f
	at java.base/java.lang.reflect.AccessibleObject.checkCanSetAccessible(AccessibleObject.java:354) ~[na:na]
	at java.base/java.lang.reflect.AccessibleObject.checkCanSetAccessible(AccessibleObject.java:297) ~[na:na]
	at java.base/java.lang.reflect.Method.checkCanSetAccessible(Method.java:199) ~[na:na]
	at java.base/java.lang.reflect.Method.setAccessible(Method.java:193) ~[na:na]
	at net.sf.cglib.core.ReflectUtils$2.run(ReflectUtils.java:56) ~[cglib-3.1.jar:na]
	at java.base/java.security.AccessController.doPrivileged(AccessController.java:318) ~[na:na]
	at net.sf.cglib.core.ReflectUtils.<clinit>(ReflectUtils.java:46) ~[cglib-3.1.jar:na]
	... 39 common frames omitted

16:25:48:541  WARN 37648 --- [Thread-5] c.a.nacos.common.notify.NotifyCenter     : [NotifyCenter] Start destroying Publisher
16:25:48:541  WARN 37648 --- [Thread-5] c.a.nacos.common.notify.NotifyCenter     : [NotifyCenter] Destruction of the end
16:25:48:541  WARN 37648 --- [Thread-1] c.a.n.common.http.HttpClientBeanHolder   : [HttpClientBeanHolder] Start destroying common HttpClient
16:25:48:541  WARN 37648 --- [Thread-1] c.a.n.common.http.HttpClientBeanHolder   : [HttpClientBeanHolder] Destruction of the end
16:33:08:766  INFO 4372 --- [main] com.hmall.cart.CartApplication           : The following 1 profile is active: "local"
16:33:09:384  INFO 4372 --- [main] o.s.cloud.context.scope.GenericScope     : BeanFactory id=82bc98d3-f7e5-3fe8-8873-94a07dd6c8dd
16:33:09:426  INFO 4372 --- [main] trationDelegate$BeanPostProcessorChecker : Bean 'io.seata.spring.boot.autoconfigure.SeataCoreAutoConfiguration' of type [io.seata.spring.boot.autoconfigure.SeataCoreAutoConfiguration] is not eligible for getting processed by all BeanPostProcessors (for example: not eligible for auto-proxying)
16:33:09:426  INFO 4372 --- [main] trationDelegate$BeanPostProcessorChecker : Bean 'springApplicationContextProvider' of type [io.seata.spring.boot.autoconfigure.provider.SpringApplicationContextProvider] is not eligible for getting processed by all BeanPostProcessors (for example: not eligible for auto-proxying)
16:33:09:426  INFO 4372 --- [main] trationDelegate$BeanPostProcessorChecker : Bean 'io.seata.spring.boot.autoconfigure.SeataAutoConfiguration' of type [io.seata.spring.boot.autoconfigure.SeataAutoConfiguration] is not eligible for getting processed by all BeanPostProcessors (for example: not eligible for auto-proxying)
16:33:09:453  INFO 4372 --- [main] trationDelegate$BeanPostProcessorChecker : Bean 'failureHandler' of type [io.seata.tm.api.DefaultFailureHandlerImpl] is not eligible for getting processed by all BeanPostProcessors (for example: not eligible for auto-proxying)
16:33:09:455  INFO 4372 --- [main] trationDelegate$BeanPostProcessorChecker : Bean 'org.springframework.cloud.commons.config.CommonsConfigAutoConfiguration' of type [org.springframework.cloud.commons.config.CommonsConfigAutoConfiguration] is not eligible for getting processed by all BeanPostProcessors (for example: not eligible for auto-proxying)
16:33:09:456  INFO 4372 --- [main] trationDelegate$BeanPostProcessorChecker : Bean 'org.springframework.cloud.client.loadbalancer.LoadBalancerDefaultMappingsProviderAutoConfiguration' of type [org.springframework.cloud.client.loadbalancer.LoadBalancerDefaultMappingsProviderAutoConfiguration] is not eligible for getting processed by all BeanPostProcessors (for example: not eligible for auto-proxying)
16:33:09:457  INFO 4372 --- [main] trationDelegate$BeanPostProcessorChecker : Bean 'loadBalancerClientsDefaultsMappingsProvider' of type [org.springframework.cloud.client.loadbalancer.LoadBalancerDefaultMappingsProviderAutoConfiguration$$Lambda$576/0x000001c65568e6e0] is not eligible for getting processed by all BeanPostProcessors (for example: not eligible for auto-proxying)
16:33:09:457  INFO 4372 --- [main] trationDelegate$BeanPostProcessorChecker : Bean 'defaultsBindHandlerAdvisor' of type [org.springframework.cloud.commons.config.DefaultsBindHandlerAdvisor] is not eligible for getting processed by all BeanPostProcessors (for example: not eligible for auto-proxying)
16:33:09:459  INFO 4372 --- [main] trationDelegate$BeanPostProcessorChecker : Bean 'springCloudAlibabaConfiguration' of type [io.seata.spring.boot.autoconfigure.properties.SpringCloudAlibabaConfiguration] is not eligible for getting processed by all BeanPostProcessors (for example: not eligible for auto-proxying)
16:33:09:461  INFO 4372 --- [main] trationDelegate$BeanPostProcessorChecker : Bean 'seataProperties' of type [io.seata.spring.boot.autoconfigure.properties.SeataProperties] is not eligible for getting processed by all BeanPostProcessors (for example: not eligible for auto-proxying)
16:33:09:462  INFO 4372 --- [main] i.s.s.b.a.SeataAutoConfiguration         : Automatically configure Seata
16:33:09:504  INFO 4372 --- [main] io.seata.config.ConfigurationFactory     : load Configuration from :Spring Configuration
16:33:09:507  INFO 4372 --- [main] io.seata.config.ConfigurationFactory     : load Configuration from :Spring Configuration
16:33:09:757  INFO 4372 --- [main] i.s.s.a.GlobalTransactionScanner         : Initializing Global Transaction Clients ... 
16:33:09:814  INFO 4372 --- [main] i.s.core.rpc.netty.NettyClientBootstrap  : NettyClientBootstrap has started
16:33:10:001  INFO 4372 --- [main] com.alibaba.nacos.common.remote.client   : [RpcClientFactory] create a new rpc client of b38106e6-4b7b-4def-8a2a-cc25888b6918
16:33:10:002  INFO 4372 --- [main] com.alibaba.nacos.common.remote.client   : [b38106e6-4b7b-4def-8a2a-cc25888b6918] RpcClient init label, labels = {module=naming, source=sdk}
16:33:10:003  INFO 4372 --- [main] com.alibaba.nacos.common.remote.client   : [b38106e6-4b7b-4def-8a2a-cc25888b6918] RpcClient init, ServerListFactory = com.alibaba.nacos.client.naming.core.ServerListManager
16:33:10:003  INFO 4372 --- [main] com.alibaba.nacos.common.remote.client   : [b38106e6-4b7b-4def-8a2a-cc25888b6918] Registry connection listener to current client:com.alibaba.nacos.client.naming.remote.gprc.redo.NamingGrpcRedoService
16:33:10:003  INFO 4372 --- [main] com.alibaba.nacos.common.remote.client   : [b38106e6-4b7b-4def-8a2a-cc25888b6918] Register server push request handler:com.alibaba.nacos.client.naming.remote.gprc.NamingPushRequestHandler
16:33:10:003  INFO 4372 --- [main] com.alibaba.nacos.common.remote.client   : [b38106e6-4b7b-4def-8a2a-cc25888b6918] Try to connect to server on start up, server: {serverIp = '192.168.88.131', server main port = 8848}
16:33:10:121  INFO 4372 --- [main] com.alibaba.nacos.common.remote.client   : [b38106e6-4b7b-4def-8a2a-cc25888b6918] Success to connect to server [192.168.88.131:8848] on start up, connectionId = 1779179587546_192.168.88.1_1048
16:33:10:121  INFO 4372 --- [main] com.alibaba.nacos.common.remote.client   : [b38106e6-4b7b-4def-8a2a-cc25888b6918] Register server push request handler:com.alibaba.nacos.common.remote.client.RpcClient$ConnectResetRequestHandler
16:33:10:121  INFO 4372 --- [com.alibaba.nacos.client.remote.worker] com.alibaba.nacos.common.remote.client   : [b38106e6-4b7b-4def-8a2a-cc25888b6918] Notify connected event to listeners.
16:33:10:121  INFO 4372 --- [main] com.alibaba.nacos.common.remote.client   : [b38106e6-4b7b-4def-8a2a-cc25888b6918] Register server push request handler:com.alibaba.nacos.common.remote.client.RpcClient$$Lambda$482/0x000001c65555e9a8
16:33:10:142  INFO 4372 --- [main] i.s.c.r.netty.NettyClientChannelManager  : will connect to 192.168.88.131:8099
16:33:10:163  INFO 4372 --- [main] i.s.core.rpc.netty.NettyPoolableFactory  : NettyPool create channel to transactionRole:TMROLE,address:192.168.88.131:8099,msg:< RegisterTMRequest{applicationId='cart-service', transactionServiceGroup='hmall'} >
16:33:10:259  WARN 4372 --- [NettyClientSelector_TMROLE_1_1] ServiceLoader$InnerEnhancedServiceLoader : Load [io.seata.serializer.hessian.HessianSerializer] class fail. com/caucho/hessian/io/AbstractHessianOutput
16:33:10:276  INFO 4372 --- [main] i.s.c.rpc.netty.TmNettyRemotingClient    : register TM success. client version:1.6.1, server version:1.5.2,channel:[id: 0x0c61e200, L:/192.168.88.1:1049 - R:/192.168.88.131:8099]
16:33:10:281  INFO 4372 --- [main] i.s.core.rpc.netty.NettyPoolableFactory  : register success, cost 40 ms, version:1.5.2,role:TMROLE,channel:[id: 0x0c61e200, L:/192.168.88.1:1049 - R:/192.168.88.131:8099]
16:33:10:281  INFO 4372 --- [main] i.s.s.a.GlobalTransactionScanner         : Transaction Manager Client is initialized. applicationId[cart-service] txServiceGroup[hmall]
16:33:10:293  INFO 4372 --- [main] io.seata.rm.datasource.AsyncWorker       : Async Commit Buffer Limit: 10000
16:33:10:294  INFO 4372 --- [main] i.s.rm.datasource.xa.ResourceManagerXA   : ResourceManagerXA init ...
16:33:10:299  INFO 4372 --- [main] i.s.core.rpc.netty.NettyClientBootstrap  : NettyClientBootstrap has started
16:33:10:300  INFO 4372 --- [main] i.s.s.a.GlobalTransactionScanner         : Resource Manager is initialized. applicationId[cart-service] txServiceGroup[hmall]
16:33:10:300  INFO 4372 --- [main] i.s.s.a.GlobalTransactionScanner         : Global Transaction Clients are initialized. 
16:33:10:541  INFO 4372 --- [main] trationDelegate$BeanPostProcessorChecker : Bean 'com.alibaba.cloud.seata.feign.SeataFeignClientAutoConfiguration$FeignBeanPostProcessorConfiguration' of type [com.alibaba.cloud.seata.feign.SeataFeignClientAutoConfiguration$FeignBeanPostProcessorConfiguration] is not eligible for getting processed by all BeanPostProcessors (for example: not eligible for auto-proxying)
16:33:10:542  INFO 4372 --- [main] trationDelegate$BeanPostProcessorChecker : Bean 'seataFeignObjectWrapper' of type [com.alibaba.cloud.seata.feign.SeataFeignObjectWrapper] is not eligible for getting processed by all BeanPostProcessors (for example: not eligible for auto-proxying)
16:33:10:712  INFO 4372 --- [nacos-grpc-client-executor-4] com.alibaba.nacos.common.remote.client   : [b38106e6-4b7b-4def-8a2a-cc25888b6918] Receive server push request, request = NotifySubscriberRequest, requestId = 12
16:33:10:714  INFO 4372 --- [nacos-grpc-client-executor-4] com.alibaba.nacos.common.remote.client   : [b38106e6-4b7b-4def-8a2a-cc25888b6918] Ack server push request, request = NotifySubscriberRequest, requestId = 12
16:33:10:739  INFO 4372 --- [main] o.s.b.w.embedded.tomcat.TomcatWebServer  : Tomcat initialized with port(s): 8082 (http)
16:33:10:747  INFO 4372 --- [main] o.apache.catalina.core.StandardService   : Starting service [Tomcat]
16:33:10:747  INFO 4372 --- [main] org.apache.catalina.core.StandardEngine  : Starting Servlet engine: [Apache Tomcat/9.0.75]
16:33:10:861  INFO 4372 --- [main] o.a.c.c.C.[Tomcat].[localhost].[/]       : Initializing Spring embedded WebApplicationContext
16:33:10:861  INFO 4372 --- [main] w.s.c.ServletWebServerApplicationContext : Root WebApplicationContext: initialization completed in 2085 ms
16:33:11:079  INFO 4372 --- [main] o.s.c.openfeign.FeignClientFactoryBean   : For 'item-service' URL not provided. Will try picking an instance via load-balancing.
16:33:11:386  INFO 4372 --- [main] com.zaxxer.hikari.HikariDataSource       : HikariPool-1 - Starting...
16:33:11:642  INFO 4372 --- [main] com.zaxxer.hikari.HikariDataSource       : HikariPool-1 - Start completed.
16:33:11:713  INFO 4372 --- [main] i.s.c.r.netty.NettyClientChannelManager  : will connect to 192.168.88.131:8099
16:33:11:713  INFO 4372 --- [main] i.s.c.rpc.netty.RmNettyRemotingClient    : RM will register :jdbc:mysql://192.168.88.131:3307/hm-cart
16:33:11:713  INFO 4372 --- [main] i.s.core.rpc.netty.NettyPoolableFactory  : NettyPool create channel to transactionRole:RMROLE,address:192.168.88.131:8099,msg:< RegisterRMRequest{resourceIds='jdbc:mysql://192.168.88.131:3307/hm-cart', applicationId='cart-service', transactionServiceGroup='hmall'} >
16:33:11:720  INFO 4372 --- [main] i.s.c.rpc.netty.RmNettyRemotingClient    : register RM success. client version:1.6.1, server version:1.5.2,channel:[id: 0x0222a933, L:/192.168.88.1:1051 - R:/192.168.88.131:8099]
16:33:11:720  INFO 4372 --- [main] i.s.core.rpc.netty.NettyPoolableFactory  : register success, cost 5 ms, version:1.5.2,role:RMROLE,channel:[id: 0x0222a933, L:/192.168.88.1:1051 - R:/192.168.88.131:8099]
16:33:12:193  INFO 4372 --- [main] c.a.c.sentinel.SentinelWebMvcConfigurer  : [Sentinel Starter] register SentinelWebInterceptor with urlPatterns: [/**].
16:33:13:619  INFO 4372 --- [main] o.s.cloud.commons.util.InetUtils         : Cannot determine local hostname
16:33:13:653  INFO 4372 --- [main] pertySourcedRequestMappingHandlerMapping : Mapped URL path [/v2/api-docs] onto method [springfox.documentation.swagger2.web.Swagger2ControllerWebMvc#getDocumentation(String, HttpServletRequest)]
16:33:14:975  INFO 4372 --- [main] o.s.cloud.commons.util.InetUtils         : Cannot determine local hostname
16:33:15:086  INFO 4372 --- [main] com.alibaba.nacos.common.remote.client   : [RpcClientFactory] create a new rpc client of 56a9c8e5-2d69-4b0c-9a72-5626c926568b
16:33:15:086  INFO 4372 --- [main] com.alibaba.nacos.common.remote.client   : [56a9c8e5-2d69-4b0c-9a72-5626c926568b] RpcClient init label, labels = {module=naming, source=sdk}
16:33:15:086  INFO 4372 --- [main] com.alibaba.nacos.common.remote.client   : [56a9c8e5-2d69-4b0c-9a72-5626c926568b] RpcClient init, ServerListFactory = com.alibaba.nacos.client.naming.core.ServerListManager
16:33:15:087  INFO 4372 --- [main] com.alibaba.nacos.common.remote.client   : [56a9c8e5-2d69-4b0c-9a72-5626c926568b] Registry connection listener to current client:com.alibaba.nacos.client.naming.remote.gprc.redo.NamingGrpcRedoService
16:33:15:087  INFO 4372 --- [main] com.alibaba.nacos.common.remote.client   : [56a9c8e5-2d69-4b0c-9a72-5626c926568b] Register server push request handler:com.alibaba.nacos.client.naming.remote.gprc.NamingPushRequestHandler
16:33:15:087  INFO 4372 --- [main] com.alibaba.nacos.common.remote.client   : [56a9c8e5-2d69-4b0c-9a72-5626c926568b] Try to connect to server on start up, server: {serverIp = '192.168.88.131', server main port = 8848}
16:33:15:202  INFO 4372 --- [main] com.alibaba.nacos.common.remote.client   : [56a9c8e5-2d69-4b0c-9a72-5626c926568b] Success to connect to server [192.168.88.131:8848] on start up, connectionId = 1779179592628_192.168.88.1_1063
16:33:15:202  INFO 4372 --- [main] com.alibaba.nacos.common.remote.client   : [56a9c8e5-2d69-4b0c-9a72-5626c926568b] Register server push request handler:com.alibaba.nacos.common.remote.client.RpcClient$ConnectResetRequestHandler
16:33:15:202  INFO 4372 --- [main] com.alibaba.nacos.common.remote.client   : [56a9c8e5-2d69-4b0c-9a72-5626c926568b] Register server push request handler:com.alibaba.nacos.common.remote.client.RpcClient$$Lambda$482/0x000001c65555e9a8
16:33:15:202  INFO 4372 --- [com.alibaba.nacos.client.remote.worker] com.alibaba.nacos.common.remote.client   : [56a9c8e5-2d69-4b0c-9a72-5626c926568b] Notify connected event to listeners.
16:33:15:218  INFO 4372 --- [main] o.s.b.w.embedded.tomcat.TomcatWebServer  : Tomcat started on port(s): 8082 (http) with context path ''
16:33:15:223  INFO 4372 --- [main] c.a.c.n.registry.NacosServiceRegistry    : nacos registry, DEFAULT_GROUP cart-service 26.110.20.208:8082 register finished
16:33:15:720  INFO 4372 --- [nacos-grpc-client-executor-5] com.alibaba.nacos.common.remote.client   : [56a9c8e5-2d69-4b0c-9a72-5626c926568b] Receive server push request, request = NotifySubscriberRequest, requestId = 13
16:33:15:722  INFO 4372 --- [nacos-grpc-client-executor-5] com.alibaba.nacos.common.remote.client   : [56a9c8e5-2d69-4b0c-9a72-5626c926568b] Ack server push request, request = NotifySubscriberRequest, requestId = 13
16:33:16:394  INFO 4372 --- [main] o.s.cloud.commons.util.InetUtils         : Cannot determine local hostname
16:33:16:394  INFO 4372 --- [main] d.s.w.p.DocumentationPluginsBootstrapper : Documentation plugins bootstrapped
16:33:16:397  INFO 4372 --- [main] d.s.w.p.DocumentationPluginsBootstrapper : Found 1 custom documentation plugin(s)
16:33:16:411  INFO 4372 --- [main] s.d.s.w.s.ApiListingReferenceScanner     : Scanning for api listing references
16:33:16:457  INFO 4372 --- [main] o.s.a.r.c.CachingConnectionFactory       : Attempting to connect to: [192.168.88.131:5672]
16:33:16:487  INFO 4372 --- [main] o.s.a.r.c.CachingConnectionFactory       : Created new connection: rabbitConnectionFactory#561494af:0/SimpleConnection@5435582e [delegate=amqp://hmall@192.168.88.131:5672//hmall, localPort= 1066]
16:33:16:523  INFO 4372 --- [main] com.hmall.cart.CartApplication           : Started CartApplication in 11.879 seconds (JVM running for 12.782)
16:33:16:527  INFO 4372 --- [main] c.a.c.n.refresh.NacosContextRefresher    : [Nacos Config] Listening config: dataId=cart-service, group=DEFAULT_GROUP
16:33:16:528  INFO 4372 --- [main] c.a.c.n.refresh.NacosContextRefresher    : [Nacos Config] Listening config: dataId=cart-service.yaml, group=DEFAULT_GROUP
16:33:16:529  INFO 4372 --- [main] c.a.c.n.refresh.NacosContextRefresher    : [Nacos Config] Listening config: dataId=cart-service-local.yaml, group=DEFAULT_GROUP
17:31:32:276  WARN 4372 --- [Thread-1] c.a.n.common.http.HttpClientBeanHolder   : [HttpClientBeanHolder] Start destroying common HttpClient
17:31:32:275  WARN 4372 --- [Thread-5] c.a.nacos.common.notify.NotifyCenter     : [NotifyCenter] Start destroying Publisher
17:31:32:278  WARN 4372 --- [Thread-5] c.a.nacos.common.notify.NotifyCenter     : [NotifyCenter] Destruction of the end
17:31:32:286  WARN 4372 --- [Thread-1] c.a.n.common.http.HttpClientBeanHolder   : [HttpClientBeanHolder] Destruction of the end
17:31:32:369  INFO 4372 --- [org.springframework.amqp.rabbit.RabbitListenerEndpointContainer#0-2] o.s.a.r.l.SimpleMessageListenerContainer : Waiting for workers to finish.
17:31:32:482  INFO 4372 --- [org.springframework.amqp.rabbit.RabbitListenerEndpointContainer#0-2] o.s.a.r.l.SimpleMessageListenerContainer : Successfully waited for workers to finish.
17:31:32:571  INFO 4372 --- [SpringContextShutdownHook] c.a.c.n.registry.NacosServiceRegistry    : De-registering from Nacos Server now...
17:31:32:577  INFO 4372 --- [SpringContextShutdownHook] c.a.c.n.registry.NacosServiceRegistry    : De-registration finished.
17:31:32:888  INFO 4372 --- [SpringContextShutdownHook] com.alibaba.nacos.common.remote.client   : Shutdown rpc client, set status to shutdown
17:31:32:889  INFO 4372 --- [SpringContextShutdownHook] com.alibaba.nacos.common.remote.client   : Shutdown client event executor java.util.concurrent.ScheduledThreadPoolExecutor@13a1a727[Running, pool size = 2, active threads = 2, queued tasks = 0, completed tasks = 0]
17:31:32:889  INFO 4372 --- [SpringContextShutdownHook] com.alibaba.nacos.common.remote.client   : Close current connection 1779179592628_192.168.88.1_1063
17:31:32:890  INFO 4372 --- [nacos-grpc-client-executor-757] c.a.n.c.remote.client.grpc.GrpcClient    : [1779179592628_192.168.88.1_1063]Ignore complete event,isRunning:false,isAbandon=false
17:31:32:903  INFO 4372 --- [SpringContextShutdownHook] c.a.n.c.remote.client.grpc.GrpcClient    : Shutdown grpc executor java.util.concurrent.ThreadPoolExecutor@37350c57[Running, pool size = 5, active threads = 0, queued tasks = 0, completed tasks = 758]
17:31:32:908  INFO 4372 --- [SpringContextShutdownHook] com.zaxxer.hikari.HikariDataSource       : HikariPool-1 - Shutdown initiated...
17:31:32:992  INFO 4372 --- [SpringContextShutdownHook] com.zaxxer.hikari.HikariDataSource       : HikariPool-1 - Shutdown completed.
17:31:32:998  INFO 4372 --- [SpringContextShutdownHook] o.s.a.r.l.SimpleMessageListenerContainer : Shutdown ignored - container is already stopped
17:31:33:011  INFO 4372 --- [NettyClientSelector_RMROLE_1_1] i.s.c.r.n.AbstractNettyRemotingClient    : channel inactive: [id: 0x0222a933, L:/192.168.88.1:1051 ! R:/192.168.88.131:8099]
17:31:33:011  INFO 4372 --- [NettyClientSelector_RMROLE_1_1] i.s.c.r.netty.NettyClientChannelManager  : return to pool, rm channel:[id: 0x0222a933, L:/192.168.88.1:1051 ! R:/192.168.88.131:8099]
17:31:33:012  INFO 4372 --- [NettyClientSelector_RMROLE_1_1] i.s.core.rpc.netty.NettyPoolableFactory  : channel valid false,channel:[id: 0x0222a933, L:/192.168.88.1:1051 ! R:/192.168.88.131:8099]
17:31:33:012  INFO 4372 --- [NettyClientSelector_RMROLE_1_1] i.s.core.rpc.netty.NettyPoolableFactory  : will destroy channel:[id: 0x0222a933, L:/192.168.88.1:1051 ! R:/192.168.88.131:8099]
17:31:33:012  INFO 4372 --- [NettyClientSelector_RMROLE_1_1] i.s.c.r.n.AbstractNettyRemotingClient    : ChannelHandlerContext(AbstractNettyRemotingClient$ClientHandler#0, [id: 0x0222a933, L:/192.168.88.1:1051 ! R:/192.168.88.131:8099]) will closed
17:31:33:012  INFO 4372 --- [NettyClientSelector_RMROLE_1_1] i.s.c.r.n.AbstractNettyRemotingClient    : ChannelHandlerContext(AbstractNettyRemotingClient$ClientHandler#0, [id: 0x0222a933, L:/192.168.88.1:1051 ! R:/192.168.88.131:8099]) will closed
17:34:09:615  INFO 35208 --- [main] com.hmall.cart.CartApplication           : The following 1 profile is active: "local"
17:34:10:234  INFO 35208 --- [main] o.s.cloud.context.scope.GenericScope     : BeanFactory id=0778c6e9-17e8-3d25-a107-ac4a533224a3
17:34:10:267  INFO 35208 --- [main] trationDelegate$BeanPostProcessorChecker : Bean 'io.seata.spring.boot.autoconfigure.SeataCoreAutoConfiguration' of type [io.seata.spring.boot.autoconfigure.SeataCoreAutoConfiguration] is not eligible for getting processed by all BeanPostProcessors (for example: not eligible for auto-proxying)
17:34:10:267  INFO 35208 --- [main] trationDelegate$BeanPostProcessorChecker : Bean 'springApplicationContextProvider' of type [io.seata.spring.boot.autoconfigure.provider.SpringApplicationContextProvider] is not eligible for getting processed by all BeanPostProcessors (for example: not eligible for auto-proxying)
17:34:10:268  INFO 35208 --- [main] trationDelegate$BeanPostProcessorChecker : Bean 'io.seata.spring.boot.autoconfigure.SeataAutoConfiguration' of type [io.seata.spring.boot.autoconfigure.SeataAutoConfiguration] is not eligible for getting processed by all BeanPostProcessors (for example: not eligible for auto-proxying)
17:34:10:289  INFO 35208 --- [main] trationDelegate$BeanPostProcessorChecker : Bean 'failureHandler' of type [io.seata.tm.api.DefaultFailureHandlerImpl] is not eligible for getting processed by all BeanPostProcessors (for example: not eligible for auto-proxying)
17:34:10:291  INFO 35208 --- [main] trationDelegate$BeanPostProcessorChecker : Bean 'org.springframework.cloud.commons.config.CommonsConfigAutoConfiguration' of type [org.springframework.cloud.commons.config.CommonsConfigAutoConfiguration] is not eligible for getting processed by all BeanPostProcessors (for example: not eligible for auto-proxying)
17:34:10:291  INFO 35208 --- [main] trationDelegate$BeanPostProcessorChecker : Bean 'org.springframework.cloud.client.loadbalancer.LoadBalancerDefaultMappingsProviderAutoConfiguration' of type [org.springframework.cloud.client.loadbalancer.LoadBalancerDefaultMappingsProviderAutoConfiguration] is not eligible for getting processed by all BeanPostProcessors (for example: not eligible for auto-proxying)
17:34:10:293  INFO 35208 --- [main] trationDelegate$BeanPostProcessorChecker : Bean 'loadBalancerClientsDefaultsMappingsProvider' of type [org.springframework.cloud.client.loadbalancer.LoadBalancerDefaultMappingsProviderAutoConfiguration$$Lambda$575/0x000001ca01623798] is not eligible for getting processed by all BeanPostProcessors (for example: not eligible for auto-proxying)
17:34:10:293  INFO 35208 --- [main] trationDelegate$BeanPostProcessorChecker : Bean 'defaultsBindHandlerAdvisor' of type [org.springframework.cloud.commons.config.DefaultsBindHandlerAdvisor] is not eligible for getting processed by all BeanPostProcessors (for example: not eligible for auto-proxying)
17:34:10:296  INFO 35208 --- [main] trationDelegate$BeanPostProcessorChecker : Bean 'springCloudAlibabaConfiguration' of type [io.seata.spring.boot.autoconfigure.properties.SpringCloudAlibabaConfiguration] is not eligible for getting processed by all BeanPostProcessors (for example: not eligible for auto-proxying)
17:34:10:297  INFO 35208 --- [main] trationDelegate$BeanPostProcessorChecker : Bean 'seataProperties' of type [io.seata.spring.boot.autoconfigure.properties.SeataProperties] is not eligible for getting processed by all BeanPostProcessors (for example: not eligible for auto-proxying)
17:34:10:298  INFO 35208 --- [main] i.s.s.b.a.SeataAutoConfiguration         : Automatically configure Seata
17:34:10:343  INFO 35208 --- [main] io.seata.config.ConfigurationFactory     : load Configuration from :Spring Configuration
17:34:10:347  INFO 35208 --- [main] io.seata.config.ConfigurationFactory     : load Configuration from :Spring Configuration
17:34:10:532  INFO 35208 --- [main] i.s.s.a.GlobalTransactionScanner         : Initializing Global Transaction Clients ... 
17:34:10:584  INFO 35208 --- [main] i.s.core.rpc.netty.NettyClientBootstrap  : NettyClientBootstrap has started
17:34:10:781  INFO 35208 --- [main] com.alibaba.nacos.common.remote.client   : [RpcClientFactory] create a new rpc client of 61de6b35-54a6-4b74-bd0d-a78df1d50af2
17:34:10:781  INFO 35208 --- [main] com.alibaba.nacos.common.remote.client   : [61de6b35-54a6-4b74-bd0d-a78df1d50af2] RpcClient init label, labels = {module=naming, source=sdk}
17:34:10:782  INFO 35208 --- [main] com.alibaba.nacos.common.remote.client   : [61de6b35-54a6-4b74-bd0d-a78df1d50af2] RpcClient init, ServerListFactory = com.alibaba.nacos.client.naming.core.ServerListManager
17:34:10:782  INFO 35208 --- [main] com.alibaba.nacos.common.remote.client   : [61de6b35-54a6-4b74-bd0d-a78df1d50af2] Registry connection listener to current client:com.alibaba.nacos.client.naming.remote.gprc.redo.NamingGrpcRedoService
17:34:10:782  INFO 35208 --- [main] com.alibaba.nacos.common.remote.client   : [61de6b35-54a6-4b74-bd0d-a78df1d50af2] Register server push request handler:com.alibaba.nacos.client.naming.remote.gprc.NamingPushRequestHandler
17:34:10:783  INFO 35208 --- [main] com.alibaba.nacos.common.remote.client   : [61de6b35-54a6-4b74-bd0d-a78df1d50af2] Try to connect to server on start up, server: {serverIp = '192.168.88.131', server main port = 8848}
17:34:10:900  INFO 35208 --- [main] com.alibaba.nacos.common.remote.client   : [61de6b35-54a6-4b74-bd0d-a78df1d50af2] Success to connect to server [192.168.88.131:8848] on start up, connectionId = 1779183248301_192.168.88.1_9519
17:34:10:900  INFO 35208 --- [main] com.alibaba.nacos.common.remote.client   : [61de6b35-54a6-4b74-bd0d-a78df1d50af2] Register server push request handler:com.alibaba.nacos.common.remote.client.RpcClient$ConnectResetRequestHandler
17:34:10:900  INFO 35208 --- [main] com.alibaba.nacos.common.remote.client   : [61de6b35-54a6-4b74-bd0d-a78df1d50af2] Register server push request handler:com.alibaba.nacos.common.remote.client.RpcClient$$Lambda$482/0x000001ca014f4200
17:34:10:900  INFO 35208 --- [com.alibaba.nacos.client.remote.worker] com.alibaba.nacos.common.remote.client   : [61de6b35-54a6-4b74-bd0d-a78df1d50af2] Notify connected event to listeners.
17:34:10:924  INFO 35208 --- [main] i.s.c.r.netty.NettyClientChannelManager  : will connect to 192.168.88.131:8099
17:34:10:946  INFO 35208 --- [main] i.s.core.rpc.netty.NettyPoolableFactory  : NettyPool create channel to transactionRole:TMROLE,address:192.168.88.131:8099,msg:< RegisterTMRequest{applicationId='cart-service', transactionServiceGroup='hmall'} >
17:34:11:052  WARN 35208 --- [NettyClientSelector_TMROLE_1_1] ServiceLoader$InnerEnhancedServiceLoader : Load [io.seata.serializer.hessian.HessianSerializer] class fail. com/caucho/hessian/io/AbstractHessianOutput
17:34:11:073  INFO 35208 --- [main] i.s.c.rpc.netty.TmNettyRemotingClient    : register TM success. client version:1.6.1, server version:1.5.2,channel:[id: 0x8f1aa02c, L:/192.168.88.1:9520 - R:/192.168.88.131:8099]
17:34:11:076  INFO 35208 --- [main] i.s.core.rpc.netty.NettyPoolableFactory  : register success, cost 39 ms, version:1.5.2,role:TMROLE,channel:[id: 0x8f1aa02c, L:/192.168.88.1:9520 - R:/192.168.88.131:8099]
17:34:11:077  INFO 35208 --- [main] i.s.s.a.GlobalTransactionScanner         : Transaction Manager Client is initialized. applicationId[cart-service] txServiceGroup[hmall]
17:34:11:086  INFO 35208 --- [main] io.seata.rm.datasource.AsyncWorker       : Async Commit Buffer Limit: 10000
17:34:11:087  INFO 35208 --- [main] i.s.rm.datasource.xa.ResourceManagerXA   : ResourceManagerXA init ...
17:34:11:092  INFO 35208 --- [main] i.s.core.rpc.netty.NettyClientBootstrap  : NettyClientBootstrap has started
17:34:11:092  INFO 35208 --- [main] i.s.s.a.GlobalTransactionScanner         : Resource Manager is initialized. applicationId[cart-service] txServiceGroup[hmall]
17:34:11:092  INFO 35208 --- [main] i.s.s.a.GlobalTransactionScanner         : Global Transaction Clients are initialized. 
17:34:11:290  INFO 35208 --- [main] trationDelegate$BeanPostProcessorChecker : Bean 'com.alibaba.cloud.seata.feign.SeataFeignClientAutoConfiguration$FeignBeanPostProcessorConfiguration' of type [com.alibaba.cloud.seata.feign.SeataFeignClientAutoConfiguration$FeignBeanPostProcessorConfiguration] is not eligible for getting processed by all BeanPostProcessors (for example: not eligible for auto-proxying)
17:34:11:292  INFO 35208 --- [main] trationDelegate$BeanPostProcessorChecker : Bean 'seataFeignObjectWrapper' of type [com.alibaba.cloud.seata.feign.SeataFeignObjectWrapper] is not eligible for getting processed by all BeanPostProcessors (for example: not eligible for auto-proxying)
17:34:11:469  INFO 35208 --- [main] o.s.b.w.embedded.tomcat.TomcatWebServer  : Tomcat initialized with port(s): 8082 (http)
17:34:11:475  INFO 35208 --- [main] o.apache.catalina.core.StandardService   : Starting service [Tomcat]
17:34:11:475  INFO 35208 --- [main] org.apache.catalina.core.StandardEngine  : Starting Servlet engine: [Apache Tomcat/9.0.75]
17:34:11:516  INFO 35208 --- [nacos-grpc-client-executor-5] com.alibaba.nacos.common.remote.client   : [61de6b35-54a6-4b74-bd0d-a78df1d50af2] Receive server push request, request = NotifySubscriberRequest, requestId = 47
17:34:11:517  INFO 35208 --- [nacos-grpc-client-executor-5] com.alibaba.nacos.common.remote.client   : [61de6b35-54a6-4b74-bd0d-a78df1d50af2] Ack server push request, request = NotifySubscriberRequest, requestId = 47
17:34:11:589  INFO 35208 --- [main] o.a.c.c.C.[Tomcat].[localhost].[/]       : Initializing Spring embedded WebApplicationContext
17:34:11:589  INFO 35208 --- [main] w.s.c.ServletWebServerApplicationContext : Root WebApplicationContext: initialization completed in 1964 ms
17:34:11:786  INFO 35208 --- [main] o.s.c.openfeign.FeignClientFactoryBean   : For 'item-service' URL not provided. Will try picking an instance via load-balancing.
17:34:12:003  INFO 35208 --- [main] com.zaxxer.hikari.HikariDataSource       : HikariPool-1 - Starting...
17:34:12:156  INFO 35208 --- [main] com.zaxxer.hikari.HikariDataSource       : HikariPool-1 - Start completed.
17:34:12:236  INFO 35208 --- [main] i.s.c.r.netty.NettyClientChannelManager  : will connect to 192.168.88.131:8099
17:34:12:236  INFO 35208 --- [main] i.s.c.rpc.netty.RmNettyRemotingClient    : RM will register :jdbc:mysql://192.168.88.131:3307/hm-cart
17:34:12:236  INFO 35208 --- [main] i.s.core.rpc.netty.NettyPoolableFactory  : NettyPool create channel to transactionRole:RMROLE,address:192.168.88.131:8099,msg:< RegisterRMRequest{resourceIds='jdbc:mysql://192.168.88.131:3307/hm-cart', applicationId='cart-service', transactionServiceGroup='hmall'} >
17:34:12:249  INFO 35208 --- [main] i.s.c.rpc.netty.RmNettyRemotingClient    : register RM success. client version:1.6.1, server version:1.5.2,channel:[id: 0x74edf6bd, L:/192.168.88.1:9522 - R:/192.168.88.131:8099]
17:34:12:249  INFO 35208 --- [main] i.s.core.rpc.netty.NettyPoolableFactory  : register success, cost 11 ms, version:1.5.2,role:RMROLE,channel:[id: 0x74edf6bd, L:/192.168.88.1:9522 - R:/192.168.88.131:8099]
17:34:12:547  INFO 35208 --- [main] c.a.c.sentinel.SentinelWebMvcConfigurer  : [Sentinel Starter] register SentinelWebInterceptor with urlPatterns: [/**].
17:34:13:999  INFO 35208 --- [main] o.s.cloud.commons.util.InetUtils         : Cannot determine local hostname
17:34:14:036  INFO 35208 --- [main] pertySourcedRequestMappingHandlerMapping : Mapped URL path [/v2/api-docs] onto method [springfox.documentation.swagger2.web.Swagger2ControllerWebMvc#getDocumentation(String, HttpServletRequest)]
17:34:15:416  INFO 35208 --- [main] o.s.cloud.commons.util.InetUtils         : Cannot determine local hostname
17:34:15:521  INFO 35208 --- [main] com.alibaba.nacos.common.remote.client   : [RpcClientFactory] create a new rpc client of a14db962-668e-4eaa-883c-604a8001bd5f
17:34:15:521  INFO 35208 --- [main] com.alibaba.nacos.common.remote.client   : [a14db962-668e-4eaa-883c-604a8001bd5f] RpcClient init label, labels = {module=naming, source=sdk}
17:34:15:521  INFO 35208 --- [main] com.alibaba.nacos.common.remote.client   : [a14db962-668e-4eaa-883c-604a8001bd5f] RpcClient init, ServerListFactory = com.alibaba.nacos.client.naming.core.ServerListManager
17:34:15:521  INFO 35208 --- [main] com.alibaba.nacos.common.remote.client   : [a14db962-668e-4eaa-883c-604a8001bd5f] Registry connection listener to current client:com.alibaba.nacos.client.naming.remote.gprc.redo.NamingGrpcRedoService
17:34:15:521  INFO 35208 --- [main] com.alibaba.nacos.common.remote.client   : [a14db962-668e-4eaa-883c-604a8001bd5f] Register server push request handler:com.alibaba.nacos.client.naming.remote.gprc.NamingPushRequestHandler
17:34:15:522  INFO 35208 --- [main] com.alibaba.nacos.common.remote.client   : [a14db962-668e-4eaa-883c-604a8001bd5f] Try to connect to server on start up, server: {serverIp = '192.168.88.131', server main port = 8848}
17:34:15:641  INFO 35208 --- [main] com.alibaba.nacos.common.remote.client   : [a14db962-668e-4eaa-883c-604a8001bd5f] Success to connect to server [192.168.88.131:8848] on start up, connectionId = 1779183253041_192.168.88.1_9532
17:34:15:641  INFO 35208 --- [main] com.alibaba.nacos.common.remote.client   : [a14db962-668e-4eaa-883c-604a8001bd5f] Register server push request handler:com.alibaba.nacos.common.remote.client.RpcClient$ConnectResetRequestHandler
17:34:15:641  INFO 35208 --- [main] com.alibaba.nacos.common.remote.client   : [a14db962-668e-4eaa-883c-604a8001bd5f] Register server push request handler:com.alibaba.nacos.common.remote.client.RpcClient$$Lambda$482/0x000001ca014f4200
17:34:15:641  INFO 35208 --- [com.alibaba.nacos.client.remote.worker] com.alibaba.nacos.common.remote.client   : [a14db962-668e-4eaa-883c-604a8001bd5f] Notify connected event to listeners.
17:34:15:657  INFO 35208 --- [main] o.s.b.w.embedded.tomcat.TomcatWebServer  : Tomcat started on port(s): 8082 (http) with context path ''
17:34:15:664  INFO 35208 --- [main] c.a.c.n.registry.NacosServiceRegistry    : nacos registry, DEFAULT_GROUP cart-service 26.110.20.208:8082 register finished
17:34:16:221  INFO 35208 --- [nacos-grpc-client-executor-6] com.alibaba.nacos.common.remote.client   : [a14db962-668e-4eaa-883c-604a8001bd5f] Receive server push request, request = NotifySubscriberRequest, requestId = 48
17:34:16:222  INFO 35208 --- [nacos-grpc-client-executor-6] com.alibaba.nacos.common.remote.client   : [a14db962-668e-4eaa-883c-604a8001bd5f] Ack server push request, request = NotifySubscriberRequest, requestId = 48
17:34:16:889  INFO 35208 --- [main] o.s.cloud.commons.util.InetUtils         : Cannot determine local hostname
17:34:16:889  INFO 35208 --- [main] d.s.w.p.DocumentationPluginsBootstrapper : Documentation plugins bootstrapped
17:34:16:891  INFO 35208 --- [main] d.s.w.p.DocumentationPluginsBootstrapper : Found 1 custom documentation plugin(s)
17:34:16:904  INFO 35208 --- [main] s.d.s.w.s.ApiListingReferenceScanner     : Scanning for api listing references
17:34:16:951  INFO 35208 --- [main] o.s.a.r.c.CachingConnectionFactory       : Attempting to connect to: [192.168.88.131:5672]
17:34:16:981  INFO 35208 --- [main] o.s.a.r.c.CachingConnectionFactory       : Created new connection: rabbitConnectionFactory#2048255a:0/SimpleConnection@6722f81a [delegate=amqp://hmall@192.168.88.131:5672//hmall, localPort= 9535]
17:34:17:015  INFO 35208 --- [main] com.hmall.cart.CartApplication           : Started CartApplication in 11.449 seconds (JVM running for 12.214)
17:34:17:018  INFO 35208 --- [main] c.a.c.n.refresh.NacosContextRefresher    : [Nacos Config] Listening config: dataId=cart-service, group=DEFAULT_GROUP
17:34:17:019  INFO 35208 --- [main] c.a.c.n.refresh.NacosContextRefresher    : [Nacos Config] Listening config: dataId=cart-service.yaml, group=DEFAULT_GROUP
17:34:17:020  INFO 35208 --- [main] c.a.c.n.refresh.NacosContextRefresher    : [Nacos Config] Listening config: dataId=cart-service-local.yaml, group=DEFAULT_GROUP
17:34:39:522  INFO 35208 --- [http-nio-8082-exec-1] o.a.c.c.C.[Tomcat].[localhost].[/]       : Initializing Spring DispatcherServlet 'dispatcherServlet'
17:34:39:522  INFO 35208 --- [http-nio-8082-exec-1] o.s.web.servlet.DispatcherServlet        : Initializing Servlet 'dispatcherServlet'
17:34:39:524  INFO 35208 --- [http-nio-8082-exec-1] o.s.web.servlet.DispatcherServlet        : Completed initialization in 2 ms
17:34:39:803 DEBUG 35208 --- [http-nio-8082-exec-1] c.h.cart.mapper.CartMapper.selectList    : ==>  Preparing: SELECT id,user_id,item_id,num,name,spec,price,image,create_time,update_time FROM cart WHERE (user_id = ?)
17:34:39:815 DEBUG 35208 --- [http-nio-8082-exec-1] c.h.cart.mapper.CartMapper.selectList    : ==> Parameters: 1(Long)
17:34:39:885 DEBUG 35208 --- [http-nio-8082-exec-1] c.h.cart.mapper.CartMapper.selectList    : <==      Total: 2
17:34:40:595  INFO 35208 --- [nacos-grpc-client-executor-12] com.alibaba.nacos.common.remote.client   : [a14db962-668e-4eaa-883c-604a8001bd5f] Receive server push request, request = NotifySubscriberRequest, requestId = 51
17:34:40:596  INFO 35208 --- [nacos-grpc-client-executor-12] com.alibaba.nacos.common.remote.client   : [a14db962-668e-4eaa-883c-604a8001bd5f] Ack server push request, request = NotifySubscriberRequest, requestId = 51
17:34:44:153 DEBUG 35208 --- [http-nio-8082-exec-3] c.h.cart.mapper.CartMapper.selectList    : ==>  Preparing: SELECT id,user_id,item_id,num,name,spec,price,image,create_time,update_time FROM cart WHERE (user_id = ?)
17:34:44:154 DEBUG 35208 --- [http-nio-8082-exec-3] c.h.cart.mapper.CartMapper.selectList    : ==> Parameters: 1(Long)
17:34:44:157 DEBUG 35208 --- [http-nio-8082-exec-3] c.h.cart.mapper.CartMapper.selectList    : <==      Total: 2
17:36:04:933 DEBUG 35208 --- [http-nio-8082-exec-4] c.h.cart.mapper.CartMapper.selectList    : ==>  Preparing: SELECT id,user_id,item_id,num,name,spec,price,image,create_time,update_time FROM cart WHERE (user_id = ?)
17:36:04:933 DEBUG 35208 --- [http-nio-8082-exec-4] c.h.cart.mapper.CartMapper.selectList    : ==> Parameters: 1(Long)
17:36:04:937 DEBUG 35208 --- [http-nio-8082-exec-4] c.h.cart.mapper.CartMapper.selectList    : <==      Total: 2
17:48:40:020 DEBUG 35208 --- [http-nio-8082-exec-6] c.h.cart.mapper.CartMapper.selectList    : ==>  Preparing: SELECT id,user_id,item_id,num,name,spec,price,image,create_time,update_time FROM cart WHERE (user_id = ?)
17:48:40:026 DEBUG 35208 --- [http-nio-8082-exec-6] c.h.cart.mapper.CartMapper.selectList    : ==> Parameters: 1(Long)
17:48:40:052 DEBUG 35208 --- [http-nio-8082-exec-6] c.h.cart.mapper.CartMapper.selectList    : <==      Total: 2
19:52:03:266  WARN 35208 --- [Thread-1] c.a.n.common.http.HttpClientBeanHolder   : [HttpClientBeanHolder] Start destroying common HttpClient
19:52:03:266  WARN 35208 --- [Thread-5] c.a.nacos.common.notify.NotifyCenter     : [NotifyCenter] Start destroying Publisher
19:52:03:269  WARN 35208 --- [Thread-5] c.a.nacos.common.notify.NotifyCenter     : [NotifyCenter] Destruction of the end
19:52:03:276  WARN 35208 --- [Thread-1] c.a.n.common.http.HttpClientBeanHolder   : [HttpClientBeanHolder] Destruction of the end
19:52:03:351  INFO 35208 --- [org.springframework.amqp.rabbit.RabbitListenerEndpointContainer#0-2] o.s.a.r.l.SimpleMessageListenerContainer : Waiting for workers to finish.
19:52:04:262  INFO 35208 --- [org.springframework.amqp.rabbit.RabbitListenerEndpointContainer#0-2] o.s.a.r.l.SimpleMessageListenerContainer : Successfully waited for workers to finish.
19:52:04:352  INFO 35208 --- [SpringContextShutdownHook] c.a.c.n.registry.NacosServiceRegistry    : De-registering from Nacos Server now...
19:52:04:371  INFO 35208 --- [SpringContextShutdownHook] c.a.c.n.registry.NacosServiceRegistry    : De-registration finished.
19:52:04:682  INFO 35208 --- [SpringContextShutdownHook] com.alibaba.nacos.common.remote.client   : Shutdown rpc client, set status to shutdown
19:52:04:682  INFO 35208 --- [SpringContextShutdownHook] com.alibaba.nacos.common.remote.client   : Shutdown client event executor java.util.concurrent.ScheduledThreadPoolExecutor@12e6dd70[Running, pool size = 2, active threads = 2, queued tasks = 0, completed tasks = 0]
19:52:04:682  INFO 35208 --- [SpringContextShutdownHook] com.alibaba.nacos.common.remote.client   : Close current connection 1779183253041_192.168.88.1_9532
19:52:04:684  INFO 35208 --- [nacos-grpc-client-executor-1707] c.a.n.c.remote.client.grpc.GrpcClient    : [1779183253041_192.168.88.1_9532]Ignore complete event,isRunning:false,isAbandon=false
19:52:04:688  INFO 35208 --- [SpringContextShutdownHook] c.a.n.c.remote.client.grpc.GrpcClient    : Shutdown grpc executor java.util.concurrent.ThreadPoolExecutor@2d6f32da[Running, pool size = 5, active threads = 0, queued tasks = 0, completed tasks = 1708]
19:52:04:692  INFO 35208 --- [SpringContextShutdownHook] com.zaxxer.hikari.HikariDataSource       : HikariPool-1 - Shutdown initiated...
19:52:05:200  INFO 35208 --- [SpringContextShutdownHook] com.zaxxer.hikari.HikariDataSource       : HikariPool-1 - Shutdown completed.
19:52:05:204  INFO 35208 --- [SpringContextShutdownHook] o.s.a.r.l.SimpleMessageListenerContainer : Shutdown ignored - container is already stopped
19:52:05:211  INFO 35208 --- [NettyClientSelector_RMROLE_1_1] i.s.c.r.n.AbstractNettyRemotingClient    : channel inactive: [id: 0x74edf6bd, L:/192.168.88.1:9522 ! R:/192.168.88.131:8099]
19:52:05:211  INFO 35208 --- [NettyClientSelector_RMROLE_1_1] i.s.c.r.netty.NettyClientChannelManager  : return to pool, rm channel:[id: 0x74edf6bd, L:/192.168.88.1:9522 ! R:/192.168.88.131:8099]
19:52:05:212  INFO 35208 --- [NettyClientSelector_RMROLE_1_1] i.s.core.rpc.netty.NettyPoolableFactory  : channel valid false,channel:[id: 0x74edf6bd, L:/192.168.88.1:9522 ! R:/192.168.88.131:8099]
19:52:05:212  INFO 35208 --- [NettyClientSelector_RMROLE_1_1] i.s.core.rpc.netty.NettyPoolableFactory  : will destroy channel:[id: 0x74edf6bd, L:/192.168.88.1:9522 ! R:/192.168.88.131:8099]
19:52:05:212  INFO 35208 --- [NettyClientSelector_RMROLE_1_1] i.s.c.r.n.AbstractNettyRemotingClient    : ChannelHandlerContext(AbstractNettyRemotingClient$ClientHandler#0, [id: 0x74edf6bd, L:/192.168.88.1:9522 ! R:/192.168.88.131:8099]) will closed
19:52:05:212  INFO 35208 --- [NettyClientSelector_RMROLE_1_1] i.s.c.r.n.AbstractNettyRemotingClient    : ChannelHandlerContext(AbstractNettyRemotingClient$ClientHandler#0, [id: 0x74edf6bd, L:/192.168.88.1:9522 ! R:/192.168.88.131:8099]) will closed
