16:25:00:659  INFO 37636 --- [main] com.hmall.trade.TradeApplication         : The following 1 profile is active: "local"
16:25:01:430  INFO 37636 --- [main] o.s.cloud.context.scope.GenericScope     : BeanFactory id=118f8c0d-e472-379e-9523-88c0dd57894b
16:25:01:487  INFO 37636 --- [main] trationDelegate$BeanPostProcessorChecker : Bean 'io.seata.spring.boot.autoconfigure.SeataCoreAutoConfiguration' of type [io.seata.spring.boot.autoconfigure.SeataCoreAutoConfiguration] is not eligible for getting processed by all BeanPostProcessors (for example: not eligible for auto-proxying)
16:25:01:487  INFO 37636 --- [main] trationDelegate$BeanPostProcessorChecker : Bean 'springApplicationContextProvider' of type [io.seata.spring.boot.autoconfigure.provider.SpringApplicationContextProvider] is not eligible for getting processed by all BeanPostProcessors (for example: not eligible for auto-proxying)
16:25:01:487  INFO 37636 --- [main] trationDelegate$BeanPostProcessorChecker : Bean 'io.seata.spring.boot.autoconfigure.SeataAutoConfiguration' of type [io.seata.spring.boot.autoconfigure.SeataAutoConfiguration] is not eligible for getting processed by all BeanPostProcessors (for example: not eligible for auto-proxying)
16:25:01:526  INFO 37636 --- [main] trationDelegate$BeanPostProcessorChecker : Bean 'failureHandler' of type [io.seata.tm.api.DefaultFailureHandlerImpl] is not eligible for getting processed by all BeanPostProcessors (for example: not eligible for auto-proxying)
16:25:01:529  INFO 37636 --- [main] trationDelegate$BeanPostProcessorChecker : Bean 'org.springframework.cloud.commons.config.CommonsConfigAutoConfiguration' of type [org.springframework.cloud.commons.config.CommonsConfigAutoConfiguration] is not eligible for getting processed by all BeanPostProcessors (for example: not eligible for auto-proxying)
16:25:01:530  INFO 37636 --- [main] trationDelegate$BeanPostProcessorChecker : Bean 'org.springframework.cloud.client.loadbalancer.LoadBalancerDefaultMappingsProviderAutoConfiguration' of type [org.springframework.cloud.client.loadbalancer.LoadBalancerDefaultMappingsProviderAutoConfiguration] is not eligible for getting processed by all BeanPostProcessors (for example: not eligible for auto-proxying)
16:25:01:531  INFO 37636 --- [main] trationDelegate$BeanPostProcessorChecker : Bean 'loadBalancerClientsDefaultsMappingsProvider' of type [org.springframework.cloud.client.loadbalancer.LoadBalancerDefaultMappingsProviderAutoConfiguration$$Lambda$579/0x0000019181670fb0] is not eligible for getting processed by all BeanPostProcessors (for example: not eligible for auto-proxying)
16:25:01:532  INFO 37636 --- [main] trationDelegate$BeanPostProcessorChecker : Bean 'defaultsBindHandlerAdvisor' of type [org.springframework.cloud.commons.config.DefaultsBindHandlerAdvisor] is not eligible for getting processed by all BeanPostProcessors (for example: not eligible for auto-proxying)
16:25:01:534  INFO 37636 --- [main] trationDelegate$BeanPostProcessorChecker : Bean 'springCloudAlibabaConfiguration' of type [io.seata.spring.boot.autoconfigure.properties.SpringCloudAlibabaConfiguration] is not eligible for getting processed by all BeanPostProcessors (for example: not eligible for auto-proxying)
16:25:01:536  INFO 37636 --- [main] trationDelegate$BeanPostProcessorChecker : Bean 'seataProperties' of type [io.seata.spring.boot.autoconfigure.properties.SeataProperties] is not eligible for getting processed by all BeanPostProcessors (for example: not eligible for auto-proxying)
16:25:01:537  INFO 37636 --- [main] i.s.s.b.a.SeataAutoConfiguration         : Automatically configure Seata
16:25:01:590  INFO 37636 --- [main] io.seata.config.ConfigurationFactory     : load Configuration from :Spring Configuration
16:25:01:595  INFO 37636 --- [main] io.seata.config.ConfigurationFactory     : load Configuration from :Spring Configuration
16:25:01:611  WARN 37636 --- [main] ConfigServletWebServerApplicationContext : Exception encountered during context initialization - cancelling refresh attempt: org.springframework.beans.factory.BeanCreationException: Error creating bean with name 'globalTransactionScanner' defined in class path resource [io/seata/spring/boot/autoconfigure/SeataAutoConfiguration.class]: Bean instantiation via factory method failed; nested exception is org.springframework.beans.BeanInstantiationException: Failed to instantiate [io.seata.spring.annotation.GlobalTransactionScanner]: Factory method 'globalTransactionScanner' threw exception; nested exception is java.lang.ExceptionInInitializerError
16:25:01:618  INFO 37636 --- [main] ConditionEvaluationReportLoggingListener : 

Error starting ApplicationContext. To display the conditions report re-run your application with 'debug' enabled.
16:25:01:646 ERROR 37636 --- [main] o.s.boot.SpringApplication               : Application run failed

org.springframework.beans.factory.BeanCreationException: Error creating bean with name 'globalTransactionScanner' defined in class path resource [io/seata/spring/boot/autoconfigure/SeataAutoConfiguration.class]: Bean instantiation via factory method failed; nested exception is org.springframework.beans.BeanInstantiationException: Failed to instantiate [io.seata.spring.annotation.GlobalTransactionScanner]: Factory method 'globalTransactionScanner' threw exception; nested exception is java.lang.ExceptionInInitializerError
	at org.springframework.beans.factory.support.ConstructorResolver.instantiate(ConstructorResolver.java:658) ~[spring-beans-5.3.27.jar:5.3.27]
	at org.springframework.beans.factory.support.ConstructorResolver.instantiateUsingFactoryMethod(ConstructorResolver.java:638) ~[spring-beans-5.3.27.jar:5.3.27]
	at org.springframework.beans.factory.support.AbstractAutowireCapableBeanFactory.instantiateUsingFactoryMethod(AbstractAutowireCapableBeanFactory.java:1352) ~[spring-beans-5.3.27.jar:5.3.27]
	at org.springframework.beans.factory.support.AbstractAutowireCapableBeanFactory.createBeanInstance(AbstractAutowireCapableBeanFactory.java:1195) ~[spring-beans-5.3.27.jar:5.3.27]
	at org.springframework.beans.factory.support.AbstractAutowireCapableBeanFactory.doCreateBean(AbstractAutowireCapableBeanFactory.java:582) ~[spring-beans-5.3.27.jar:5.3.27]
	at org.springframework.beans.factory.support.AbstractAutowireCapableBeanFactory.createBean(AbstractAutowireCapableBeanFactory.java:542) ~[spring-beans-5.3.27.jar:5.3.27]
	at org.springframework.beans.factory.support.AbstractBeanFactory.lambda$doGetBean$0(AbstractBeanFactory.java:335) ~[spring-beans-5.3.27.jar:5.3.27]
	at org.springframework.beans.factory.support.DefaultSingletonBeanRegistry.getSingleton(DefaultSingletonBeanRegistry.java:234) ~[spring-beans-5.3.27.jar:5.3.27]
	at org.springframework.beans.factory.support.AbstractBeanFactory.doGetBean(AbstractBeanFactory.java:333) ~[spring-beans-5.3.27.jar:5.3.27]
	at org.springframework.beans.factory.support.AbstractBeanFactory.getBean(AbstractBeanFactory.java:213) ~[spring-beans-5.3.27.jar:5.3.27]
	at org.springframework.context.support.PostProcessorRegistrationDelegate.registerBeanPostProcessors(PostProcessorRegistrationDelegate.java:258) ~[spring-context-5.3.27.jar:5.3.27]
	at org.springframework.context.support.AbstractApplicationContext.registerBeanPostProcessors(AbstractApplicationContext.java:764) ~[spring-context-5.3.27.jar:5.3.27]
	at org.springframework.context.support.AbstractApplicationContext.refresh(AbstractApplicationContext.java:567) ~[spring-context-5.3.27.jar:5.3.27]
	at org.springframework.boot.web.servlet.context.ServletWebServerApplicationContext.refresh(ServletWebServerApplicationContext.java:147) ~[spring-boot-2.7.12.jar:2.7.12]
	at org.springframework.boot.SpringApplication.refresh(SpringApplication.java:731) ~[spring-boot-2.7.12.jar:2.7.12]
	at org.springframework.boot.SpringApplication.refreshContext(SpringApplication.java:408) ~[spring-boot-2.7.12.jar:2.7.12]
	at org.springframework.boot.SpringApplication.run(SpringApplication.java:307) ~[spring-boot-2.7.12.jar:2.7.12]
	at org.springframework.boot.SpringApplication.run(SpringApplication.java:1303) ~[spring-boot-2.7.12.jar:2.7.12]
	at org.springframework.boot.SpringApplication.run(SpringApplication.java:1292) ~[spring-boot-2.7.12.jar:2.7.12]
	at com.hmall.trade.TradeApplication.main(TradeApplication.java:17) ~[classes/:na]
Caused by: org.springframework.beans.BeanInstantiationException: Failed to instantiate [io.seata.spring.annotation.GlobalTransactionScanner]: Factory method 'globalTransactionScanner' threw exception; nested exception is java.lang.ExceptionInInitializerError
	at org.springframework.beans.factory.support.SimpleInstantiationStrategy.instantiate(SimpleInstantiationStrategy.java:185) ~[spring-beans-5.3.27.jar:5.3.27]
	at org.springframework.beans.factory.support.ConstructorResolver.instantiate(ConstructorResolver.java:653) ~[spring-beans-5.3.27.jar:5.3.27]
	... 19 common frames omitted
Caused by: java.lang.ExceptionInInitializerError: null
	at net.sf.cglib.core.KeyFactory$Generator.generateClass(KeyFactory.java:166) ~[cglib-3.1.jar:na]
	at net.sf.cglib.core.DefaultGeneratorStrategy.generate(DefaultGeneratorStrategy.java:25) ~[cglib-3.1.jar:na]
	at net.sf.cglib.core.AbstractClassGenerator.create(AbstractClassGenerator.java:216) ~[cglib-3.1.jar:na]
	at net.sf.cglib.core.KeyFactory$Generator.create(KeyFactory.java:144) ~[cglib-3.1.jar:na]
	at net.sf.cglib.core.KeyFactory.create(KeyFactory.java:116) ~[cglib-3.1.jar:na]
	at net.sf.cglib.core.KeyFactory.create(KeyFactory.java:108) ~[cglib-3.1.jar:na]
	at net.sf.cglib.core.KeyFactory.create(KeyFactory.java:104) ~[cglib-3.1.jar:na]
	at net.sf.cglib.proxy.Enhancer.<clinit>(Enhancer.java:69) ~[cglib-3.1.jar:na]
	at io.seata.config.ConfigurationCache.proxy(ConfigurationCache.java:104) ~[seata-all-1.5.2.jar:1.5.2]
	at io.seata.config.ConfigurationFactory.buildConfiguration(ConfigurationFactory.java:136) ~[seata-all-1.5.2.jar:1.5.2]
	at io.seata.config.ConfigurationFactory.getInstance(ConfigurationFactory.java:94) ~[seata-all-1.5.2.jar:1.5.2]
	at io.seata.spring.annotation.GlobalTransactionScanner.<init>(GlobalTransactionScanner.java:105) ~[seata-all-1.5.2.jar:1.5.2]
	at io.seata.spring.annotation.GlobalTransactionScanner.<init>(GlobalTransactionScanner.java:162) ~[seata-all-1.5.2.jar:1.5.2]
	at io.seata.spring.boot.autoconfigure.SeataAutoConfiguration.globalTransactionScanner(SeataAutoConfiguration.java:83) ~[seata-spring-boot-starter-1.5.2.jar:1.5.2]
	at java.base/jdk.internal.reflect.NativeMethodAccessorImpl.invoke0(Native Method) ~[na:na]
	at java.base/jdk.internal.reflect.NativeMethodAccessorImpl.invoke(NativeMethodAccessorImpl.java:77) ~[na:na]
	at java.base/jdk.internal.reflect.DelegatingMethodAccessorImpl.invoke(DelegatingMethodAccessorImpl.java:43) ~[na:na]
	at java.base/java.lang.reflect.Method.invoke(Method.java:568) ~[na:na]
	at org.springframework.beans.factory.support.SimpleInstantiationStrategy.instantiate(SimpleInstantiationStrategy.java:154) ~[spring-beans-5.3.27.jar:5.3.27]
	... 20 common frames omitted
Caused by: java.lang.reflect.InaccessibleObjectException: Unable to make protected final java.lang.Class java.lang.ClassLoader.defineClass(java.lang.String,byte[],int,int,java.security.ProtectionDomain) throws java.lang.ClassFormatError accessible: module java.base does not "opens java.lang" to unnamed module @7291c18f
	at java.base/java.lang.reflect.AccessibleObject.checkCanSetAccessible(AccessibleObject.java:354) ~[na:na]
	at java.base/java.lang.reflect.AccessibleObject.checkCanSetAccessible(AccessibleObject.java:297) ~[na:na]
	at java.base/java.lang.reflect.Method.checkCanSetAccessible(Method.java:199) ~[na:na]
	at java.base/java.lang.reflect.Method.setAccessible(Method.java:193) ~[na:na]
	at net.sf.cglib.core.ReflectUtils$2.run(ReflectUtils.java:56) ~[cglib-3.1.jar:na]
	at java.base/java.security.AccessController.doPrivileged(AccessController.java:318) ~[na:na]
	at net.sf.cglib.core.ReflectUtils.<clinit>(ReflectUtils.java:46) ~[cglib-3.1.jar:na]
	... 39 common frames omitted

16:25:01:648  WARN 37636 --- [Thread-5] c.a.nacos.common.notify.NotifyCenter     : [NotifyCenter] Start destroying Publisher
16:25:01:648  WARN 37636 --- [Thread-5] c.a.nacos.common.notify.NotifyCenter     : [NotifyCenter] Destruction of the end
16:25:01:648  WARN 37636 --- [Thread-1] c.a.n.common.http.HttpClientBeanHolder   : [HttpClientBeanHolder] Start destroying common HttpClient
16:25:01:648  WARN 37636 --- [Thread-1] c.a.n.common.http.HttpClientBeanHolder   : [HttpClientBeanHolder] Destruction of the end
16:28:48:455  INFO 5320 --- [main] com.hmall.trade.TradeApplication         : The following 1 profile is active: "local"
16:28:49:076  INFO 5320 --- [main] o.s.cloud.context.scope.GenericScope     : BeanFactory id=118f8c0d-e472-379e-9523-88c0dd57894b
16:28:49:124  INFO 5320 --- [main] trationDelegate$BeanPostProcessorChecker : Bean 'io.seata.spring.boot.autoconfigure.SeataCoreAutoConfiguration' of type [io.seata.spring.boot.autoconfigure.SeataCoreAutoConfiguration] is not eligible for getting processed by all BeanPostProcessors (for example: not eligible for auto-proxying)
16:28:49:124  INFO 5320 --- [main] trationDelegate$BeanPostProcessorChecker : Bean 'springApplicationContextProvider' of type [io.seata.spring.boot.autoconfigure.provider.SpringApplicationContextProvider] is not eligible for getting processed by all BeanPostProcessors (for example: not eligible for auto-proxying)
16:28:49:124  INFO 5320 --- [main] trationDelegate$BeanPostProcessorChecker : Bean 'io.seata.spring.boot.autoconfigure.SeataAutoConfiguration' of type [io.seata.spring.boot.autoconfigure.SeataAutoConfiguration] is not eligible for getting processed by all BeanPostProcessors (for example: not eligible for auto-proxying)
16:28:49:157  INFO 5320 --- [main] trationDelegate$BeanPostProcessorChecker : Bean 'failureHandler' of type [io.seata.tm.api.DefaultFailureHandlerImpl] is not eligible for getting processed by all BeanPostProcessors (for example: not eligible for auto-proxying)
16:28:49:159  INFO 5320 --- [main] trationDelegate$BeanPostProcessorChecker : Bean 'org.springframework.cloud.commons.config.CommonsConfigAutoConfiguration' of type [org.springframework.cloud.commons.config.CommonsConfigAutoConfiguration] is not eligible for getting processed by all BeanPostProcessors (for example: not eligible for auto-proxying)
16:28:49:159  INFO 5320 --- [main] trationDelegate$BeanPostProcessorChecker : Bean 'org.springframework.cloud.client.loadbalancer.LoadBalancerDefaultMappingsProviderAutoConfiguration' of type [org.springframework.cloud.client.loadbalancer.LoadBalancerDefaultMappingsProviderAutoConfiguration] is not eligible for getting processed by all BeanPostProcessors (for example: not eligible for auto-proxying)
16:28:49:160  INFO 5320 --- [main] trationDelegate$BeanPostProcessorChecker : Bean 'loadBalancerClientsDefaultsMappingsProvider' of type [org.springframework.cloud.client.loadbalancer.LoadBalancerDefaultMappingsProviderAutoConfiguration$$Lambda$579/0x0000025286672ab8] is not eligible for getting processed by all BeanPostProcessors (for example: not eligible for auto-proxying)
16:28:49:160  INFO 5320 --- [main] trationDelegate$BeanPostProcessorChecker : Bean 'defaultsBindHandlerAdvisor' of type [org.springframework.cloud.commons.config.DefaultsBindHandlerAdvisor] is not eligible for getting processed by all BeanPostProcessors (for example: not eligible for auto-proxying)
16:28:49:162  INFO 5320 --- [main] trationDelegate$BeanPostProcessorChecker : Bean 'springCloudAlibabaConfiguration' of type [io.seata.spring.boot.autoconfigure.properties.SpringCloudAlibabaConfiguration] is not eligible for getting processed by all BeanPostProcessors (for example: not eligible for auto-proxying)
16:28:49:165  INFO 5320 --- [main] trationDelegate$BeanPostProcessorChecker : Bean 'seataProperties' of type [io.seata.spring.boot.autoconfigure.properties.SeataProperties] is not eligible for getting processed by all BeanPostProcessors (for example: not eligible for auto-proxying)
16:28:49:166  INFO 5320 --- [main] i.s.s.b.a.SeataAutoConfiguration         : Automatically configure Seata
16:28:49:206  INFO 5320 --- [main] io.seata.config.ConfigurationFactory     : load Configuration from :Spring Configuration
16:28:49:209  INFO 5320 --- [main] io.seata.config.ConfigurationFactory     : load Configuration from :Spring Configuration
16:28:49:227  WARN 5320 --- [main] ConfigServletWebServerApplicationContext : Exception encountered during context initialization - cancelling refresh attempt: org.springframework.beans.factory.BeanCreationException: Error creating bean with name 'globalTransactionScanner' defined in class path resource [io/seata/spring/boot/autoconfigure/SeataAutoConfiguration.class]: Bean instantiation via factory method failed; nested exception is org.springframework.beans.BeanInstantiationException: Failed to instantiate [io.seata.spring.annotation.GlobalTransactionScanner]: Factory method 'globalTransactionScanner' threw exception; nested exception is java.lang.ExceptionInInitializerError
16:28:49:233  INFO 5320 --- [main] ConditionEvaluationReportLoggingListener : 

Error starting ApplicationContext. To display the conditions report re-run your application with 'debug' enabled.
16:28:49:250 ERROR 5320 --- [main] o.s.boot.SpringApplication               : Application run failed

org.springframework.beans.factory.BeanCreationException: Error creating bean with name 'globalTransactionScanner' defined in class path resource [io/seata/spring/boot/autoconfigure/SeataAutoConfiguration.class]: Bean instantiation via factory method failed; nested exception is org.springframework.beans.BeanInstantiationException: Failed to instantiate [io.seata.spring.annotation.GlobalTransactionScanner]: Factory method 'globalTransactionScanner' threw exception; nested exception is java.lang.ExceptionInInitializerError
	at org.springframework.beans.factory.support.ConstructorResolver.instantiate(ConstructorResolver.java:658) ~[spring-beans-5.3.27.jar:5.3.27]
	at org.springframework.beans.factory.support.ConstructorResolver.instantiateUsingFactoryMethod(ConstructorResolver.java:638) ~[spring-beans-5.3.27.jar:5.3.27]
	at org.springframework.beans.factory.support.AbstractAutowireCapableBeanFactory.instantiateUsingFactoryMethod(AbstractAutowireCapableBeanFactory.java:1352) ~[spring-beans-5.3.27.jar:5.3.27]
	at org.springframework.beans.factory.support.AbstractAutowireCapableBeanFactory.createBeanInstance(AbstractAutowireCapableBeanFactory.java:1195) ~[spring-beans-5.3.27.jar:5.3.27]
	at org.springframework.beans.factory.support.AbstractAutowireCapableBeanFactory.doCreateBean(AbstractAutowireCapableBeanFactory.java:582) ~[spring-beans-5.3.27.jar:5.3.27]
	at org.springframework.beans.factory.support.AbstractAutowireCapableBeanFactory.createBean(AbstractAutowireCapableBeanFactory.java:542) ~[spring-beans-5.3.27.jar:5.3.27]
	at org.springframework.beans.factory.support.AbstractBeanFactory.lambda$doGetBean$0(AbstractBeanFactory.java:335) ~[spring-beans-5.3.27.jar:5.3.27]
	at org.springframework.beans.factory.support.DefaultSingletonBeanRegistry.getSingleton(DefaultSingletonBeanRegistry.java:234) ~[spring-beans-5.3.27.jar:5.3.27]
	at org.springframework.beans.factory.support.AbstractBeanFactory.doGetBean(AbstractBeanFactory.java:333) ~[spring-beans-5.3.27.jar:5.3.27]
	at org.springframework.beans.factory.support.AbstractBeanFactory.getBean(AbstractBeanFactory.java:213) ~[spring-beans-5.3.27.jar:5.3.27]
	at org.springframework.context.support.PostProcessorRegistrationDelegate.registerBeanPostProcessors(PostProcessorRegistrationDelegate.java:258) ~[spring-context-5.3.27.jar:5.3.27]
	at org.springframework.context.support.AbstractApplicationContext.registerBeanPostProcessors(AbstractApplicationContext.java:764) ~[spring-context-5.3.27.jar:5.3.27]
	at org.springframework.context.support.AbstractApplicationContext.refresh(AbstractApplicationContext.java:567) ~[spring-context-5.3.27.jar:5.3.27]
	at org.springframework.boot.web.servlet.context.ServletWebServerApplicationContext.refresh(ServletWebServerApplicationContext.java:147) ~[spring-boot-2.7.12.jar:2.7.12]
	at org.springframework.boot.SpringApplication.refresh(SpringApplication.java:731) ~[spring-boot-2.7.12.jar:2.7.12]
	at org.springframework.boot.SpringApplication.refreshContext(SpringApplication.java:408) ~[spring-boot-2.7.12.jar:2.7.12]
	at org.springframework.boot.SpringApplication.run(SpringApplication.java:307) ~[spring-boot-2.7.12.jar:2.7.12]
	at org.springframework.boot.SpringApplication.run(SpringApplication.java:1303) ~[spring-boot-2.7.12.jar:2.7.12]
	at org.springframework.boot.SpringApplication.run(SpringApplication.java:1292) ~[spring-boot-2.7.12.jar:2.7.12]
	at com.hmall.trade.TradeApplication.main(TradeApplication.java:17) ~[classes/:na]
Caused by: org.springframework.beans.BeanInstantiationException: Failed to instantiate [io.seata.spring.annotation.GlobalTransactionScanner]: Factory method 'globalTransactionScanner' threw exception; nested exception is java.lang.ExceptionInInitializerError
	at org.springframework.beans.factory.support.SimpleInstantiationStrategy.instantiate(SimpleInstantiationStrategy.java:185) ~[spring-beans-5.3.27.jar:5.3.27]
	at org.springframework.beans.factory.support.ConstructorResolver.instantiate(ConstructorResolver.java:653) ~[spring-beans-5.3.27.jar:5.3.27]
	... 19 common frames omitted
Caused by: java.lang.ExceptionInInitializerError: null
	at net.sf.cglib.core.KeyFactory$Generator.generateClass(KeyFactory.java:166) ~[cglib-3.1.jar:na]
	at net.sf.cglib.core.DefaultGeneratorStrategy.generate(DefaultGeneratorStrategy.java:25) ~[cglib-3.1.jar:na]
	at net.sf.cglib.core.AbstractClassGenerator.create(AbstractClassGenerator.java:216) ~[cglib-3.1.jar:na]
	at net.sf.cglib.core.KeyFactory$Generator.create(KeyFactory.java:144) ~[cglib-3.1.jar:na]
	at net.sf.cglib.core.KeyFactory.create(KeyFactory.java:116) ~[cglib-3.1.jar:na]
	at net.sf.cglib.core.KeyFactory.create(KeyFactory.java:108) ~[cglib-3.1.jar:na]
	at net.sf.cglib.core.KeyFactory.create(KeyFactory.java:104) ~[cglib-3.1.jar:na]
	at net.sf.cglib.proxy.Enhancer.<clinit>(Enhancer.java:69) ~[cglib-3.1.jar:na]
	at io.seata.config.ConfigurationCache.proxy(ConfigurationCache.java:104) ~[seata-all-1.5.2.jar:1.5.2]
	at io.seata.config.ConfigurationFactory.buildConfiguration(ConfigurationFactory.java:136) ~[seata-all-1.5.2.jar:1.5.2]
	at io.seata.config.ConfigurationFactory.getInstance(ConfigurationFactory.java:94) ~[seata-all-1.5.2.jar:1.5.2]
	at io.seata.spring.annotation.GlobalTransactionScanner.<init>(GlobalTransactionScanner.java:105) ~[seata-all-1.5.2.jar:1.5.2]
	at io.seata.spring.annotation.GlobalTransactionScanner.<init>(GlobalTransactionScanner.java:162) ~[seata-all-1.5.2.jar:1.5.2]
	at io.seata.spring.boot.autoconfigure.SeataAutoConfiguration.globalTransactionScanner(SeataAutoConfiguration.java:83) ~[seata-spring-boot-starter-1.5.2.jar:1.5.2]
	at java.base/jdk.internal.reflect.NativeMethodAccessorImpl.invoke0(Native Method) ~[na:na]
	at java.base/jdk.internal.reflect.NativeMethodAccessorImpl.invoke(NativeMethodAccessorImpl.java:77) ~[na:na]
	at java.base/jdk.internal.reflect.DelegatingMethodAccessorImpl.invoke(DelegatingMethodAccessorImpl.java:43) ~[na:na]
	at java.base/java.lang.reflect.Method.invoke(Method.java:568) ~[na:na]
	at org.springframework.beans.factory.support.SimpleInstantiationStrategy.instantiate(SimpleInstantiationStrategy.java:154) ~[spring-beans-5.3.27.jar:5.3.27]
	... 20 common frames omitted
Caused by: java.lang.reflect.InaccessibleObjectException: Unable to make protected final java.lang.Class java.lang.ClassLoader.defineClass(java.lang.String,byte[],int,int,java.security.ProtectionDomain) throws java.lang.ClassFormatError accessible: module java.base does not "opens java.lang" to unnamed module @7291c18f
	at java.base/java.lang.reflect.AccessibleObject.checkCanSetAccessible(AccessibleObject.java:354) ~[na:na]
	at java.base/java.lang.reflect.AccessibleObject.checkCanSetAccessible(AccessibleObject.java:297) ~[na:na]
	at java.base/java.lang.reflect.Method.checkCanSetAccessible(Method.java:199) ~[na:na]
	at java.base/java.lang.reflect.Method.setAccessible(Method.java:193) ~[na:na]
	at net.sf.cglib.core.ReflectUtils$2.run(ReflectUtils.java:56) ~[cglib-3.1.jar:na]
	at java.base/java.security.AccessController.doPrivileged(AccessController.java:318) ~[na:na]
	at net.sf.cglib.core.ReflectUtils.<clinit>(ReflectUtils.java:46) ~[cglib-3.1.jar:na]
	... 39 common frames omitted

16:28:49:251  WARN 5320 --- [Thread-1] c.a.n.common.http.HttpClientBeanHolder   : [HttpClientBeanHolder] Start destroying common HttpClient
16:28:49:252  WARN 5320 --- [Thread-5] c.a.nacos.common.notify.NotifyCenter     : [NotifyCenter] Start destroying Publisher
16:28:49:252  WARN 5320 --- [Thread-1] c.a.n.common.http.HttpClientBeanHolder   : [HttpClientBeanHolder] Destruction of the end
16:28:49:252  WARN 5320 --- [Thread-5] c.a.nacos.common.notify.NotifyCenter     : [NotifyCenter] Destruction of the end
16:31:32:479  INFO 40848 --- [main] com.hmall.trade.TradeApplication         : The following 1 profile is active: "local"
16:31:33:053  INFO 40848 --- [main] o.s.cloud.context.scope.GenericScope     : BeanFactory id=118f8c0d-e472-379e-9523-88c0dd57894b
16:31:33:096  INFO 40848 --- [main] trationDelegate$BeanPostProcessorChecker : Bean 'io.seata.spring.boot.autoconfigure.SeataCoreAutoConfiguration' of type [io.seata.spring.boot.autoconfigure.SeataCoreAutoConfiguration] is not eligible for getting processed by all BeanPostProcessors (for example: not eligible for auto-proxying)
16:31:33:096  INFO 40848 --- [main] trationDelegate$BeanPostProcessorChecker : Bean 'springApplicationContextProvider' of type [io.seata.spring.boot.autoconfigure.provider.SpringApplicationContextProvider] is not eligible for getting processed by all BeanPostProcessors (for example: not eligible for auto-proxying)
16:31:33:097  INFO 40848 --- [main] trationDelegate$BeanPostProcessorChecker : Bean 'io.seata.spring.boot.autoconfigure.SeataAutoConfiguration' of type [io.seata.spring.boot.autoconfigure.SeataAutoConfiguration] is not eligible for getting processed by all BeanPostProcessors (for example: not eligible for auto-proxying)
16:31:33:135  INFO 40848 --- [main] trationDelegate$BeanPostProcessorChecker : Bean 'failureHandler' of type [io.seata.tm.api.DefaultFailureHandlerImpl] is not eligible for getting processed by all BeanPostProcessors (for example: not eligible for auto-proxying)
16:31:33:138  INFO 40848 --- [main] trationDelegate$BeanPostProcessorChecker : Bean 'org.springframework.cloud.commons.config.CommonsConfigAutoConfiguration' of type [org.springframework.cloud.commons.config.CommonsConfigAutoConfiguration] is not eligible for getting processed by all BeanPostProcessors (for example: not eligible for auto-proxying)
16:31:33:138  INFO 40848 --- [main] trationDelegate$BeanPostProcessorChecker : Bean 'org.springframework.cloud.client.loadbalancer.LoadBalancerDefaultMappingsProviderAutoConfiguration' of type [org.springframework.cloud.client.loadbalancer.LoadBalancerDefaultMappingsProviderAutoConfiguration] is not eligible for getting processed by all BeanPostProcessors (for example: not eligible for auto-proxying)
16:31:33:139  INFO 40848 --- [main] trationDelegate$BeanPostProcessorChecker : Bean 'loadBalancerClientsDefaultsMappingsProvider' of type [org.springframework.cloud.client.loadbalancer.LoadBalancerDefaultMappingsProviderAutoConfiguration$$Lambda$579/0x00000228596728a0] is not eligible for getting processed by all BeanPostProcessors (for example: not eligible for auto-proxying)
16:31:33:139  INFO 40848 --- [main] trationDelegate$BeanPostProcessorChecker : Bean 'defaultsBindHandlerAdvisor' of type [org.springframework.cloud.commons.config.DefaultsBindHandlerAdvisor] is not eligible for getting processed by all BeanPostProcessors (for example: not eligible for auto-proxying)
16:31:33:141  INFO 40848 --- [main] trationDelegate$BeanPostProcessorChecker : Bean 'springCloudAlibabaConfiguration' of type [io.seata.spring.boot.autoconfigure.properties.SpringCloudAlibabaConfiguration] is not eligible for getting processed by all BeanPostProcessors (for example: not eligible for auto-proxying)
16:31:33:142  INFO 40848 --- [main] trationDelegate$BeanPostProcessorChecker : Bean 'seataProperties' of type [io.seata.spring.boot.autoconfigure.properties.SeataProperties] is not eligible for getting processed by all BeanPostProcessors (for example: not eligible for auto-proxying)
16:31:33:144  INFO 40848 --- [main] i.s.s.b.a.SeataAutoConfiguration         : Automatically configure Seata
16:31:33:181  INFO 40848 --- [main] io.seata.config.ConfigurationFactory     : load Configuration from :Spring Configuration
16:31:33:185  INFO 40848 --- [main] io.seata.config.ConfigurationFactory     : load Configuration from :Spring Configuration
16:31:33:201  WARN 40848 --- [main] ConfigServletWebServerApplicationContext : Exception encountered during context initialization - cancelling refresh attempt: org.springframework.beans.factory.BeanCreationException: Error creating bean with name 'globalTransactionScanner' defined in class path resource [io/seata/spring/boot/autoconfigure/SeataAutoConfiguration.class]: Bean instantiation via factory method failed; nested exception is org.springframework.beans.BeanInstantiationException: Failed to instantiate [io.seata.spring.annotation.GlobalTransactionScanner]: Factory method 'globalTransactionScanner' threw exception; nested exception is java.lang.ExceptionInInitializerError
16:31:33:207  INFO 40848 --- [main] ConditionEvaluationReportLoggingListener : 

Error starting ApplicationContext. To display the conditions report re-run your application with 'debug' enabled.
16:31:33:223 ERROR 40848 --- [main] o.s.boot.SpringApplication               : Application run failed

org.springframework.beans.factory.BeanCreationException: Error creating bean with name 'globalTransactionScanner' defined in class path resource [io/seata/spring/boot/autoconfigure/SeataAutoConfiguration.class]: Bean instantiation via factory method failed; nested exception is org.springframework.beans.BeanInstantiationException: Failed to instantiate [io.seata.spring.annotation.GlobalTransactionScanner]: Factory method 'globalTransactionScanner' threw exception; nested exception is java.lang.ExceptionInInitializerError
	at org.springframework.beans.factory.support.ConstructorResolver.instantiate(ConstructorResolver.java:658) ~[spring-beans-5.3.27.jar:5.3.27]
	at org.springframework.beans.factory.support.ConstructorResolver.instantiateUsingFactoryMethod(ConstructorResolver.java:638) ~[spring-beans-5.3.27.jar:5.3.27]
	at org.springframework.beans.factory.support.AbstractAutowireCapableBeanFactory.instantiateUsingFactoryMethod(AbstractAutowireCapableBeanFactory.java:1352) ~[spring-beans-5.3.27.jar:5.3.27]
	at org.springframework.beans.factory.support.AbstractAutowireCapableBeanFactory.createBeanInstance(AbstractAutowireCapableBeanFactory.java:1195) ~[spring-beans-5.3.27.jar:5.3.27]
	at org.springframework.beans.factory.support.AbstractAutowireCapableBeanFactory.doCreateBean(AbstractAutowireCapableBeanFactory.java:582) ~[spring-beans-5.3.27.jar:5.3.27]
	at org.springframework.beans.factory.support.AbstractAutowireCapableBeanFactory.createBean(AbstractAutowireCapableBeanFactory.java:542) ~[spring-beans-5.3.27.jar:5.3.27]
	at org.springframework.beans.factory.support.AbstractBeanFactory.lambda$doGetBean$0(AbstractBeanFactory.java:335) ~[spring-beans-5.3.27.jar:5.3.27]
	at org.springframework.beans.factory.support.DefaultSingletonBeanRegistry.getSingleton(DefaultSingletonBeanRegistry.java:234) ~[spring-beans-5.3.27.jar:5.3.27]
	at org.springframework.beans.factory.support.AbstractBeanFactory.doGetBean(AbstractBeanFactory.java:333) ~[spring-beans-5.3.27.jar:5.3.27]
	at org.springframework.beans.factory.support.AbstractBeanFactory.getBean(AbstractBeanFactory.java:213) ~[spring-beans-5.3.27.jar:5.3.27]
	at org.springframework.context.support.PostProcessorRegistrationDelegate.registerBeanPostProcessors(PostProcessorRegistrationDelegate.java:258) ~[spring-context-5.3.27.jar:5.3.27]
	at org.springframework.context.support.AbstractApplicationContext.registerBeanPostProcessors(AbstractApplicationContext.java:764) ~[spring-context-5.3.27.jar:5.3.27]
	at org.springframework.context.support.AbstractApplicationContext.refresh(AbstractApplicationContext.java:567) ~[spring-context-5.3.27.jar:5.3.27]
	at org.springframework.boot.web.servlet.context.ServletWebServerApplicationContext.refresh(ServletWebServerApplicationContext.java:147) ~[spring-boot-2.7.12.jar:2.7.12]
	at org.springframework.boot.SpringApplication.refresh(SpringApplication.java:731) ~[spring-boot-2.7.12.jar:2.7.12]
	at org.springframework.boot.SpringApplication.refreshContext(SpringApplication.java:408) ~[spring-boot-2.7.12.jar:2.7.12]
	at org.springframework.boot.SpringApplication.run(SpringApplication.java:307) ~[spring-boot-2.7.12.jar:2.7.12]
	at org.springframework.boot.SpringApplication.run(SpringApplication.java:1303) ~[spring-boot-2.7.12.jar:2.7.12]
	at org.springframework.boot.SpringApplication.run(SpringApplication.java:1292) ~[spring-boot-2.7.12.jar:2.7.12]
	at com.hmall.trade.TradeApplication.main(TradeApplication.java:17) ~[classes/:na]
Caused by: org.springframework.beans.BeanInstantiationException: Failed to instantiate [io.seata.spring.annotation.GlobalTransactionScanner]: Factory method 'globalTransactionScanner' threw exception; nested exception is java.lang.ExceptionInInitializerError
	at org.springframework.beans.factory.support.SimpleInstantiationStrategy.instantiate(SimpleInstantiationStrategy.java:185) ~[spring-beans-5.3.27.jar:5.3.27]
	at org.springframework.beans.factory.support.ConstructorResolver.instantiate(ConstructorResolver.java:653) ~[spring-beans-5.3.27.jar:5.3.27]
	... 19 common frames omitted
Caused by: java.lang.ExceptionInInitializerError: null
	at net.sf.cglib.core.KeyFactory$Generator.generateClass(KeyFactory.java:166) ~[cglib-3.1.jar:na]
	at net.sf.cglib.core.DefaultGeneratorStrategy.generate(DefaultGeneratorStrategy.java:25) ~[cglib-3.1.jar:na]
	at net.sf.cglib.core.AbstractClassGenerator.create(AbstractClassGenerator.java:216) ~[cglib-3.1.jar:na]
	at net.sf.cglib.core.KeyFactory$Generator.create(KeyFactory.java:144) ~[cglib-3.1.jar:na]
	at net.sf.cglib.core.KeyFactory.create(KeyFactory.java:116) ~[cglib-3.1.jar:na]
	at net.sf.cglib.core.KeyFactory.create(KeyFactory.java:108) ~[cglib-3.1.jar:na]
	at net.sf.cglib.core.KeyFactory.create(KeyFactory.java:104) ~[cglib-3.1.jar:na]
	at net.sf.cglib.proxy.Enhancer.<clinit>(Enhancer.java:69) ~[cglib-3.1.jar:na]
	at io.seata.config.ConfigurationCache.proxy(ConfigurationCache.java:104) ~[seata-all-1.5.2.jar:1.5.2]
	at io.seata.config.ConfigurationFactory.buildConfiguration(ConfigurationFactory.java:136) ~[seata-all-1.5.2.jar:1.5.2]
	at io.seata.config.ConfigurationFactory.getInstance(ConfigurationFactory.java:94) ~[seata-all-1.5.2.jar:1.5.2]
	at io.seata.spring.annotation.GlobalTransactionScanner.<init>(GlobalTransactionScanner.java:105) ~[seata-all-1.5.2.jar:1.5.2]
	at io.seata.spring.annotation.GlobalTransactionScanner.<init>(GlobalTransactionScanner.java:162) ~[seata-all-1.5.2.jar:1.5.2]
	at io.seata.spring.boot.autoconfigure.SeataAutoConfiguration.globalTransactionScanner(SeataAutoConfiguration.java:83) ~[seata-spring-boot-starter-1.5.2.jar:1.5.2]
	at java.base/jdk.internal.reflect.NativeMethodAccessorImpl.invoke0(Native Method) ~[na:na]
	at java.base/jdk.internal.reflect.NativeMethodAccessorImpl.invoke(NativeMethodAccessorImpl.java:77) ~[na:na]
	at java.base/jdk.internal.reflect.DelegatingMethodAccessorImpl.invoke(DelegatingMethodAccessorImpl.java:43) ~[na:na]
	at java.base/java.lang.reflect.Method.invoke(Method.java:568) ~[na:na]
	at org.springframework.beans.factory.support.SimpleInstantiationStrategy.instantiate(SimpleInstantiationStrategy.java:154) ~[spring-beans-5.3.27.jar:5.3.27]
	... 20 common frames omitted
Caused by: java.lang.reflect.InaccessibleObjectException: Unable to make protected final java.lang.Class java.lang.ClassLoader.defineClass(java.lang.String,byte[],int,int,java.security.ProtectionDomain) throws java.lang.ClassFormatError accessible: module java.base does not "opens java.lang" to unnamed module @7291c18f
	at java.base/java.lang.reflect.AccessibleObject.checkCanSetAccessible(AccessibleObject.java:354) ~[na:na]
	at java.base/java.lang.reflect.AccessibleObject.checkCanSetAccessible(AccessibleObject.java:297) ~[na:na]
	at java.base/java.lang.reflect.Method.checkCanSetAccessible(Method.java:199) ~[na:na]
	at java.base/java.lang.reflect.Method.setAccessible(Method.java:193) ~[na:na]
	at net.sf.cglib.core.ReflectUtils$2.run(ReflectUtils.java:56) ~[cglib-3.1.jar:na]
	at java.base/java.security.AccessController.doPrivileged(AccessController.java:318) ~[na:na]
	at net.sf.cglib.core.ReflectUtils.<clinit>(ReflectUtils.java:46) ~[cglib-3.1.jar:na]
	... 39 common frames omitted

16:31:33:224  WARN 40848 --- [Thread-5] c.a.nacos.common.notify.NotifyCenter     : [NotifyCenter] Start destroying Publisher
16:31:33:224  WARN 40848 --- [Thread-1] c.a.n.common.http.HttpClientBeanHolder   : [HttpClientBeanHolder] Start destroying common HttpClient
16:31:33:224  WARN 40848 --- [Thread-5] c.a.nacos.common.notify.NotifyCenter     : [NotifyCenter] Destruction of the end
16:31:33:225  WARN 40848 --- [Thread-1] c.a.n.common.http.HttpClientBeanHolder   : [HttpClientBeanHolder] Destruction of the end
16:32:50:655  INFO 39352 --- [main] com.hmall.trade.TradeApplication         : The following 1 profile is active: "local"
16:32:51:280  INFO 39352 --- [main] o.s.cloud.context.scope.GenericScope     : BeanFactory id=591e30ae-9e19-3cdb-98eb-14d50f948424
16:32:51:333  INFO 39352 --- [main] trationDelegate$BeanPostProcessorChecker : Bean 'io.seata.spring.boot.autoconfigure.SeataCoreAutoConfiguration' of type [io.seata.spring.boot.autoconfigure.SeataCoreAutoConfiguration] is not eligible for getting processed by all BeanPostProcessors (for example: not eligible for auto-proxying)
16:32:51:333  INFO 39352 --- [main] trationDelegate$BeanPostProcessorChecker : Bean 'springApplicationContextProvider' of type [io.seata.spring.boot.autoconfigure.provider.SpringApplicationContextProvider] is not eligible for getting processed by all BeanPostProcessors (for example: not eligible for auto-proxying)
16:32:51:333  INFO 39352 --- [main] trationDelegate$BeanPostProcessorChecker : Bean 'io.seata.spring.boot.autoconfigure.SeataAutoConfiguration' of type [io.seata.spring.boot.autoconfigure.SeataAutoConfiguration] is not eligible for getting processed by all BeanPostProcessors (for example: not eligible for auto-proxying)
16:32:51:362  INFO 39352 --- [main] trationDelegate$BeanPostProcessorChecker : Bean 'failureHandler' of type [io.seata.tm.api.DefaultFailureHandlerImpl] is not eligible for getting processed by all BeanPostProcessors (for example: not eligible for auto-proxying)
16:32:51:365  INFO 39352 --- [main] trationDelegate$BeanPostProcessorChecker : Bean 'org.springframework.cloud.commons.config.CommonsConfigAutoConfiguration' of type [org.springframework.cloud.commons.config.CommonsConfigAutoConfiguration] is not eligible for getting processed by all BeanPostProcessors (for example: not eligible for auto-proxying)
16:32:51:366  INFO 39352 --- [main] trationDelegate$BeanPostProcessorChecker : Bean 'org.springframework.cloud.client.loadbalancer.LoadBalancerDefaultMappingsProviderAutoConfiguration' of type [org.springframework.cloud.client.loadbalancer.LoadBalancerDefaultMappingsProviderAutoConfiguration] is not eligible for getting processed by all BeanPostProcessors (for example: not eligible for auto-proxying)
16:32:51:366  INFO 39352 --- [main] trationDelegate$BeanPostProcessorChecker : Bean 'loadBalancerClientsDefaultsMappingsProvider' of type [org.springframework.cloud.client.loadbalancer.LoadBalancerDefaultMappingsProviderAutoConfiguration$$Lambda$579/0x0000022a016742a0] is not eligible for getting processed by all BeanPostProcessors (for example: not eligible for auto-proxying)
16:32:51:366  INFO 39352 --- [main] trationDelegate$BeanPostProcessorChecker : Bean 'defaultsBindHandlerAdvisor' of type [org.springframework.cloud.commons.config.DefaultsBindHandlerAdvisor] is not eligible for getting processed by all BeanPostProcessors (for example: not eligible for auto-proxying)
16:32:51:369  INFO 39352 --- [main] trationDelegate$BeanPostProcessorChecker : Bean 'springCloudAlibabaConfiguration' of type [io.seata.spring.boot.autoconfigure.properties.SpringCloudAlibabaConfiguration] is not eligible for getting processed by all BeanPostProcessors (for example: not eligible for auto-proxying)
16:32:51:370  INFO 39352 --- [main] trationDelegate$BeanPostProcessorChecker : Bean 'seataProperties' of type [io.seata.spring.boot.autoconfigure.properties.SeataProperties] is not eligible for getting processed by all BeanPostProcessors (for example: not eligible for auto-proxying)
16:32:51:371  INFO 39352 --- [main] i.s.s.b.a.SeataAutoConfiguration         : Automatically configure Seata
16:32:51:420  INFO 39352 --- [main] io.seata.config.ConfigurationFactory     : load Configuration from :Spring Configuration
16:32:51:424  INFO 39352 --- [main] io.seata.config.ConfigurationFactory     : load Configuration from :Spring Configuration
16:32:51:678  INFO 39352 --- [main] i.s.s.a.GlobalTransactionScanner         : Initializing Global Transaction Clients ... 
16:32:51:726  INFO 39352 --- [main] i.s.core.rpc.netty.NettyClientBootstrap  : NettyClientBootstrap has started
16:32:51:877  INFO 39352 --- [main] com.alibaba.nacos.common.remote.client   : [RpcClientFactory] create a new rpc client of b93a0872-0f0c-4581-84e3-2d29a7ffe77b
16:32:51:877  INFO 39352 --- [main] com.alibaba.nacos.common.remote.client   : [b93a0872-0f0c-4581-84e3-2d29a7ffe77b] RpcClient init label, labels = {module=naming, source=sdk}
16:32:51:879  INFO 39352 --- [main] com.alibaba.nacos.common.remote.client   : [b93a0872-0f0c-4581-84e3-2d29a7ffe77b] RpcClient init, ServerListFactory = com.alibaba.nacos.client.naming.core.ServerListManager
16:32:51:879  INFO 39352 --- [main] com.alibaba.nacos.common.remote.client   : [b93a0872-0f0c-4581-84e3-2d29a7ffe77b] Registry connection listener to current client:com.alibaba.nacos.client.naming.remote.gprc.redo.NamingGrpcRedoService
16:32:51:879  INFO 39352 --- [main] com.alibaba.nacos.common.remote.client   : [b93a0872-0f0c-4581-84e3-2d29a7ffe77b] Register server push request handler:com.alibaba.nacos.client.naming.remote.gprc.NamingPushRequestHandler
16:32:51:879  INFO 39352 --- [main] com.alibaba.nacos.common.remote.client   : [b93a0872-0f0c-4581-84e3-2d29a7ffe77b] Try to connect to server on start up, server: {serverIp = '192.168.88.131', server main port = 8848}
16:32:52:010  INFO 39352 --- [main] com.alibaba.nacos.common.remote.client   : [b93a0872-0f0c-4581-84e3-2d29a7ffe77b] Success to connect to server [192.168.88.131:8848] on start up, connectionId = 1779179569422_192.168.88.1_14959
16:32:52:010  INFO 39352 --- [main] com.alibaba.nacos.common.remote.client   : [b93a0872-0f0c-4581-84e3-2d29a7ffe77b] Register server push request handler:com.alibaba.nacos.common.remote.client.RpcClient$ConnectResetRequestHandler
16:32:52:010  INFO 39352 --- [main] com.alibaba.nacos.common.remote.client   : [b93a0872-0f0c-4581-84e3-2d29a7ffe77b] Register server push request handler:com.alibaba.nacos.common.remote.client.RpcClient$$Lambda$486/0x0000022a0154a958
16:32:52:010  INFO 39352 --- [com.alibaba.nacos.client.remote.worker] com.alibaba.nacos.common.remote.client   : [b93a0872-0f0c-4581-84e3-2d29a7ffe77b] Notify connected event to listeners.
16:32:52:033  INFO 39352 --- [main] i.s.c.r.netty.NettyClientChannelManager  : will connect to 192.168.88.131:8099
16:32:52:054  INFO 39352 --- [main] i.s.core.rpc.netty.NettyPoolableFactory  : NettyPool create channel to transactionRole:TMROLE,address:192.168.88.131:8099,msg:< RegisterTMRequest{applicationId='trade-service', transactionServiceGroup='hmall'} >
16:32:52:143  WARN 39352 --- [NettyClientSelector_TMROLE_1_1] ServiceLoader$InnerEnhancedServiceLoader : Load [io.seata.serializer.hessian.HessianSerializer] class fail. com/caucho/hessian/io/AbstractHessianOutput
16:32:52:156  INFO 39352 --- [main] i.s.c.rpc.netty.TmNettyRemotingClient    : register TM success. client version:1.6.1, server version:1.5.2,channel:[id: 0x7d8892c6, L:/192.168.88.1:14962 - R:/192.168.88.131:8099]
16:32:52:159  INFO 39352 --- [main] i.s.core.rpc.netty.NettyPoolableFactory  : register success, cost 31 ms, version:1.5.2,role:TMROLE,channel:[id: 0x7d8892c6, L:/192.168.88.1:14962 - R:/192.168.88.131:8099]
16:32:52:159  INFO 39352 --- [main] i.s.s.a.GlobalTransactionScanner         : Transaction Manager Client is initialized. applicationId[trade-service] txServiceGroup[hmall]
16:32:52:167  INFO 39352 --- [main] io.seata.rm.datasource.AsyncWorker       : Async Commit Buffer Limit: 10000
16:32:52:168  INFO 39352 --- [main] i.s.rm.datasource.xa.ResourceManagerXA   : ResourceManagerXA init ...
16:32:52:171  INFO 39352 --- [main] i.s.core.rpc.netty.NettyClientBootstrap  : NettyClientBootstrap has started
16:32:52:171  INFO 39352 --- [main] i.s.s.a.GlobalTransactionScanner         : Resource Manager is initialized. applicationId[trade-service] txServiceGroup[hmall]
16:32:52:171  INFO 39352 --- [main] i.s.s.a.GlobalTransactionScanner         : Global Transaction Clients are initialized. 
16:32:52:279  INFO 39352 --- [main] trationDelegate$BeanPostProcessorChecker : Bean 'com.alibaba.cloud.seata.feign.SeataFeignClientAutoConfiguration$FeignBeanPostProcessorConfiguration' of type [com.alibaba.cloud.seata.feign.SeataFeignClientAutoConfiguration$FeignBeanPostProcessorConfiguration] is not eligible for getting processed by all BeanPostProcessors (for example: not eligible for auto-proxying)
16:32:52:281  INFO 39352 --- [main] trationDelegate$BeanPostProcessorChecker : Bean 'seataFeignObjectWrapper' of type [com.alibaba.cloud.seata.feign.SeataFeignObjectWrapper] is not eligible for getting processed by all BeanPostProcessors (for example: not eligible for auto-proxying)
16:32:52:490  INFO 39352 --- [main] o.s.b.w.embedded.tomcat.TomcatWebServer  : Tomcat initialized with port(s): 8085 (http)
16:32:52:499  INFO 39352 --- [main] o.apache.catalina.core.StandardService   : Starting service [Tomcat]
16:32:52:499  INFO 39352 --- [main] org.apache.catalina.core.StandardEngine  : Starting Servlet engine: [Apache Tomcat/9.0.75]
16:32:52:561  INFO 39352 --- [nacos-grpc-client-executor-5] com.alibaba.nacos.common.remote.client   : [b93a0872-0f0c-4581-84e3-2d29a7ffe77b] Receive server push request, request = NotifySubscriberRequest, requestId = 10
16:32:52:562  INFO 39352 --- [nacos-grpc-client-executor-5] com.alibaba.nacos.common.remote.client   : [b93a0872-0f0c-4581-84e3-2d29a7ffe77b] Ack server push request, request = NotifySubscriberRequest, requestId = 10
16:32:52:615  INFO 39352 --- [main] o.a.c.c.C.[Tomcat].[localhost].[/]       : Initializing Spring embedded WebApplicationContext
16:32:52:615  INFO 39352 --- [main] w.s.c.ServletWebServerApplicationContext : Root WebApplicationContext: initialization completed in 1948 ms
16:32:52:742  INFO 39352 --- [main] o.s.c.openfeign.FeignClientFactoryBean   : For 'item-service' URL not provided. Will try picking an instance via load-balancing.
16:32:52:875  INFO 39352 --- [main] com.zaxxer.hikari.HikariDataSource       : HikariPool-1 - Starting...
16:32:53:227  INFO 39352 --- [main] com.zaxxer.hikari.HikariDataSource       : HikariPool-1 - Start completed.
16:32:53:307  INFO 39352 --- [main] i.s.c.r.netty.NettyClientChannelManager  : will connect to 192.168.88.131:8099
16:32:53:307  INFO 39352 --- [main] i.s.c.rpc.netty.RmNettyRemotingClient    : RM will register :jdbc:mysql://192.168.88.131:3307/hm-trade
16:32:53:307  INFO 39352 --- [main] i.s.core.rpc.netty.NettyPoolableFactory  : NettyPool create channel to transactionRole:RMROLE,address:192.168.88.131:8099,msg:< RegisterRMRequest{resourceIds='jdbc:mysql://192.168.88.131:3307/hm-trade', applicationId='trade-service', transactionServiceGroup='hmall'} >
16:32:53:319  INFO 39352 --- [main] i.s.c.rpc.netty.RmNettyRemotingClient    : register RM success. client version:1.6.1, server version:1.5.2,channel:[id: 0x1bd3a839, L:/192.168.88.1:14965 - R:/192.168.88.131:8099]
16:32:53:319  INFO 39352 --- [main] i.s.core.rpc.netty.NettyPoolableFactory  : register success, cost 10 ms, version:1.5.2,role:RMROLE,channel:[id: 0x1bd3a839, L:/192.168.88.1:14965 - R:/192.168.88.131:8099]
16:32:53:873  INFO 39352 --- [main] i.s.s.a.GlobalTransactionScanner         : Bean[com.hmall.trade.service.impl.OrderServiceImpl$$EnhancerBySpringCGLIB$$35aa0c2e] with name [orderServiceImpl] would use interceptor [io.seata.spring.annotation.GlobalTransactionalInterceptor]
16:32:53:887  INFO 39352 --- [main] o.s.c.openfeign.FeignClientFactoryBean   : For 'pay-service' URL not provided. Will try picking an instance via load-balancing.
16:32:55:403  INFO 39352 --- [main] o.s.cloud.commons.util.InetUtils         : Cannot determine local hostname
16:32:55:430  INFO 39352 --- [main] pertySourcedRequestMappingHandlerMapping : Mapped URL path [/v2/api-docs] onto method [springfox.documentation.swagger2.web.Swagger2ControllerWebMvc#getDocumentation(String, HttpServletRequest)]
16:32:56:683  INFO 39352 --- [main] o.s.cloud.commons.util.InetUtils         : Cannot determine local hostname
16:32:56:787  INFO 39352 --- [main] com.alibaba.nacos.common.remote.client   : [RpcClientFactory] create a new rpc client of 87254b35-d59e-41be-ab9e-242c10cc9f2f
16:32:56:787  INFO 39352 --- [main] com.alibaba.nacos.common.remote.client   : [87254b35-d59e-41be-ab9e-242c10cc9f2f] RpcClient init label, labels = {module=naming, source=sdk}
16:32:56:787  INFO 39352 --- [main] com.alibaba.nacos.common.remote.client   : [87254b35-d59e-41be-ab9e-242c10cc9f2f] RpcClient init, ServerListFactory = com.alibaba.nacos.client.naming.core.ServerListManager
16:32:56:787  INFO 39352 --- [main] com.alibaba.nacos.common.remote.client   : [87254b35-d59e-41be-ab9e-242c10cc9f2f] Registry connection listener to current client:com.alibaba.nacos.client.naming.remote.gprc.redo.NamingGrpcRedoService
16:32:56:787  INFO 39352 --- [main] com.alibaba.nacos.common.remote.client   : [87254b35-d59e-41be-ab9e-242c10cc9f2f] Register server push request handler:com.alibaba.nacos.client.naming.remote.gprc.NamingPushRequestHandler
16:32:56:788  INFO 39352 --- [main] com.alibaba.nacos.common.remote.client   : [87254b35-d59e-41be-ab9e-242c10cc9f2f] Try to connect to server on start up, server: {serverIp = '192.168.88.131', server main port = 8848}
16:32:56:908  INFO 39352 --- [main] com.alibaba.nacos.common.remote.client   : [87254b35-d59e-41be-ab9e-242c10cc9f2f] Success to connect to server [192.168.88.131:8848] on start up, connectionId = 1779179574330_192.168.88.1_14987
16:32:56:908  INFO 39352 --- [main] com.alibaba.nacos.common.remote.client   : [87254b35-d59e-41be-ab9e-242c10cc9f2f] Register server push request handler:com.alibaba.nacos.common.remote.client.RpcClient$ConnectResetRequestHandler
16:32:56:908  INFO 39352 --- [com.alibaba.nacos.client.remote.worker] com.alibaba.nacos.common.remote.client   : [87254b35-d59e-41be-ab9e-242c10cc9f2f] Notify connected event to listeners.
16:32:56:908  INFO 39352 --- [main] com.alibaba.nacos.common.remote.client   : [87254b35-d59e-41be-ab9e-242c10cc9f2f] Register server push request handler:com.alibaba.nacos.common.remote.client.RpcClient$$Lambda$486/0x0000022a0154a958
16:32:56:931  INFO 39352 --- [main] o.s.b.w.embedded.tomcat.TomcatWebServer  : Tomcat started on port(s): 8085 (http) with context path ''
16:32:56:937  INFO 39352 --- [main] c.a.c.n.registry.NacosServiceRegistry    : nacos registry, DEFAULT_GROUP trade-service 26.110.20.208:8085 register finished
16:32:57:465  INFO 39352 --- [nacos-grpc-client-executor-5] com.alibaba.nacos.common.remote.client   : [87254b35-d59e-41be-ab9e-242c10cc9f2f] Receive server push request, request = NotifySubscriberRequest, requestId = 11
16:32:57:466  INFO 39352 --- [nacos-grpc-client-executor-5] com.alibaba.nacos.common.remote.client   : [87254b35-d59e-41be-ab9e-242c10cc9f2f] Ack server push request, request = NotifySubscriberRequest, requestId = 11
16:32:58:103  INFO 39352 --- [main] o.s.cloud.commons.util.InetUtils         : Cannot determine local hostname
16:32:58:104  INFO 39352 --- [main] d.s.w.p.DocumentationPluginsBootstrapper : Documentation plugins bootstrapped
16:32:58:107  INFO 39352 --- [main] d.s.w.p.DocumentationPluginsBootstrapper : Found 1 custom documentation plugin(s)
16:32:58:118  INFO 39352 --- [main] s.d.s.w.s.ApiListingReferenceScanner     : Scanning for api listing references
16:32:58:163  INFO 39352 --- [main] o.s.a.r.c.CachingConnectionFactory       : Attempting to connect to: [192.168.88.131:5672]
16:32:58:213  INFO 39352 --- [main] o.s.a.r.c.CachingConnectionFactory       : Created new connection: rabbitConnectionFactory#1e8c741c:0/SimpleConnection@8e0b048 [delegate=amqp://hmall@192.168.88.131:5672//hmall, localPort= 14988]
16:32:58:260  INFO 39352 --- [main] com.hmall.trade.TradeApplication         : Started TradeApplication in 11.725 seconds (JVM running for 12.701)
16:32:58:264  INFO 39352 --- [main] c.a.c.n.refresh.NacosContextRefresher    : [Nacos Config] Listening config: dataId=trade-service, group=DEFAULT_GROUP
16:32:58:264  INFO 39352 --- [main] c.a.c.n.refresh.NacosContextRefresher    : [Nacos Config] Listening config: dataId=trade-service-local.yaml, group=DEFAULT_GROUP
16:32:58:264  INFO 39352 --- [main] c.a.c.n.refresh.NacosContextRefresher    : [Nacos Config] Listening config: dataId=trade-service.yaml, group=DEFAULT_GROUP
17:00:31:828  INFO 39352 --- [com.alibaba.nacos.client.remote.worker] com.alibaba.nacos.common.remote.client   : [b93a0872-0f0c-4581-84e3-2d29a7ffe77b] Server healthy check fail, currentConnection = 1779179569422_192.168.88.1_14959
17:00:31:828  INFO 39352 --- [com.alibaba.nacos.client.remote.worker] com.alibaba.nacos.common.remote.client   : [87254b35-d59e-41be-ab9e-242c10cc9f2f] Server healthy check fail, currentConnection = 1779179574330_192.168.88.1_14987
17:00:31:854  INFO 39352 --- [com.alibaba.nacos.client.remote.worker] com.alibaba.nacos.common.remote.client   : [87254b35-d59e-41be-ab9e-242c10cc9f2f] Try to reconnect to a new server, server is  not appointed, will choose a random server.
17:00:31:854  INFO 39352 --- [com.alibaba.nacos.client.remote.worker] com.alibaba.nacos.common.remote.client   : [b93a0872-0f0c-4581-84e3-2d29a7ffe77b] Try to reconnect to a new server, server is  not appointed, will choose a random server.
17:00:33:213  INFO 39352 --- [com.alibaba.nacos.client.remote.worker] com.alibaba.nacos.common.remote.client   : [b93a0872-0f0c-4581-84e3-2d29a7ffe77b] Success to connect a server [192.168.88.131:8848], connectionId = 1779181230610_192.168.88.1_8841
17:00:33:213  INFO 39352 --- [com.alibaba.nacos.client.remote.worker] com.alibaba.nacos.common.remote.client   : [87254b35-d59e-41be-ab9e-242c10cc9f2f] Success to connect a server [192.168.88.131:8848], connectionId = 1779181230617_192.168.88.1_8844
17:00:33:213  INFO 39352 --- [com.alibaba.nacos.client.remote.worker] com.alibaba.nacos.common.remote.client   : [b93a0872-0f0c-4581-84e3-2d29a7ffe77b] Abandon prev connection, server is 192.168.88.131:8848, connectionId is 1779179569422_192.168.88.1_14959
17:00:33:213  INFO 39352 --- [com.alibaba.nacos.client.remote.worker] com.alibaba.nacos.common.remote.client   : [87254b35-d59e-41be-ab9e-242c10cc9f2f] Abandon prev connection, server is 192.168.88.131:8848, connectionId is 1779179574330_192.168.88.1_14987
17:00:33:216  INFO 39352 --- [com.alibaba.nacos.client.remote.worker] com.alibaba.nacos.common.remote.client   : Close current connection 1779179574330_192.168.88.1_14987
17:00:33:216  INFO 39352 --- [com.alibaba.nacos.client.remote.worker] com.alibaba.nacos.common.remote.client   : Close current connection 1779179569422_192.168.88.1_14959
17:00:33:223  INFO 39352 --- [nacos-grpc-client-executor-358] c.a.n.c.remote.client.grpc.GrpcClient    : [1779179574330_192.168.88.1_14987]Ignore complete event,isRunning:false,isAbandon=true
17:00:33:223  INFO 39352 --- [nacos-grpc-client-executor-359] c.a.n.c.remote.client.grpc.GrpcClient    : [1779179569422_192.168.88.1_14959]Ignore complete event,isRunning:false,isAbandon=true
17:00:33:344  INFO 39352 --- [com.alibaba.nacos.client.remote.worker] com.alibaba.nacos.common.remote.client   : [b93a0872-0f0c-4581-84e3-2d29a7ffe77b] Notify disconnected event to listeners
17:00:33:344  INFO 39352 --- [com.alibaba.nacos.client.remote.worker] com.alibaba.nacos.common.remote.client   : [87254b35-d59e-41be-ab9e-242c10cc9f2f] Notify disconnected event to listeners
17:00:33:377  INFO 39352 --- [com.alibaba.nacos.client.remote.worker] com.alibaba.nacos.common.remote.client   : [b93a0872-0f0c-4581-84e3-2d29a7ffe77b] Notify connected event to listeners.
17:00:33:377  INFO 39352 --- [com.alibaba.nacos.client.remote.worker] com.alibaba.nacos.common.remote.client   : [87254b35-d59e-41be-ab9e-242c10cc9f2f] Notify connected event to listeners.
17:00:35:188  INFO 39352 --- [nacos-grpc-client-executor-361] com.alibaba.nacos.common.remote.client   : [87254b35-d59e-41be-ab9e-242c10cc9f2f] Receive server push request, request = NotifySubscriberRequest, requestId = 16
17:00:35:188  INFO 39352 --- [nacos-grpc-client-executor-361] com.alibaba.nacos.common.remote.client   : [87254b35-d59e-41be-ab9e-242c10cc9f2f] Ack server push request, request = NotifySubscriberRequest, requestId = 16
17:00:36:174  INFO 39352 --- [nacos-grpc-client-executor-361] com.alibaba.nacos.common.remote.client   : [b93a0872-0f0c-4581-84e3-2d29a7ffe77b] Receive server push request, request = NotifySubscriberRequest, requestId = 17
17:00:36:175  INFO 39352 --- [nacos-grpc-client-executor-361] com.alibaba.nacos.common.remote.client   : [b93a0872-0f0c-4581-84e3-2d29a7ffe77b] Ack server push request, request = NotifySubscriberRequest, requestId = 17
17:12:37:042  INFO 39352 --- [com.alibaba.nacos.client.remote.worker] com.alibaba.nacos.common.remote.client   : [87254b35-d59e-41be-ab9e-242c10cc9f2f] Server healthy check fail, currentConnection = 1779181230617_192.168.88.1_8844
17:12:37:050  INFO 39352 --- [com.alibaba.nacos.client.remote.worker] com.alibaba.nacos.common.remote.client   : [87254b35-d59e-41be-ab9e-242c10cc9f2f] Try to reconnect to a new server, server is  not appointed, will choose a random server.
17:12:37:056  INFO 39352 --- [com.alibaba.nacos.client.remote.worker] com.alibaba.nacos.common.remote.client   : [b93a0872-0f0c-4581-84e3-2d29a7ffe77b] Server healthy check fail, currentConnection = 1779181230610_192.168.88.1_8841
17:12:37:056  INFO 39352 --- [com.alibaba.nacos.client.remote.worker] com.alibaba.nacos.common.remote.client   : [b93a0872-0f0c-4581-84e3-2d29a7ffe77b] Try to reconnect to a new server, server is  not appointed, will choose a random server.
17:12:38:653  INFO 39352 --- [com.alibaba.nacos.client.remote.worker] com.alibaba.nacos.common.remote.client   : [87254b35-d59e-41be-ab9e-242c10cc9f2f] Success to connect a server [192.168.88.131:8848], connectionId = 1779181956054_192.168.88.1_1172
17:12:38:653  INFO 39352 --- [com.alibaba.nacos.client.remote.worker] com.alibaba.nacos.common.remote.client   : [b93a0872-0f0c-4581-84e3-2d29a7ffe77b] Success to connect a server [192.168.88.131:8848], connectionId = 1779181956056_192.168.88.1_1173
17:12:38:653  INFO 39352 --- [com.alibaba.nacos.client.remote.worker] com.alibaba.nacos.common.remote.client   : [87254b35-d59e-41be-ab9e-242c10cc9f2f] Abandon prev connection, server is 192.168.88.131:8848, connectionId is 1779181230617_192.168.88.1_8844
17:12:38:653  INFO 39352 --- [com.alibaba.nacos.client.remote.worker] com.alibaba.nacos.common.remote.client   : Close current connection 1779181230617_192.168.88.1_8844
17:12:38:653  INFO 39352 --- [com.alibaba.nacos.client.remote.worker] com.alibaba.nacos.common.remote.client   : [b93a0872-0f0c-4581-84e3-2d29a7ffe77b] Abandon prev connection, server is 192.168.88.131:8848, connectionId is 1779181230610_192.168.88.1_8841
17:12:38:653  INFO 39352 --- [com.alibaba.nacos.client.remote.worker] com.alibaba.nacos.common.remote.client   : Close current connection 1779181230610_192.168.88.1_8841
17:12:38:655  INFO 39352 --- [nacos-grpc-client-executor-522] c.a.n.c.remote.client.grpc.GrpcClient    : [1779181230617_192.168.88.1_8844]Ignore complete event,isRunning:false,isAbandon=true
17:12:38:656  INFO 39352 --- [com.alibaba.nacos.client.remote.worker] com.alibaba.nacos.common.remote.client   : [87254b35-d59e-41be-ab9e-242c10cc9f2f] Notify disconnected event to listeners
17:12:38:656  INFO 39352 --- [nacos-grpc-client-executor-516] c.a.n.c.remote.client.grpc.GrpcClient    : [1779181230610_192.168.88.1_8841]Ignore complete event,isRunning:true,isAbandon=true
17:12:38:656  INFO 39352 --- [com.alibaba.nacos.client.remote.worker] com.alibaba.nacos.common.remote.client   : [b93a0872-0f0c-4581-84e3-2d29a7ffe77b] Notify disconnected event to listeners
17:12:38:659  INFO 39352 --- [com.alibaba.nacos.client.remote.worker] com.alibaba.nacos.common.remote.client   : [b93a0872-0f0c-4581-84e3-2d29a7ffe77b] Notify connected event to listeners.
17:12:38:660  INFO 39352 --- [com.alibaba.nacos.client.remote.worker] com.alibaba.nacos.common.remote.client   : [87254b35-d59e-41be-ab9e-242c10cc9f2f] Notify connected event to listeners.
17:12:39:766  INFO 39352 --- [nacos-grpc-client-executor-518] com.alibaba.nacos.common.remote.client   : [b93a0872-0f0c-4581-84e3-2d29a7ffe77b] Receive server push request, request = NotifySubscriberRequest, requestId = 20
17:12:39:766  INFO 39352 --- [nacos-grpc-client-executor-518] com.alibaba.nacos.common.remote.client   : [b93a0872-0f0c-4581-84e3-2d29a7ffe77b] Ack server push request, request = NotifySubscriberRequest, requestId = 20
17:12:41:952  INFO 39352 --- [nacos-grpc-client-executor-525] com.alibaba.nacos.common.remote.client   : [87254b35-d59e-41be-ab9e-242c10cc9f2f] Receive server push request, request = NotifySubscriberRequest, requestId = 24
17:12:41:952  INFO 39352 --- [nacos-grpc-client-executor-525] com.alibaba.nacos.common.remote.client   : [87254b35-d59e-41be-ab9e-242c10cc9f2f] Ack server push request, request = NotifySubscriberRequest, requestId = 24
17:31:38:854  WARN 39352 --- [Thread-5] c.a.nacos.common.notify.NotifyCenter     : [NotifyCenter] Start destroying Publisher
17:31:38:854  WARN 39352 --- [Thread-1] c.a.n.common.http.HttpClientBeanHolder   : [HttpClientBeanHolder] Start destroying common HttpClient
17:31:38:857  WARN 39352 --- [Thread-5] c.a.nacos.common.notify.NotifyCenter     : [NotifyCenter] Destruction of the end
17:31:38:860  WARN 39352 --- [Thread-1] c.a.n.common.http.HttpClientBeanHolder   : [HttpClientBeanHolder] Destruction of the end
17:31:38:897  INFO 39352 --- [org.springframework.amqp.rabbit.RabbitListenerEndpointContainer#0-2] o.s.a.r.l.SimpleMessageListenerContainer : Waiting for workers to finish.
17:31:38:897  INFO 39352 --- [org.springframework.amqp.rabbit.RabbitListenerEndpointContainer#1-2] o.s.a.r.l.SimpleMessageListenerContainer : Waiting for workers to finish.
17:31:39:137  INFO 39352 --- [org.springframework.amqp.rabbit.RabbitListenerEndpointContainer#0-2] o.s.a.r.l.SimpleMessageListenerContainer : Successfully waited for workers to finish.
17:31:39:247  INFO 39352 --- [org.springframework.amqp.rabbit.RabbitListenerEndpointContainer#1-2] o.s.a.r.l.SimpleMessageListenerContainer : Successfully waited for workers to finish.
17:31:39:295  INFO 39352 --- [SpringContextShutdownHook] c.a.c.n.registry.NacosServiceRegistry    : De-registering from Nacos Server now...
17:31:39:297  INFO 39352 --- [SpringContextShutdownHook] c.a.c.n.registry.NacosServiceRegistry    : De-registration finished.
17:31:39:606  INFO 39352 --- [SpringContextShutdownHook] com.alibaba.nacos.common.remote.client   : Shutdown rpc client, set status to shutdown
17:31:39:606  INFO 39352 --- [SpringContextShutdownHook] com.alibaba.nacos.common.remote.client   : Shutdown client event executor java.util.concurrent.ScheduledThreadPoolExecutor@7d0a49ca[Running, pool size = 2, active threads = 2, queued tasks = 0, completed tasks = 0]
17:31:39:606  INFO 39352 --- [SpringContextShutdownHook] com.alibaba.nacos.common.remote.client   : Close current connection 1779181956054_192.168.88.1_1172
17:31:39:607  INFO 39352 --- [SpringContextShutdownHook] c.a.n.c.remote.client.grpc.GrpcClient    : Shutdown grpc executor java.util.concurrent.ThreadPoolExecutor@42818c0e[Running, pool size = 4, active threads = 0, queued tasks = 0, completed tasks = 768]
17:31:39:618  INFO 39352 --- [SpringContextShutdownHook] com.zaxxer.hikari.HikariDataSource       : HikariPool-1 - Shutdown initiated...
17:31:39:648  INFO 39352 --- [SpringContextShutdownHook] com.zaxxer.hikari.HikariDataSource       : HikariPool-1 - Shutdown completed.
17:31:39:649  INFO 39352 --- [SpringContextShutdownHook] o.s.a.r.l.SimpleMessageListenerContainer : Shutdown ignored - container is already stopped
17:31:39:649  INFO 39352 --- [SpringContextShutdownHook] o.s.a.r.l.SimpleMessageListenerContainer : Shutdown ignored - container is already stopped
17:31:39:657  INFO 39352 --- [NettyClientSelector_RMROLE_1_1] i.s.c.r.n.AbstractNettyRemotingClient    : channel inactive: [id: 0x1bd3a839, L:/192.168.88.1:14965 ! R:/192.168.88.131:8099]
17:31:39:657  INFO 39352 --- [NettyClientSelector_RMROLE_1_1] i.s.c.r.netty.NettyClientChannelManager  : return to pool, rm channel:[id: 0x1bd3a839, L:/192.168.88.1:14965 ! R:/192.168.88.131:8099]
17:31:39:657  INFO 39352 --- [NettyClientSelector_RMROLE_1_1] i.s.core.rpc.netty.NettyPoolableFactory  : channel valid false,channel:[id: 0x1bd3a839, L:/192.168.88.1:14965 ! R:/192.168.88.131:8099]
17:31:39:658  INFO 39352 --- [NettyClientSelector_RMROLE_1_1] i.s.core.rpc.netty.NettyPoolableFactory  : will destroy channel:[id: 0x1bd3a839, L:/192.168.88.1:14965 ! R:/192.168.88.131:8099]
17:31:39:658  INFO 39352 --- [NettyClientSelector_RMROLE_1_1] i.s.c.r.n.AbstractNettyRemotingClient    : ChannelHandlerContext(AbstractNettyRemotingClient$ClientHandler#0, [id: 0x1bd3a839, L:/192.168.88.1:14965 ! R:/192.168.88.131:8099]) will closed
17:31:39:658  INFO 39352 --- [NettyClientSelector_RMROLE_1_1] i.s.c.r.n.AbstractNettyRemotingClient    : ChannelHandlerContext(AbstractNettyRemotingClient$ClientHandler#0, [id: 0x1bd3a839, L:/192.168.88.1:14965 ! R:/192.168.88.131:8099]) will closed
17:33:48:254  INFO 36976 --- [main] com.hmall.trade.TradeApplication         : The following 1 profile is active: "local"
17:33:48:926  INFO 36976 --- [main] o.s.cloud.context.scope.GenericScope     : BeanFactory id=fcaadba1-82d8-3f6e-bcff-538c0eb0f519
17:33:48:965  INFO 36976 --- [main] trationDelegate$BeanPostProcessorChecker : Bean 'io.seata.spring.boot.autoconfigure.SeataCoreAutoConfiguration' of type [io.seata.spring.boot.autoconfigure.SeataCoreAutoConfiguration] is not eligible for getting processed by all BeanPostProcessors (for example: not eligible for auto-proxying)
17:33:48:965  INFO 36976 --- [main] trationDelegate$BeanPostProcessorChecker : Bean 'springApplicationContextProvider' of type [io.seata.spring.boot.autoconfigure.provider.SpringApplicationContextProvider] is not eligible for getting processed by all BeanPostProcessors (for example: not eligible for auto-proxying)
17:33:48:965  INFO 36976 --- [main] trationDelegate$BeanPostProcessorChecker : Bean 'io.seata.spring.boot.autoconfigure.SeataAutoConfiguration' of type [io.seata.spring.boot.autoconfigure.SeataAutoConfiguration] is not eligible for getting processed by all BeanPostProcessors (for example: not eligible for auto-proxying)
17:33:48:997  INFO 36976 --- [main] trationDelegate$BeanPostProcessorChecker : Bean 'failureHandler' of type [io.seata.tm.api.DefaultFailureHandlerImpl] is not eligible for getting processed by all BeanPostProcessors (for example: not eligible for auto-proxying)
17:33:48:999  INFO 36976 --- [main] trationDelegate$BeanPostProcessorChecker : Bean 'org.springframework.cloud.commons.config.CommonsConfigAutoConfiguration' of type [org.springframework.cloud.commons.config.CommonsConfigAutoConfiguration] is not eligible for getting processed by all BeanPostProcessors (for example: not eligible for auto-proxying)
17:33:49:001  INFO 36976 --- [main] trationDelegate$BeanPostProcessorChecker : Bean 'org.springframework.cloud.client.loadbalancer.LoadBalancerDefaultMappingsProviderAutoConfiguration' of type [org.springframework.cloud.client.loadbalancer.LoadBalancerDefaultMappingsProviderAutoConfiguration] is not eligible for getting processed by all BeanPostProcessors (for example: not eligible for auto-proxying)
17:33:49:001  INFO 36976 --- [main] trationDelegate$BeanPostProcessorChecker : Bean 'loadBalancerClientsDefaultsMappingsProvider' of type [org.springframework.cloud.client.loadbalancer.LoadBalancerDefaultMappingsProviderAutoConfiguration$$Lambda$578/0x000001d245626460] is not eligible for getting processed by all BeanPostProcessors (for example: not eligible for auto-proxying)
17:33:49:002  INFO 36976 --- [main] trationDelegate$BeanPostProcessorChecker : Bean 'defaultsBindHandlerAdvisor' of type [org.springframework.cloud.commons.config.DefaultsBindHandlerAdvisor] is not eligible for getting processed by all BeanPostProcessors (for example: not eligible for auto-proxying)
17:33:49:004  INFO 36976 --- [main] trationDelegate$BeanPostProcessorChecker : Bean 'springCloudAlibabaConfiguration' of type [io.seata.spring.boot.autoconfigure.properties.SpringCloudAlibabaConfiguration] is not eligible for getting processed by all BeanPostProcessors (for example: not eligible for auto-proxying)
17:33:49:006  INFO 36976 --- [main] trationDelegate$BeanPostProcessorChecker : Bean 'seataProperties' of type [io.seata.spring.boot.autoconfigure.properties.SeataProperties] is not eligible for getting processed by all BeanPostProcessors (for example: not eligible for auto-proxying)
17:33:49:007  INFO 36976 --- [main] i.s.s.b.a.SeataAutoConfiguration         : Automatically configure Seata
17:33:49:056  INFO 36976 --- [main] io.seata.config.ConfigurationFactory     : load Configuration from :Spring Configuration
17:33:49:061  INFO 36976 --- [main] io.seata.config.ConfigurationFactory     : load Configuration from :Spring Configuration
17:33:49:260  INFO 36976 --- [main] i.s.s.a.GlobalTransactionScanner         : Initializing Global Transaction Clients ... 
17:33:49:304  INFO 36976 --- [main] i.s.core.rpc.netty.NettyClientBootstrap  : NettyClientBootstrap has started
17:33:49:489  INFO 36976 --- [main] com.alibaba.nacos.common.remote.client   : [RpcClientFactory] create a new rpc client of f2a63b86-f241-4b9a-b45d-08f2997b35fd
17:33:49:489  INFO 36976 --- [main] com.alibaba.nacos.common.remote.client   : [f2a63b86-f241-4b9a-b45d-08f2997b35fd] RpcClient init label, labels = {module=naming, source=sdk}
17:33:49:490  INFO 36976 --- [main] com.alibaba.nacos.common.remote.client   : [f2a63b86-f241-4b9a-b45d-08f2997b35fd] RpcClient init, ServerListFactory = com.alibaba.nacos.client.naming.core.ServerListManager
17:33:49:490  INFO 36976 --- [main] com.alibaba.nacos.common.remote.client   : [f2a63b86-f241-4b9a-b45d-08f2997b35fd] Registry connection listener to current client:com.alibaba.nacos.client.naming.remote.gprc.redo.NamingGrpcRedoService
17:33:49:491  INFO 36976 --- [main] com.alibaba.nacos.common.remote.client   : [f2a63b86-f241-4b9a-b45d-08f2997b35fd] Register server push request handler:com.alibaba.nacos.client.naming.remote.gprc.NamingPushRequestHandler
17:33:49:491  INFO 36976 --- [main] com.alibaba.nacos.common.remote.client   : [f2a63b86-f241-4b9a-b45d-08f2997b35fd] Try to connect to server on start up, server: {serverIp = '192.168.88.131', server main port = 8848}
17:33:49:623  INFO 36976 --- [main] com.alibaba.nacos.common.remote.client   : [f2a63b86-f241-4b9a-b45d-08f2997b35fd] Success to connect to server [192.168.88.131:8848] on start up, connectionId = 1779183227010_192.168.88.1_9456
17:33:49:623  INFO 36976 --- [main] com.alibaba.nacos.common.remote.client   : [f2a63b86-f241-4b9a-b45d-08f2997b35fd] Register server push request handler:com.alibaba.nacos.common.remote.client.RpcClient$ConnectResetRequestHandler
17:33:49:623  INFO 36976 --- [main] com.alibaba.nacos.common.remote.client   : [f2a63b86-f241-4b9a-b45d-08f2997b35fd] Register server push request handler:com.alibaba.nacos.common.remote.client.RpcClient$$Lambda$486/0x000001d2454fcf98
17:33:49:623  INFO 36976 --- [com.alibaba.nacos.client.remote.worker] com.alibaba.nacos.common.remote.client   : [f2a63b86-f241-4b9a-b45d-08f2997b35fd] Notify connected event to listeners.
17:33:49:645  INFO 36976 --- [main] i.s.c.r.netty.NettyClientChannelManager  : will connect to 192.168.88.131:8099
17:33:49:677  INFO 36976 --- [main] i.s.core.rpc.netty.NettyPoolableFactory  : NettyPool create channel to transactionRole:TMROLE,address:192.168.88.131:8099,msg:< RegisterTMRequest{applicationId='trade-service', transactionServiceGroup='hmall'} >
17:33:49:793  WARN 36976 --- [NettyClientSelector_TMROLE_1_1] ServiceLoader$InnerEnhancedServiceLoader : Load [io.seata.serializer.hessian.HessianSerializer] class fail. com/caucho/hessian/io/AbstractHessianOutput
17:33:49:810  INFO 36976 --- [main] i.s.c.rpc.netty.TmNettyRemotingClient    : register TM success. client version:1.6.1, server version:1.5.2,channel:[id: 0x97333dcd, L:/192.168.88.1:9457 - R:/192.168.88.131:8099]
17:33:49:812  INFO 36976 --- [main] i.s.core.rpc.netty.NettyPoolableFactory  : register success, cost 38 ms, version:1.5.2,role:TMROLE,channel:[id: 0x97333dcd, L:/192.168.88.1:9457 - R:/192.168.88.131:8099]
17:33:49:813  INFO 36976 --- [main] i.s.s.a.GlobalTransactionScanner         : Transaction Manager Client is initialized. applicationId[trade-service] txServiceGroup[hmall]
17:33:49:822  INFO 36976 --- [main] io.seata.rm.datasource.AsyncWorker       : Async Commit Buffer Limit: 10000
17:33:49:822  INFO 36976 --- [main] i.s.rm.datasource.xa.ResourceManagerXA   : ResourceManagerXA init ...
17:33:49:826  INFO 36976 --- [main] i.s.core.rpc.netty.NettyClientBootstrap  : NettyClientBootstrap has started
17:33:49:827  INFO 36976 --- [main] i.s.s.a.GlobalTransactionScanner         : Resource Manager is initialized. applicationId[trade-service] txServiceGroup[hmall]
17:33:49:827  INFO 36976 --- [main] i.s.s.a.GlobalTransactionScanner         : Global Transaction Clients are initialized. 
17:33:49:930  INFO 36976 --- [main] trationDelegate$BeanPostProcessorChecker : Bean 'com.alibaba.cloud.seata.feign.SeataFeignClientAutoConfiguration$FeignBeanPostProcessorConfiguration' of type [com.alibaba.cloud.seata.feign.SeataFeignClientAutoConfiguration$FeignBeanPostProcessorConfiguration] is not eligible for getting processed by all BeanPostProcessors (for example: not eligible for auto-proxying)
17:33:49:933  INFO 36976 --- [main] trationDelegate$BeanPostProcessorChecker : Bean 'seataFeignObjectWrapper' of type [com.alibaba.cloud.seata.feign.SeataFeignObjectWrapper] is not eligible for getting processed by all BeanPostProcessors (for example: not eligible for auto-proxying)
17:33:50:120  INFO 36976 --- [main] o.s.b.w.embedded.tomcat.TomcatWebServer  : Tomcat initialized with port(s): 8085 (http)
17:33:50:127  INFO 36976 --- [main] o.apache.catalina.core.StandardService   : Starting service [Tomcat]
17:33:50:128  INFO 36976 --- [main] org.apache.catalina.core.StandardEngine  : Starting Servlet engine: [Apache Tomcat/9.0.75]
17:33:50:232  INFO 36976 --- [nacos-grpc-client-executor-4] com.alibaba.nacos.common.remote.client   : [f2a63b86-f241-4b9a-b45d-08f2997b35fd] Receive server push request, request = NotifySubscriberRequest, requestId = 44
17:33:50:233  INFO 36976 --- [nacos-grpc-client-executor-4] com.alibaba.nacos.common.remote.client   : [f2a63b86-f241-4b9a-b45d-08f2997b35fd] Ack server push request, request = NotifySubscriberRequest, requestId = 44
17:33:50:245  INFO 36976 --- [main] o.a.c.c.C.[Tomcat].[localhost].[/]       : Initializing Spring embedded WebApplicationContext
17:33:50:246  INFO 36976 --- [main] w.s.c.ServletWebServerApplicationContext : Root WebApplicationContext: initialization completed in 1978 ms
17:33:50:392  INFO 36976 --- [main] o.s.c.openfeign.FeignClientFactoryBean   : For 'item-service' URL not provided. Will try picking an instance via load-balancing.
17:33:50:489  INFO 36976 --- [main] com.zaxxer.hikari.HikariDataSource       : HikariPool-1 - Starting...
17:33:50:688  INFO 36976 --- [main] com.zaxxer.hikari.HikariDataSource       : HikariPool-1 - Start completed.
17:33:50:766  INFO 36976 --- [main] i.s.c.r.netty.NettyClientChannelManager  : will connect to 192.168.88.131:8099
17:33:50:766  INFO 36976 --- [main] i.s.c.rpc.netty.RmNettyRemotingClient    : RM will register :jdbc:mysql://192.168.88.131:3307/hm-trade
17:33:50:766  INFO 36976 --- [main] i.s.core.rpc.netty.NettyPoolableFactory  : NettyPool create channel to transactionRole:RMROLE,address:192.168.88.131:8099,msg:< RegisterRMRequest{resourceIds='jdbc:mysql://192.168.88.131:3307/hm-trade', applicationId='trade-service', transactionServiceGroup='hmall'} >
17:33:50:773  INFO 36976 --- [main] i.s.c.rpc.netty.RmNettyRemotingClient    : register RM success. client version:1.6.1, server version:1.5.2,channel:[id: 0x5caaffb1, L:/192.168.88.1:9459 - R:/192.168.88.131:8099]
17:33:50:773  INFO 36976 --- [main] i.s.core.rpc.netty.NettyPoolableFactory  : register success, cost 5 ms, version:1.5.2,role:RMROLE,channel:[id: 0x5caaffb1, L:/192.168.88.1:9459 - R:/192.168.88.131:8099]
17:33:51:102  INFO 36976 --- [main] i.s.s.a.GlobalTransactionScanner         : Bean[com.hmall.trade.service.impl.OrderServiceImpl$$EnhancerBySpringCGLIB$$2dd52662] with name [orderServiceImpl] would use interceptor [io.seata.spring.annotation.GlobalTransactionalInterceptor]
17:33:51:118  INFO 36976 --- [main] o.s.c.openfeign.FeignClientFactoryBean   : For 'pay-service' URL not provided. Will try picking an instance via load-balancing.
17:33:52:639  INFO 36976 --- [main] o.s.cloud.commons.util.InetUtils         : Cannot determine local hostname
17:33:52:671  INFO 36976 --- [main] pertySourcedRequestMappingHandlerMapping : Mapped URL path [/v2/api-docs] onto method [springfox.documentation.swagger2.web.Swagger2ControllerWebMvc#getDocumentation(String, HttpServletRequest)]
17:33:53:970  INFO 36976 --- [main] o.s.cloud.commons.util.InetUtils         : Cannot determine local hostname
17:33:54:104  INFO 36976 --- [main] com.alibaba.nacos.common.remote.client   : [RpcClientFactory] create a new rpc client of 5012e947-428e-4199-ba1b-e3f3b4c6a74d
17:33:54:104  INFO 36976 --- [main] com.alibaba.nacos.common.remote.client   : [5012e947-428e-4199-ba1b-e3f3b4c6a74d] RpcClient init label, labels = {module=naming, source=sdk}
17:33:54:105  INFO 36976 --- [main] com.alibaba.nacos.common.remote.client   : [5012e947-428e-4199-ba1b-e3f3b4c6a74d] RpcClient init, ServerListFactory = com.alibaba.nacos.client.naming.core.ServerListManager
17:33:54:105  INFO 36976 --- [main] com.alibaba.nacos.common.remote.client   : [5012e947-428e-4199-ba1b-e3f3b4c6a74d] Registry connection listener to current client:com.alibaba.nacos.client.naming.remote.gprc.redo.NamingGrpcRedoService
17:33:54:105  INFO 36976 --- [main] com.alibaba.nacos.common.remote.client   : [5012e947-428e-4199-ba1b-e3f3b4c6a74d] Register server push request handler:com.alibaba.nacos.client.naming.remote.gprc.NamingPushRequestHandler
17:33:54:106  INFO 36976 --- [main] com.alibaba.nacos.common.remote.client   : [5012e947-428e-4199-ba1b-e3f3b4c6a74d] Try to connect to server on start up, server: {serverIp = '192.168.88.131', server main port = 8848}
17:33:54:232  INFO 36976 --- [main] com.alibaba.nacos.common.remote.client   : [5012e947-428e-4199-ba1b-e3f3b4c6a74d] Success to connect to server [192.168.88.131:8848] on start up, connectionId = 1779183231630_192.168.88.1_9473
17:33:54:232  INFO 36976 --- [main] com.alibaba.nacos.common.remote.client   : [5012e947-428e-4199-ba1b-e3f3b4c6a74d] Register server push request handler:com.alibaba.nacos.common.remote.client.RpcClient$ConnectResetRequestHandler
17:33:54:232  INFO 36976 --- [com.alibaba.nacos.client.remote.worker] com.alibaba.nacos.common.remote.client   : [5012e947-428e-4199-ba1b-e3f3b4c6a74d] Notify connected event to listeners.
17:33:54:232  INFO 36976 --- [main] com.alibaba.nacos.common.remote.client   : [5012e947-428e-4199-ba1b-e3f3b4c6a74d] Register server push request handler:com.alibaba.nacos.common.remote.client.RpcClient$$Lambda$486/0x000001d2454fcf98
17:33:54:248  INFO 36976 --- [main] o.s.b.w.embedded.tomcat.TomcatWebServer  : Tomcat started on port(s): 8085 (http) with context path ''
17:33:54:255  INFO 36976 --- [main] c.a.c.n.registry.NacosServiceRegistry    : nacos registry, DEFAULT_GROUP trade-service 26.110.20.208:8085 register finished
17:33:54:828  INFO 36976 --- [nacos-grpc-client-executor-6] com.alibaba.nacos.common.remote.client   : [5012e947-428e-4199-ba1b-e3f3b4c6a74d] Receive server push request, request = NotifySubscriberRequest, requestId = 46
17:33:54:829  INFO 36976 --- [nacos-grpc-client-executor-6] com.alibaba.nacos.common.remote.client   : [5012e947-428e-4199-ba1b-e3f3b4c6a74d] Ack server push request, request = NotifySubscriberRequest, requestId = 46
17:33:55:501  INFO 36976 --- [main] o.s.cloud.commons.util.InetUtils         : Cannot determine local hostname
17:33:55:501  INFO 36976 --- [main] d.s.w.p.DocumentationPluginsBootstrapper : Documentation plugins bootstrapped
17:33:55:502  INFO 36976 --- [main] d.s.w.p.DocumentationPluginsBootstrapper : Found 1 custom documentation plugin(s)
17:33:55:516  INFO 36976 --- [main] s.d.s.w.s.ApiListingReferenceScanner     : Scanning for api listing references
17:33:55:558  INFO 36976 --- [main] o.s.a.r.c.CachingConnectionFactory       : Attempting to connect to: [192.168.88.131:5672]
17:33:55:623  INFO 36976 --- [main] o.s.a.r.c.CachingConnectionFactory       : Created new connection: rabbitConnectionFactory#2c1b10f2:0/SimpleConnection@24a5ddd7 [delegate=amqp://hmall@192.168.88.131:5672//hmall, localPort= 9498]
17:33:55:694  INFO 36976 --- [main] com.hmall.trade.TradeApplication         : Started TradeApplication in 11.883 seconds (JVM running for 12.738)
17:33:55:700  INFO 36976 --- [main] c.a.c.n.refresh.NacosContextRefresher    : [Nacos Config] Listening config: dataId=trade-service, group=DEFAULT_GROUP
17:33:55:701  INFO 36976 --- [main] c.a.c.n.refresh.NacosContextRefresher    : [Nacos Config] Listening config: dataId=trade-service-local.yaml, group=DEFAULT_GROUP
17:33:55:701  INFO 36976 --- [main] c.a.c.n.refresh.NacosContextRefresher    : [Nacos Config] Listening config: dataId=trade-service.yaml, group=DEFAULT_GROUP
19:52:03:286  WARN 36976 --- [Thread-1] c.a.n.common.http.HttpClientBeanHolder   : [HttpClientBeanHolder] Start destroying common HttpClient
19:52:03:286  WARN 36976 --- [Thread-5] c.a.nacos.common.notify.NotifyCenter     : [NotifyCenter] Start destroying Publisher
19:52:03:315  WARN 36976 --- [Thread-5] c.a.nacos.common.notify.NotifyCenter     : [NotifyCenter] Destruction of the end
19:52:03:334  WARN 36976 --- [Thread-1] c.a.n.common.http.HttpClientBeanHolder   : [HttpClientBeanHolder] Destruction of the end
19:52:03:487  INFO 36976 --- [org.springframework.amqp.rabbit.RabbitListenerEndpointContainer#0-2] o.s.a.r.l.SimpleMessageListenerContainer : Waiting for workers to finish.
19:52:03:489  INFO 36976 --- [org.springframework.amqp.rabbit.RabbitListenerEndpointContainer#1-2] o.s.a.r.l.SimpleMessageListenerContainer : Waiting for workers to finish.
19:52:03:528  INFO 36976 --- [org.springframework.amqp.rabbit.RabbitListenerEndpointContainer#0-2] o.s.a.r.l.SimpleMessageListenerContainer : Successfully waited for workers to finish.
19:52:04:306  INFO 36976 --- [org.springframework.amqp.rabbit.RabbitListenerEndpointContainer#1-2] o.s.a.r.l.SimpleMessageListenerContainer : Successfully waited for workers to finish.
19:52:04:472  INFO 36976 --- [SpringContextShutdownHook] c.a.c.n.registry.NacosServiceRegistry    : De-registering from Nacos Server now...
19:52:04:489  INFO 36976 --- [SpringContextShutdownHook] c.a.c.n.registry.NacosServiceRegistry    : De-registration finished.
19:52:04:812  INFO 36976 --- [SpringContextShutdownHook] com.alibaba.nacos.common.remote.client   : Shutdown rpc client, set status to shutdown
19:52:04:813  INFO 36976 --- [SpringContextShutdownHook] com.alibaba.nacos.common.remote.client   : Shutdown client event executor java.util.concurrent.ScheduledThreadPoolExecutor@298da8de[Running, pool size = 2, active threads = 2, queued tasks = 0, completed tasks = 0]
19:52:04:814  INFO 36976 --- [SpringContextShutdownHook] com.alibaba.nacos.common.remote.client   : Close current connection 1779183231630_192.168.88.1_9473
19:52:04:823  INFO 36976 --- [nacos-grpc-client-executor-1710] c.a.n.c.remote.client.grpc.GrpcClient    : [1779183231630_192.168.88.1_9473]Ignore complete event,isRunning:false,isAbandon=false
19:52:04:855  INFO 36976 --- [SpringContextShutdownHook] c.a.n.c.remote.client.grpc.GrpcClient    : Shutdown grpc executor java.util.concurrent.ThreadPoolExecutor@4821f09e[Running, pool size = 5, active threads = 0, queued tasks = 0, completed tasks = 1711]
19:52:04:890  INFO 36976 --- [SpringContextShutdownHook] com.zaxxer.hikari.HikariDataSource       : HikariPool-1 - Shutdown initiated...
19:52:05:652  INFO 36976 --- [SpringContextShutdownHook] com.zaxxer.hikari.HikariDataSource       : HikariPool-1 - Shutdown completed.
19:52:05:654  INFO 36976 --- [SpringContextShutdownHook] o.s.a.r.l.SimpleMessageListenerContainer : Shutdown ignored - container is already stopped
19:52:05:654  INFO 36976 --- [SpringContextShutdownHook] o.s.a.r.l.SimpleMessageListenerContainer : Shutdown ignored - container is already stopped
19:52:05:687  INFO 36976 --- [NettyClientSelector_RMROLE_1_1] i.s.c.r.n.AbstractNettyRemotingClient    : channel inactive: [id: 0x5caaffb1, L:/192.168.88.1:9459 ! R:/192.168.88.131:8099]
19:52:05:687  INFO 36976 --- [NettyClientSelector_RMROLE_1_1] i.s.c.r.netty.NettyClientChannelManager  : return to pool, rm channel:[id: 0x5caaffb1, L:/192.168.88.1:9459 ! R:/192.168.88.131:8099]
19:52:05:688  INFO 36976 --- [NettyClientSelector_RMROLE_1_1] i.s.core.rpc.netty.NettyPoolableFactory  : channel valid false,channel:[id: 0x5caaffb1, L:/192.168.88.1:9459 ! R:/192.168.88.131:8099]
19:52:05:689  INFO 36976 --- [NettyClientSelector_RMROLE_1_1] i.s.core.rpc.netty.NettyPoolableFactory  : will destroy channel:[id: 0x5caaffb1, L:/192.168.88.1:9459 ! R:/192.168.88.131:8099]
19:52:05:690  INFO 36976 --- [NettyClientSelector_RMROLE_1_1] i.s.c.r.n.AbstractNettyRemotingClient    : ChannelHandlerContext(AbstractNettyRemotingClient$ClientHandler#0, [id: 0x5caaffb1, L:/192.168.88.1:9459 ! R:/192.168.88.131:8099]) will closed
19:52:05:690  INFO 36976 --- [NettyClientSelector_RMROLE_1_1] i.s.c.r.n.AbstractNettyRemotingClient    : ChannelHandlerContext(AbstractNettyRemotingClient$ClientHandler#0, [id: 0x5caaffb1, L:/192.168.88.1:9459 ! R:/192.168.88.131:8099]) will closed
