15:28:48:359  INFO 13216 --- [main] com.hmall.item.ItemApplication           : The following 1 profile is active: "local"
15:28:48:847  INFO 13216 --- [main] o.s.cloud.context.scope.GenericScope     : BeanFactory id=308892e5-b9ef-3d89-b921-896769f4308c
15:28:48:878  INFO 13216 --- [main] trationDelegate$BeanPostProcessorChecker : Bean 'io.seata.spring.boot.autoconfigure.SeataCoreAutoConfiguration' of type [io.seata.spring.boot.autoconfigure.SeataCoreAutoConfiguration] is not eligible for getting processed by all BeanPostProcessors (for example: not eligible for auto-proxying)
15:28:48:878  INFO 13216 --- [main] trationDelegate$BeanPostProcessorChecker : Bean 'springApplicationContextProvider' of type [io.seata.spring.boot.autoconfigure.provider.SpringApplicationContextProvider] is not eligible for getting processed by all BeanPostProcessors (for example: not eligible for auto-proxying)
15:28:48:879  INFO 13216 --- [main] trationDelegate$BeanPostProcessorChecker : Bean 'io.seata.spring.boot.autoconfigure.SeataAutoConfiguration' of type [io.seata.spring.boot.autoconfigure.SeataAutoConfiguration] is not eligible for getting processed by all BeanPostProcessors (for example: not eligible for auto-proxying)
15:28:48:893  INFO 13216 --- [main] trationDelegate$BeanPostProcessorChecker : Bean 'failureHandler' of type [io.seata.tm.api.DefaultFailureHandlerImpl] is not eligible for getting processed by all BeanPostProcessors (for example: not eligible for auto-proxying)
15:28:48:895  INFO 13216 --- [main] trationDelegate$BeanPostProcessorChecker : Bean 'org.springframework.cloud.commons.config.CommonsConfigAutoConfiguration' of type [org.springframework.cloud.commons.config.CommonsConfigAutoConfiguration] is not eligible for getting processed by all BeanPostProcessors (for example: not eligible for auto-proxying)
15:28:48:896  INFO 13216 --- [main] trationDelegate$BeanPostProcessorChecker : Bean 'org.springframework.cloud.client.loadbalancer.LoadBalancerDefaultMappingsProviderAutoConfiguration' of type [org.springframework.cloud.client.loadbalancer.LoadBalancerDefaultMappingsProviderAutoConfiguration] is not eligible for getting processed by all BeanPostProcessors (for example: not eligible for auto-proxying)
15:28:48:896  INFO 13216 --- [main] trationDelegate$BeanPostProcessorChecker : Bean 'loadBalancerClientsDefaultsMappingsProvider' of type [org.springframework.cloud.client.loadbalancer.LoadBalancerDefaultMappingsProviderAutoConfiguration$$Lambda$560/0x0000000800651c40] is not eligible for getting processed by all BeanPostProcessors (for example: not eligible for auto-proxying)
15:28:48:896  INFO 13216 --- [main] trationDelegate$BeanPostProcessorChecker : Bean 'defaultsBindHandlerAdvisor' of type [org.springframework.cloud.commons.config.DefaultsBindHandlerAdvisor] is not eligible for getting processed by all BeanPostProcessors (for example: not eligible for auto-proxying)
15:28:48:898  INFO 13216 --- [main] trationDelegate$BeanPostProcessorChecker : Bean 'springCloudAlibabaConfiguration' of type [io.seata.spring.boot.autoconfigure.properties.SpringCloudAlibabaConfiguration] is not eligible for getting processed by all BeanPostProcessors (for example: not eligible for auto-proxying)
15:28:48:899  INFO 13216 --- [main] trationDelegate$BeanPostProcessorChecker : Bean 'seataProperties' of type [io.seata.spring.boot.autoconfigure.properties.SeataProperties] is not eligible for getting processed by all BeanPostProcessors (for example: not eligible for auto-proxying)
15:28:48:900  INFO 13216 --- [main] i.s.s.b.a.SeataAutoConfiguration         : Automatically configure Seata
15:28:48:932  INFO 13216 --- [main] io.seata.config.ConfigurationFactory     : load Configuration from :Spring Configuration
15:28:48:935  INFO 13216 --- [main] io.seata.config.ConfigurationFactory     : load Configuration from :Spring Configuration
15:28:49:097  INFO 13216 --- [main] i.s.s.a.GlobalTransactionScanner         : Initializing Global Transaction Clients ... 
15:28:49:136  INFO 13216 --- [main] i.s.core.rpc.netty.NettyClientBootstrap  : NettyClientBootstrap has started
15:28:49:327  INFO 13216 --- [main] com.alibaba.nacos.common.remote.client   : [RpcClientFactory] create a new rpc client of 05ffa971-49e6-4624-b7e9-2e00a1865dd3
15:28:49:327  INFO 13216 --- [main] com.alibaba.nacos.common.remote.client   : [05ffa971-49e6-4624-b7e9-2e00a1865dd3] RpcClient init label, labels = {module=naming, source=sdk}
15:28:49:328  INFO 13216 --- [main] com.alibaba.nacos.common.remote.client   : [05ffa971-49e6-4624-b7e9-2e00a1865dd3] RpcClient init, ServerListFactory = com.alibaba.nacos.client.naming.core.ServerListManager
15:28:49:328  INFO 13216 --- [main] com.alibaba.nacos.common.remote.client   : [05ffa971-49e6-4624-b7e9-2e00a1865dd3] Registry connection listener to current client:com.alibaba.nacos.client.naming.remote.gprc.redo.NamingGrpcRedoService
15:28:49:329  INFO 13216 --- [main] com.alibaba.nacos.common.remote.client   : [05ffa971-49e6-4624-b7e9-2e00a1865dd3] Register server push request handler:com.alibaba.nacos.client.naming.remote.gprc.NamingPushRequestHandler
15:28:49:329  INFO 13216 --- [main] com.alibaba.nacos.common.remote.client   : [05ffa971-49e6-4624-b7e9-2e00a1865dd3] Try to connect to server on start up, server: {serverIp = '192.168.88.131', server main port = 8848}
15:28:49:460  INFO 13216 --- [main] com.alibaba.nacos.common.remote.client   : [05ffa971-49e6-4624-b7e9-2e00a1865dd3] Success to connect to server [192.168.88.131:8848] on start up, connectionId = 1779262126291_192.168.88.1_2566
15:28:49:460  INFO 13216 --- [main] com.alibaba.nacos.common.remote.client   : [05ffa971-49e6-4624-b7e9-2e00a1865dd3] Register server push request handler:com.alibaba.nacos.common.remote.client.RpcClient$ConnectResetRequestHandler
15:28:49:460  INFO 13216 --- [main] com.alibaba.nacos.common.remote.client   : [05ffa971-49e6-4624-b7e9-2e00a1865dd3] Register server push request handler:com.alibaba.nacos.common.remote.client.RpcClient$$Lambda$471/0x0000000800497c40
15:28:49:460  INFO 13216 --- [com.alibaba.nacos.client.remote.worker] com.alibaba.nacos.common.remote.client   : [05ffa971-49e6-4624-b7e9-2e00a1865dd3] Notify connected event to listeners.
15:28:49:531  INFO 13216 --- [main] i.s.c.r.netty.NettyClientChannelManager  : will connect to 192.168.88.131:8099
15:28:49:934  INFO 13216 --- [main] i.s.core.rpc.netty.NettyPoolableFactory  : NettyPool create channel to transactionRole:TMROLE,address:192.168.88.131:8099,msg:< RegisterTMRequest{applicationId='item-service', transactionServiceGroup='hmall'} >
15:28:50:083  INFO 13216 --- [nacos-grpc-client-executor-7] com.alibaba.nacos.common.remote.client   : [05ffa971-49e6-4624-b7e9-2e00a1865dd3] Receive server push request, request = NotifySubscriberRequest, requestId = 1
15:28:50:085  INFO 13216 --- [nacos-grpc-client-executor-7] com.alibaba.nacos.common.remote.client   : [05ffa971-49e6-4624-b7e9-2e00a1865dd3] Ack server push request, request = NotifySubscriberRequest, requestId = 1
15:28:50:960  INFO 13216 --- [main] i.s.c.rpc.netty.TmNettyRemotingClient    : register TM success. client version:1.6.1, server version:1.5.2,channel:[id: 0x73765b01, L:/192.168.88.1:2567 - R:/192.168.88.131:8099]
15:28:50:963  INFO 13216 --- [main] i.s.core.rpc.netty.NettyPoolableFactory  : register success, cost 587 ms, version:1.5.2,role:TMROLE,channel:[id: 0x73765b01, L:/192.168.88.1:2567 - R:/192.168.88.131:8099]
15:28:50:964  INFO 13216 --- [main] i.s.s.a.GlobalTransactionScanner         : Transaction Manager Client is initialized. applicationId[item-service] txServiceGroup[hmall]
15:28:50:970  INFO 13216 --- [main] io.seata.rm.datasource.AsyncWorker       : Async Commit Buffer Limit: 10000
15:28:50:970  INFO 13216 --- [main] i.s.rm.datasource.xa.ResourceManagerXA   : ResourceManagerXA init ...
15:28:50:974  INFO 13216 --- [main] i.s.core.rpc.netty.NettyClientBootstrap  : NettyClientBootstrap has started
15:28:50:974  INFO 13216 --- [main] i.s.s.a.GlobalTransactionScanner         : Resource Manager is initialized. applicationId[item-service] txServiceGroup[hmall]
15:28:50:974  INFO 13216 --- [main] i.s.s.a.GlobalTransactionScanner         : Global Transaction Clients are initialized. 
15:28:51:138  INFO 13216 --- [main] o.s.b.w.embedded.tomcat.TomcatWebServer  : Tomcat initialized with port(s): 8081 (http)
15:28:51:144  INFO 13216 --- [main] o.apache.catalina.core.StandardService   : Starting service [Tomcat]
15:28:51:144  INFO 13216 --- [main] org.apache.catalina.core.StandardEngine  : Starting Servlet engine: [Apache Tomcat/9.0.75]
15:28:51:278  INFO 13216 --- [main] o.a.c.c.C.[Tomcat].[localhost].[/]       : Initializing Spring embedded WebApplicationContext
15:28:51:278  INFO 13216 --- [main] w.s.c.ServletWebServerApplicationContext : Root WebApplicationContext: initialization completed in 2908 ms
15:28:51:369  INFO 13216 --- [main] com.zaxxer.hikari.HikariDataSource       : HikariPool-1 - Starting...
15:28:51:694  INFO 13216 --- [main] com.zaxxer.hikari.HikariDataSource       : HikariPool-1 - Start completed.
15:28:51:764  INFO 13216 --- [main] i.s.c.r.netty.NettyClientChannelManager  : will connect to 192.168.88.131:8099
15:28:51:764  INFO 13216 --- [main] i.s.c.rpc.netty.RmNettyRemotingClient    : RM will register :jdbc:mysql://192.168.88.131:3307/hm-item
15:28:51:765  INFO 13216 --- [main] i.s.core.rpc.netty.NettyPoolableFactory  : NettyPool create channel to transactionRole:RMROLE,address:192.168.88.131:8099,msg:< RegisterRMRequest{resourceIds='jdbc:mysql://192.168.88.131:3307/hm-item', applicationId='item-service', transactionServiceGroup='hmall'} >
15:28:51:781  INFO 13216 --- [main] i.s.c.rpc.netty.RmNettyRemotingClient    : register RM success. client version:1.6.1, server version:1.5.2,channel:[id: 0x64631137, L:/192.168.88.1:2571 - R:/192.168.88.131:8099]
15:28:51:781  INFO 13216 --- [main] i.s.core.rpc.netty.NettyPoolableFactory  : register success, cost 13 ms, version:1.5.2,role:RMROLE,channel:[id: 0x64631137, L:/192.168.88.1:2571 - R:/192.168.88.131:8099]
15:28:54:172  INFO 13216 --- [main] o.s.cloud.commons.util.InetUtils         : Cannot determine local hostname
15:28:54:194  INFO 13216 --- [main] pertySourcedRequestMappingHandlerMapping : Mapped URL path [/v2/api-docs] onto method [springfox.documentation.swagger2.web.Swagger2ControllerWebMvc#getDocumentation(String, HttpServletRequest)]
15:28:56:003  INFO 13216 --- [main] o.s.cloud.commons.util.InetUtils         : Cannot determine local hostname
15:28:56:052  INFO 13216 --- [main] com.alibaba.nacos.common.remote.client   : [RpcClientFactory] create a new rpc client of d39774cc-dd18-4fc8-8ad8-7caffed3c67e
15:28:56:052  INFO 13216 --- [main] com.alibaba.nacos.common.remote.client   : [d39774cc-dd18-4fc8-8ad8-7caffed3c67e] RpcClient init label, labels = {module=naming, source=sdk}
15:28:56:052  INFO 13216 --- [main] com.alibaba.nacos.common.remote.client   : [d39774cc-dd18-4fc8-8ad8-7caffed3c67e] RpcClient init, ServerListFactory = com.alibaba.nacos.client.naming.core.ServerListManager
15:28:56:052  INFO 13216 --- [main] com.alibaba.nacos.common.remote.client   : [d39774cc-dd18-4fc8-8ad8-7caffed3c67e] Registry connection listener to current client:com.alibaba.nacos.client.naming.remote.gprc.redo.NamingGrpcRedoService
15:28:56:052  INFO 13216 --- [main] com.alibaba.nacos.common.remote.client   : [d39774cc-dd18-4fc8-8ad8-7caffed3c67e] Register server push request handler:com.alibaba.nacos.client.naming.remote.gprc.NamingPushRequestHandler
15:28:56:054  INFO 13216 --- [main] com.alibaba.nacos.common.remote.client   : [d39774cc-dd18-4fc8-8ad8-7caffed3c67e] Try to connect to server on start up, server: {serverIp = '192.168.88.131', server main port = 8848}
15:28:56:191  INFO 13216 --- [main] com.alibaba.nacos.common.remote.client   : [d39774cc-dd18-4fc8-8ad8-7caffed3c67e] Success to connect to server [192.168.88.131:8848] on start up, connectionId = 1779262133014_192.168.88.1_2631
15:28:56:191  INFO 13216 --- [main] com.alibaba.nacos.common.remote.client   : [d39774cc-dd18-4fc8-8ad8-7caffed3c67e] Register server push request handler:com.alibaba.nacos.common.remote.client.RpcClient$ConnectResetRequestHandler
15:28:56:191  INFO 13216 --- [main] com.alibaba.nacos.common.remote.client   : [d39774cc-dd18-4fc8-8ad8-7caffed3c67e] Register server push request handler:com.alibaba.nacos.common.remote.client.RpcClient$$Lambda$471/0x0000000800497c40
15:28:56:191  INFO 13216 --- [com.alibaba.nacos.client.remote.worker] com.alibaba.nacos.common.remote.client   : [d39774cc-dd18-4fc8-8ad8-7caffed3c67e] Notify connected event to listeners.
15:28:56:216  INFO 13216 --- [main] o.s.b.w.embedded.tomcat.TomcatWebServer  : Tomcat started on port(s): 8081 (http) with context path ''
15:28:56:244  INFO 13216 --- [main] c.a.c.n.registry.NacosServiceRegistry    : nacos registry, DEFAULT_GROUP item-service 26.110.20.208:8081 register finished
15:28:56:762  INFO 13216 --- [nacos-grpc-client-executor-8] com.alibaba.nacos.common.remote.client   : [d39774cc-dd18-4fc8-8ad8-7caffed3c67e] Receive server push request, request = NotifySubscriberRequest, requestId = 2
15:28:56:764  INFO 13216 --- [nacos-grpc-client-executor-8] com.alibaba.nacos.common.remote.client   : [d39774cc-dd18-4fc8-8ad8-7caffed3c67e] Ack server push request, request = NotifySubscriberRequest, requestId = 2
15:28:57:825  INFO 13216 --- [main] o.s.cloud.commons.util.InetUtils         : Cannot determine local hostname
15:28:57:825  INFO 13216 --- [main] d.s.w.p.DocumentationPluginsBootstrapper : Documentation plugins bootstrapped
15:28:57:827  INFO 13216 --- [main] d.s.w.p.DocumentationPluginsBootstrapper : Found 1 custom documentation plugin(s)
15:28:57:841  INFO 13216 --- [main] s.d.s.w.s.ApiListingReferenceScanner     : Scanning for api listing references
15:28:57:904  INFO 13216 --- [main] com.hmall.item.ItemApplication           : Started ItemApplication in 16.33 seconds (JVM running for 17.862)
15:28:57:907  INFO 13216 --- [main] c.a.c.n.refresh.NacosContextRefresher    : [Nacos Config] Listening config: dataId=item-service.yaml, group=DEFAULT_GROUP
15:28:57:907  INFO 13216 --- [main] c.a.c.n.refresh.NacosContextRefresher    : [Nacos Config] Listening config: dataId=item-service-local.yaml, group=DEFAULT_GROUP
15:28:57:909  INFO 13216 --- [main] c.a.c.n.refresh.NacosContextRefresher    : [Nacos Config] Listening config: dataId=item-service, group=DEFAULT_GROUP
20:09:31:745  INFO 13216 --- [http-nio-8081-exec-1] o.a.c.c.C.[Tomcat].[localhost].[/]       : Initializing Spring DispatcherServlet 'dispatcherServlet'
20:09:31:763  INFO 13216 --- [http-nio-8081-exec-1] o.s.web.servlet.DispatcherServlet        : Initializing Servlet 'dispatcherServlet'
20:09:31:884  INFO 13216 --- [http-nio-8081-exec-1] o.s.web.servlet.DispatcherServlet        : Completed initialization in 121 ms
20:09:32:733 DEBUG 13216 --- [http-nio-8081-exec-1] c.h.i.m.ItemMapper.selectList_mpCount    : ==>  Preparing: SELECT COUNT(*) AS total FROM item WHERE (status = ?)
20:09:32:770 DEBUG 13216 --- [http-nio-8081-exec-1] c.h.i.m.ItemMapper.selectList_mpCount    : ==> Parameters: 1(Integer)
20:09:33:445 DEBUG 13216 --- [http-nio-8081-exec-1] c.h.i.m.ItemMapper.selectList_mpCount    : <==      Total: 1
20:09:33:473 DEBUG 13216 --- [http-nio-8081-exec-1] c.h.item.mapper.ItemMapper.selectList    : ==>  Preparing: SELECT id, name, price, stock, image, category, brand, spec, sold, comment_count, isAD, status, create_time, update_time, creater, updater FROM item WHERE (status = ?) ORDER BY update_time DESC LIMIT ?
20:09:33:474 DEBUG 13216 --- [http-nio-8081-exec-1] c.h.item.mapper.ItemMapper.selectList    : ==> Parameters: 1(Integer), 20(Long)
20:09:33:915 DEBUG 13216 --- [http-nio-8081-exec-1] c.h.item.mapper.ItemMapper.selectList    : <==      Total: 20
20:10:39:265 DEBUG 13216 --- [http-nio-8081-exec-4] c.h.i.mapper.ItemMapper.selectBatchIds   : ==>  Preparing: SELECT id,name,price,stock,image,category,brand,spec,sold,comment_count,isAD,status,create_time,update_time,creater,updater FROM item WHERE id IN ( ? , ? , ? , ? , ? , ? )
20:10:39:268 DEBUG 13216 --- [http-nio-8081-exec-4] c.h.i.mapper.ItemMapper.selectBatchIds   : ==> Parameters: 980432(Long), 980432(Long), 980432(Long), 980432(Long), 980432(Long), 982034(Long)
20:10:39:277 DEBUG 13216 --- [http-nio-8081-exec-4] c.h.i.mapper.ItemMapper.selectBatchIds   : <==      Total: 2
20:14:48:292 DEBUG 13216 --- [http-nio-8081-exec-9] c.h.i.mapper.ItemMapper.selectBatchIds   : ==>  Preparing: SELECT id,name,price,stock,image,category,brand,spec,sold,comment_count,isAD,status,create_time,update_time,creater,updater FROM item WHERE id IN ( ? , ? , ? , ? , ? , ? )
20:14:48:305 DEBUG 13216 --- [http-nio-8081-exec-9] c.h.i.mapper.ItemMapper.selectBatchIds   : ==> Parameters: 980432(Long), 980432(Long), 980432(Long), 980432(Long), 980432(Long), 982034(Long)
20:14:48:323 DEBUG 13216 --- [http-nio-8081-exec-9] c.h.i.mapper.ItemMapper.selectBatchIds   : <==      Total: 2
20:14:49:964 DEBUG 13216 --- [http-nio-8081-exec-10] c.h.i.mapper.ItemMapper.selectBatchIds   : ==>  Preparing: SELECT id,name,price,stock,image,category,brand,spec,sold,comment_count,isAD,status,create_time,update_time,creater,updater FROM item WHERE id IN ( ? , ? , ? , ? , ? , ? )
20:14:49:975 DEBUG 13216 --- [http-nio-8081-exec-10] c.h.i.mapper.ItemMapper.selectBatchIds   : ==> Parameters: 980432(Long), 980432(Long), 980432(Long), 980432(Long), 980432(Long), 982034(Long)
20:14:49:977 DEBUG 13216 --- [http-nio-8081-exec-10] c.h.i.mapper.ItemMapper.selectBatchIds   : <==      Total: 2
20:16:54:983 DEBUG 13216 --- [http-nio-8081-exec-2] c.h.i.mapper.ItemMapper.selectBatchIds   : ==>  Preparing: SELECT id,name,price,stock,image,category,brand,spec,sold,comment_count,isAD,status,create_time,update_time,creater,updater FROM item WHERE id IN ( ? , ? , ? , ? , ? , ? )
20:16:54:990 DEBUG 13216 --- [http-nio-8081-exec-2] c.h.i.mapper.ItemMapper.selectBatchIds   : ==> Parameters: 980432(Long), 980432(Long), 980432(Long), 980432(Long), 980432(Long), 982034(Long)
20:16:55:003 DEBUG 13216 --- [http-nio-8081-exec-2] c.h.i.mapper.ItemMapper.selectBatchIds   : <==      Total: 2
20:16:56:502 DEBUG 13216 --- [http-nio-8081-exec-3] c.h.i.mapper.ItemMapper.selectBatchIds   : ==>  Preparing: SELECT id,name,price,stock,image,category,brand,spec,sold,comment_count,isAD,status,create_time,update_time,creater,updater FROM item WHERE id IN ( ? , ? , ? , ? , ? , ? )
20:16:56:503 DEBUG 13216 --- [http-nio-8081-exec-3] c.h.i.mapper.ItemMapper.selectBatchIds   : ==> Parameters: 980432(Long), 980432(Long), 980432(Long), 980432(Long), 980432(Long), 982034(Long)
20:16:56:506 DEBUG 13216 --- [http-nio-8081-exec-3] c.h.i.mapper.ItemMapper.selectBatchIds   : <==      Total: 2
20:16:58:264 DEBUG 13216 --- [http-nio-8081-exec-5] c.h.i.mapper.ItemMapper.selectBatchIds   : ==>  Preparing: SELECT id,name,price,stock,image,category,brand,spec,sold,comment_count,isAD,status,create_time,update_time,creater,updater FROM item WHERE id IN ( ? , ? , ? , ? , ? )
20:16:58:265 DEBUG 13216 --- [http-nio-8081-exec-5] c.h.i.mapper.ItemMapper.selectBatchIds   : ==> Parameters: 1(Long), 2(Long), 3(Long), 4(Long), 5(Long)
20:16:58:270 DEBUG 13216 --- [http-nio-8081-exec-5] c.h.i.mapper.ItemMapper.selectBatchIds   : <==      Total: 0
20:17:00:536 DEBUG 13216 --- [http-nio-8081-exec-4] c.h.i.mapper.ItemMapper.selectBatchIds   : ==>  Preparing: SELECT id,name,price,stock,image,category,brand,spec,sold,comment_count,isAD,status,create_time,update_time,creater,updater FROM item WHERE id IN ( ? , ? , ? , ? , ? , ? )
20:17:00:538 DEBUG 13216 --- [http-nio-8081-exec-4] c.h.i.mapper.ItemMapper.selectBatchIds   : ==> Parameters: 980432(Long), 980432(Long), 980432(Long), 980432(Long), 980432(Long), 982034(Long)
20:17:00:543 DEBUG 13216 --- [http-nio-8081-exec-4] c.h.i.mapper.ItemMapper.selectBatchIds   : <==      Total: 2
20:17:23:688 DEBUG 13216 --- [http-nio-8081-exec-6] c.h.i.mapper.ItemMapper.selectBatchIds   : ==>  Preparing: SELECT id,name,price,stock,image,category,brand,spec,sold,comment_count,isAD,status,create_time,update_time,creater,updater FROM item WHERE id IN ( ? , ? , ? , ? , ? )
20:17:23:689 DEBUG 13216 --- [http-nio-8081-exec-6] c.h.i.mapper.ItemMapper.selectBatchIds   : ==> Parameters: 1(Long), 2(Long), 3(Long), 4(Long), 5(Long)
20:17:23:692 DEBUG 13216 --- [http-nio-8081-exec-6] c.h.i.mapper.ItemMapper.selectBatchIds   : <==      Total: 0
20:17:25:581 DEBUG 13216 --- [http-nio-8081-exec-7] c.h.i.mapper.ItemMapper.selectBatchIds   : ==>  Preparing: SELECT id,name,price,stock,image,category,brand,spec,sold,comment_count,isAD,status,create_time,update_time,creater,updater FROM item WHERE id IN ( ? , ? , ? , ? , ? , ? )
20:17:25:581 DEBUG 13216 --- [http-nio-8081-exec-7] c.h.i.mapper.ItemMapper.selectBatchIds   : ==> Parameters: 980432(Long), 980432(Long), 980432(Long), 980432(Long), 980432(Long), 982034(Long)
20:17:25:585 DEBUG 13216 --- [http-nio-8081-exec-7] c.h.i.mapper.ItemMapper.selectBatchIds   : <==      Total: 2
20:17:40:224 DEBUG 13216 --- [http-nio-8081-exec-8] c.h.i.mapper.ItemMapper.selectBatchIds   : ==>  Preparing: SELECT id,name,price,stock,image,category,brand,spec,sold,comment_count,isAD,status,create_time,update_time,creater,updater FROM item WHERE id IN ( ? , ? , ? , ? , ? )
20:17:40:225 DEBUG 13216 --- [http-nio-8081-exec-8] c.h.i.mapper.ItemMapper.selectBatchIds   : ==> Parameters: 1(Long), 2(Long), 3(Long), 4(Long), 5(Long)
20:17:40:227 DEBUG 13216 --- [http-nio-8081-exec-8] c.h.i.mapper.ItemMapper.selectBatchIds   : <==      Total: 0
20:17:41:883 DEBUG 13216 --- [http-nio-8081-exec-9] c.h.i.mapper.ItemMapper.selectBatchIds   : ==>  Preparing: SELECT id,name,price,stock,image,category,brand,spec,sold,comment_count,isAD,status,create_time,update_time,creater,updater FROM item WHERE id IN ( ? , ? , ? , ? , ? , ? )
20:17:41:883 DEBUG 13216 --- [http-nio-8081-exec-9] c.h.i.mapper.ItemMapper.selectBatchIds   : ==> Parameters: 980432(Long), 980432(Long), 980432(Long), 980432(Long), 980432(Long), 982034(Long)
20:17:41:886 DEBUG 13216 --- [http-nio-8081-exec-9] c.h.i.mapper.ItemMapper.selectBatchIds   : <==      Total: 2
20:29:21:004 DEBUG 13216 --- [http-nio-8081-exec-1] c.h.i.mapper.ItemMapper.selectBatchIds   : ==>  Preparing: SELECT id,name,price,stock,image,category,brand,spec,sold,comment_count,isAD,status,create_time,update_time,creater,updater FROM item WHERE id IN ( ? , ? , ? , ? , ? , ? )
20:29:21:016 DEBUG 13216 --- [http-nio-8081-exec-1] c.h.i.mapper.ItemMapper.selectBatchIds   : ==> Parameters: 980432(Long), 980432(Long), 980432(Long), 980432(Long), 980432(Long), 982034(Long)
20:29:21:084 DEBUG 13216 --- [http-nio-8081-exec-1] c.h.i.mapper.ItemMapper.selectBatchIds   : <==      Total: 2
20:29:22:621 DEBUG 13216 --- [http-nio-8081-exec-2] c.h.i.mapper.ItemMapper.selectBatchIds   : ==>  Preparing: SELECT id,name,price,stock,image,category,brand,spec,sold,comment_count,isAD,status,create_time,update_time,creater,updater FROM item WHERE id IN ( ? , ? , ? , ? , ? )
20:29:22:622 DEBUG 13216 --- [http-nio-8081-exec-2] c.h.i.mapper.ItemMapper.selectBatchIds   : ==> Parameters: 1(Long), 2(Long), 3(Long), 4(Long), 5(Long)
20:29:22:625 DEBUG 13216 --- [http-nio-8081-exec-2] c.h.i.mapper.ItemMapper.selectBatchIds   : <==      Total: 0
20:29:24:694 DEBUG 13216 --- [http-nio-8081-exec-3] c.h.i.mapper.ItemMapper.selectBatchIds   : ==>  Preparing: SELECT id,name,price,stock,image,category,brand,spec,sold,comment_count,isAD,status,create_time,update_time,creater,updater FROM item WHERE id IN ( ? , ? , ? , ? , ? , ? )
20:29:24:702 DEBUG 13216 --- [http-nio-8081-exec-3] c.h.i.mapper.ItemMapper.selectBatchIds   : ==> Parameters: 980432(Long), 980432(Long), 980432(Long), 980432(Long), 980432(Long), 982034(Long)
20:29:24:713 DEBUG 13216 --- [http-nio-8081-exec-3] c.h.i.mapper.ItemMapper.selectBatchIds   : <==      Total: 2
20:30:15:572 DEBUG 13216 --- [http-nio-8081-exec-5] c.h.i.mapper.ItemMapper.selectBatchIds   : ==>  Preparing: SELECT id,name,price,stock,image,category,brand,spec,sold,comment_count,isAD,status,create_time,update_time,creater,updater FROM item WHERE id IN ( ? , ? , ? , ? , ? )
20:30:15:576 DEBUG 13216 --- [http-nio-8081-exec-5] c.h.i.mapper.ItemMapper.selectBatchIds   : ==> Parameters: 1(Long), 2(Long), 3(Long), 4(Long), 5(Long)
20:30:15:580 DEBUG 13216 --- [http-nio-8081-exec-5] c.h.i.mapper.ItemMapper.selectBatchIds   : <==      Total: 0
20:30:17:250 DEBUG 13216 --- [http-nio-8081-exec-4] c.h.i.mapper.ItemMapper.selectBatchIds   : ==>  Preparing: SELECT id,name,price,stock,image,category,brand,spec,sold,comment_count,isAD,status,create_time,update_time,creater,updater FROM item WHERE id IN ( ? , ? , ? , ? , ? , ? )
20:30:17:250 DEBUG 13216 --- [http-nio-8081-exec-4] c.h.i.mapper.ItemMapper.selectBatchIds   : ==> Parameters: 980432(Long), 980432(Long), 980432(Long), 980432(Long), 980432(Long), 982034(Long)
20:30:17:252 DEBUG 13216 --- [http-nio-8081-exec-4] c.h.i.mapper.ItemMapper.selectBatchIds   : <==      Total: 2
20:31:09:934 DEBUG 13216 --- [http-nio-8081-exec-6] c.h.i.mapper.ItemMapper.selectBatchIds   : ==>  Preparing: SELECT id,name,price,stock,image,category,brand,spec,sold,comment_count,isAD,status,create_time,update_time,creater,updater FROM item WHERE id IN ( ? , ? , ? , ? , ? )
20:31:09:938 DEBUG 13216 --- [http-nio-8081-exec-6] c.h.i.mapper.ItemMapper.selectBatchIds   : ==> Parameters: 1(Long), 2(Long), 3(Long), 4(Long), 5(Long)
20:31:09:940 DEBUG 13216 --- [http-nio-8081-exec-6] c.h.i.mapper.ItemMapper.selectBatchIds   : <==      Total: 0
20:31:11:349 DEBUG 13216 --- [http-nio-8081-exec-7] c.h.i.mapper.ItemMapper.selectBatchIds   : ==>  Preparing: SELECT id,name,price,stock,image,category,brand,spec,sold,comment_count,isAD,status,create_time,update_time,creater,updater FROM item WHERE id IN ( ? , ? , ? , ? , ? , ? )
20:31:11:349 DEBUG 13216 --- [http-nio-8081-exec-7] c.h.i.mapper.ItemMapper.selectBatchIds   : ==> Parameters: 980432(Long), 980432(Long), 980432(Long), 980432(Long), 980432(Long), 982034(Long)
20:31:11:351 DEBUG 13216 --- [http-nio-8081-exec-7] c.h.i.mapper.ItemMapper.selectBatchIds   : <==      Total: 2
20:31:26:457 DEBUG 13216 --- [http-nio-8081-exec-8] c.h.i.mapper.ItemMapper.selectBatchIds   : ==>  Preparing: SELECT id,name,price,stock,image,category,brand,spec,sold,comment_count,isAD,status,create_time,update_time,creater,updater FROM item WHERE id IN ( ? , ? , ? , ? , ? , ? )
20:31:26:459 DEBUG 13216 --- [http-nio-8081-exec-8] c.h.i.mapper.ItemMapper.selectBatchIds   : ==> Parameters: 980432(Long), 980432(Long), 980432(Long), 980432(Long), 980432(Long), 982034(Long)
20:31:26:461 DEBUG 13216 --- [http-nio-8081-exec-8] c.h.i.mapper.ItemMapper.selectBatchIds   : <==      Total: 2
20:31:56:105 DEBUG 13216 --- [http-nio-8081-exec-9] c.h.i.mapper.ItemMapper.selectBatchIds   : ==>  Preparing: SELECT id,name,price,stock,image,category,brand,spec,sold,comment_count,isAD,status,create_time,update_time,creater,updater FROM item WHERE id IN ( ? , ? , ? , ? , ? , ? )
20:31:56:107 DEBUG 13216 --- [http-nio-8081-exec-9] c.h.i.mapper.ItemMapper.selectBatchIds   : ==> Parameters: 980432(Long), 980432(Long), 980432(Long), 980432(Long), 980432(Long), 982034(Long)
20:31:56:122 DEBUG 13216 --- [http-nio-8081-exec-9] c.h.i.mapper.ItemMapper.selectBatchIds   : <==      Total: 2
20:32:06:877 DEBUG 13216 --- [http-nio-8081-exec-10] c.h.i.mapper.ItemMapper.selectBatchIds   : ==>  Preparing: SELECT id,name,price,stock,image,category,brand,spec,sold,comment_count,isAD,status,create_time,update_time,creater,updater FROM item WHERE id IN ( ? , ? , ? , ? , ? , ? )
20:32:06:877 DEBUG 13216 --- [http-nio-8081-exec-10] c.h.i.mapper.ItemMapper.selectBatchIds   : ==> Parameters: 980432(Long), 980432(Long), 980432(Long), 980432(Long), 980432(Long), 982034(Long)
20:32:06:880 DEBUG 13216 --- [http-nio-8081-exec-10] c.h.i.mapper.ItemMapper.selectBatchIds   : <==      Total: 2
20:32:15:247 DEBUG 13216 --- [http-nio-8081-exec-1] c.h.i.mapper.ItemMapper.selectBatchIds   : ==>  Preparing: SELECT id,name,price,stock,image,category,brand,spec,sold,comment_count,isAD,status,create_time,update_time,creater,updater FROM item WHERE id IN ( ? , ? , ? , ? , ? , ? )
20:32:15:247 DEBUG 13216 --- [http-nio-8081-exec-1] c.h.i.mapper.ItemMapper.selectBatchIds   : ==> Parameters: 980432(Long), 980432(Long), 980432(Long), 980432(Long), 980432(Long), 982034(Long)
20:32:15:249 DEBUG 13216 --- [http-nio-8081-exec-1] c.h.i.mapper.ItemMapper.selectBatchIds   : <==      Total: 2
20:32:28:021 DEBUG 13216 --- [http-nio-8081-exec-2] c.h.i.mapper.ItemMapper.selectBatchIds   : ==>  Preparing: SELECT id,name,price,stock,image,category,brand,spec,sold,comment_count,isAD,status,create_time,update_time,creater,updater FROM item WHERE id IN ( ? , ? , ? , ? , ? , ? )
20:32:28:022 DEBUG 13216 --- [http-nio-8081-exec-2] c.h.i.mapper.ItemMapper.selectBatchIds   : ==> Parameters: 980432(Long), 980432(Long), 980432(Long), 980432(Long), 980432(Long), 982034(Long)
20:32:28:025 DEBUG 13216 --- [http-nio-8081-exec-2] c.h.i.mapper.ItemMapper.selectBatchIds   : <==      Total: 2
20:36:05:647 DEBUG 13216 --- [http-nio-8081-exec-5] c.h.i.mapper.ItemMapper.selectBatchIds   : ==>  Preparing: SELECT id,name,price,stock,image,category,brand,spec,sold,comment_count,isAD,status,create_time,update_time,creater,updater FROM item WHERE id IN ( ? , ? , ? , ? , ? , ? )
20:36:05:651 DEBUG 13216 --- [http-nio-8081-exec-5] c.h.i.mapper.ItemMapper.selectBatchIds   : ==> Parameters: 980432(Long), 980432(Long), 980432(Long), 980432(Long), 980432(Long), 982034(Long)
20:36:05:657 DEBUG 13216 --- [http-nio-8081-exec-5] c.h.i.mapper.ItemMapper.selectBatchIds   : <==      Total: 2
20:36:07:627 DEBUG 13216 --- [http-nio-8081-exec-4] c.h.i.mapper.ItemMapper.selectBatchIds   : ==>  Preparing: SELECT id,name,price,stock,image,category,brand,spec,sold,comment_count,isAD,status,create_time,update_time,creater,updater FROM item WHERE id IN ( ? , ? , ? , ? , ? , ? )
20:36:07:627 DEBUG 13216 --- [http-nio-8081-exec-4] c.h.i.mapper.ItemMapper.selectBatchIds   : ==> Parameters: 980432(Long), 980432(Long), 980432(Long), 980432(Long), 980432(Long), 982034(Long)
20:36:07:629 DEBUG 13216 --- [http-nio-8081-exec-4] c.h.i.mapper.ItemMapper.selectBatchIds   : <==      Total: 2
20:36:09:576 DEBUG 13216 --- [http-nio-8081-exec-6] c.h.i.mapper.ItemMapper.selectBatchIds   : ==>  Preparing: SELECT id,name,price,stock,image,category,brand,spec,sold,comment_count,isAD,status,create_time,update_time,creater,updater FROM item WHERE id IN ( ? , ? , ? , ? , ? )
20:36:09:576 DEBUG 13216 --- [http-nio-8081-exec-6] c.h.i.mapper.ItemMapper.selectBatchIds   : ==> Parameters: 1(Long), 2(Long), 3(Long), 4(Long), 5(Long)
20:36:09:577 DEBUG 13216 --- [http-nio-8081-exec-6] c.h.i.mapper.ItemMapper.selectBatchIds   : <==      Total: 0
20:36:11:927 DEBUG 13216 --- [http-nio-8081-exec-7] c.h.i.mapper.ItemMapper.selectBatchIds   : ==>  Preparing: SELECT id,name,price,stock,image,category,brand,spec,sold,comment_count,isAD,status,create_time,update_time,creater,updater FROM item WHERE id IN ( ? , ? , ? , ? , ? , ? )
20:36:11:928 DEBUG 13216 --- [http-nio-8081-exec-7] c.h.i.mapper.ItemMapper.selectBatchIds   : ==> Parameters: 980432(Long), 980432(Long), 980432(Long), 980432(Long), 980432(Long), 982034(Long)
20:36:11:930 DEBUG 13216 --- [http-nio-8081-exec-7] c.h.i.mapper.ItemMapper.selectBatchIds   : <==      Total: 2
20:36:22:790 DEBUG 13216 --- [http-nio-8081-exec-8] c.h.i.mapper.ItemMapper.selectBatchIds   : ==>  Preparing: SELECT id,name,price,stock,image,category,brand,spec,sold,comment_count,isAD,status,create_time,update_time,creater,updater FROM item WHERE id IN ( ? , ? , ? , ? , ? , ? )
20:36:22:791 DEBUG 13216 --- [http-nio-8081-exec-8] c.h.i.mapper.ItemMapper.selectBatchIds   : ==> Parameters: 980432(Long), 980432(Long), 980432(Long), 980432(Long), 980432(Long), 982034(Long)
20:36:22:794 DEBUG 13216 --- [http-nio-8081-exec-8] c.h.i.mapper.ItemMapper.selectBatchIds   : <==      Total: 2
20:36:28:622 DEBUG 13216 --- [http-nio-8081-exec-9] c.h.i.mapper.ItemMapper.selectBatchIds   : ==>  Preparing: SELECT id,name,price,stock,image,category,brand,spec,sold,comment_count,isAD,status,create_time,update_time,creater,updater FROM item WHERE id IN ( ? , ? , ? , ? , ? , ? )
20:36:28:622 DEBUG 13216 --- [http-nio-8081-exec-9] c.h.i.mapper.ItemMapper.selectBatchIds   : ==> Parameters: 980432(Long), 980432(Long), 980432(Long), 980432(Long), 980432(Long), 982034(Long)
20:36:28:624 DEBUG 13216 --- [http-nio-8081-exec-9] c.h.i.mapper.ItemMapper.selectBatchIds   : <==      Total: 2
20:36:30:174 DEBUG 13216 --- [http-nio-8081-exec-10] c.h.i.mapper.ItemMapper.selectBatchIds   : ==>  Preparing: SELECT id,name,price,stock,image,category,brand,spec,sold,comment_count,isAD,status,create_time,update_time,creater,updater FROM item WHERE id IN ( ? , ? , ? , ? , ? , ? )
20:36:30:174 DEBUG 13216 --- [http-nio-8081-exec-10] c.h.i.mapper.ItemMapper.selectBatchIds   : ==> Parameters: 980432(Long), 980432(Long), 980432(Long), 980432(Long), 980432(Long), 982034(Long)
20:36:30:176 DEBUG 13216 --- [http-nio-8081-exec-10] c.h.i.mapper.ItemMapper.selectBatchIds   : <==      Total: 2
20:36:32:093 DEBUG 13216 --- [http-nio-8081-exec-1] c.h.i.mapper.ItemMapper.selectBatchIds   : ==>  Preparing: SELECT id,name,price,stock,image,category,brand,spec,sold,comment_count,isAD,status,create_time,update_time,creater,updater FROM item WHERE id IN ( ? , ? , ? , ? , ? )
20:36:32:093 DEBUG 13216 --- [http-nio-8081-exec-1] c.h.i.mapper.ItemMapper.selectBatchIds   : ==> Parameters: 1(Long), 2(Long), 3(Long), 4(Long), 5(Long)
20:36:32:094 DEBUG 13216 --- [http-nio-8081-exec-1] c.h.i.mapper.ItemMapper.selectBatchIds   : <==      Total: 0
20:36:34:216 DEBUG 13216 --- [http-nio-8081-exec-2] c.h.i.mapper.ItemMapper.selectBatchIds   : ==>  Preparing: SELECT id,name,price,stock,image,category,brand,spec,sold,comment_count,isAD,status,create_time,update_time,creater,updater FROM item WHERE id IN ( ? , ? , ? , ? , ? , ? )
20:36:34:216 DEBUG 13216 --- [http-nio-8081-exec-2] c.h.i.mapper.ItemMapper.selectBatchIds   : ==> Parameters: 980432(Long), 980432(Long), 980432(Long), 980432(Long), 980432(Long), 982034(Long)
20:36:34:217 DEBUG 13216 --- [http-nio-8081-exec-2] c.h.i.mapper.ItemMapper.selectBatchIds   : <==      Total: 2
20:39:06:424 DEBUG 13216 --- [http-nio-8081-exec-5] c.h.i.mapper.ItemMapper.selectBatchIds   : ==>  Preparing: SELECT id,name,price,stock,image,category,brand,spec,sold,comment_count,isAD,status,create_time,update_time,creater,updater FROM item WHERE id IN ( ? , ? , ? , ? , ? , ? )
20:39:06:431 DEBUG 13216 --- [http-nio-8081-exec-5] c.h.i.mapper.ItemMapper.selectBatchIds   : ==> Parameters: 980432(Long), 980432(Long), 980432(Long), 980432(Long), 980432(Long), 982034(Long)
20:39:06:440 DEBUG 13216 --- [http-nio-8081-exec-5] c.h.i.mapper.ItemMapper.selectBatchIds   : <==      Total: 2
20:39:07:917 DEBUG 13216 --- [http-nio-8081-exec-4] c.h.i.mapper.ItemMapper.selectBatchIds   : ==>  Preparing: SELECT id,name,price,stock,image,category,brand,spec,sold,comment_count,isAD,status,create_time,update_time,creater,updater FROM item WHERE id IN ( ? , ? , ? , ? , ? , ? )
20:39:07:918 DEBUG 13216 --- [http-nio-8081-exec-4] c.h.i.mapper.ItemMapper.selectBatchIds   : ==> Parameters: 980432(Long), 980432(Long), 980432(Long), 980432(Long), 980432(Long), 982034(Long)
20:39:07:919 DEBUG 13216 --- [http-nio-8081-exec-4] c.h.i.mapper.ItemMapper.selectBatchIds   : <==      Total: 2
20:39:09:634 DEBUG 13216 --- [http-nio-8081-exec-6] c.h.i.mapper.ItemMapper.selectBatchIds   : ==>  Preparing: SELECT id,name,price,stock,image,category,brand,spec,sold,comment_count,isAD,status,create_time,update_time,creater,updater FROM item WHERE id IN ( ? , ? , ? , ? , ? )
20:39:09:634 DEBUG 13216 --- [http-nio-8081-exec-6] c.h.i.mapper.ItemMapper.selectBatchIds   : ==> Parameters: 1(Long), 2(Long), 3(Long), 4(Long), 5(Long)
20:39:09:636 DEBUG 13216 --- [http-nio-8081-exec-6] c.h.i.mapper.ItemMapper.selectBatchIds   : <==      Total: 0
20:39:11:575 DEBUG 13216 --- [http-nio-8081-exec-7] c.h.i.mapper.ItemMapper.selectBatchIds   : ==>  Preparing: SELECT id,name,price,stock,image,category,brand,spec,sold,comment_count,isAD,status,create_time,update_time,creater,updater FROM item WHERE id IN ( ? , ? , ? , ? , ? , ? )
20:39:11:576 DEBUG 13216 --- [http-nio-8081-exec-7] c.h.i.mapper.ItemMapper.selectBatchIds   : ==> Parameters: 980432(Long), 980432(Long), 980432(Long), 980432(Long), 980432(Long), 982034(Long)
20:39:11:578 DEBUG 13216 --- [http-nio-8081-exec-7] c.h.i.mapper.ItemMapper.selectBatchIds   : <==      Total: 2
20:40:46:688 DEBUG 13216 --- [http-nio-8081-exec-9] c.h.i.mapper.ItemMapper.selectBatchIds   : ==>  Preparing: SELECT id,name,price,stock,image,category,brand,spec,sold,comment_count,isAD,status,create_time,update_time,creater,updater FROM item WHERE id IN ( ? , ? , ? , ? , ? , ? )
20:40:46:696 DEBUG 13216 --- [http-nio-8081-exec-9] c.h.i.mapper.ItemMapper.selectBatchIds   : ==> Parameters: 980432(Long), 980432(Long), 980432(Long), 980432(Long), 980432(Long), 982034(Long)
20:40:46:708 DEBUG 13216 --- [http-nio-8081-exec-9] c.h.i.mapper.ItemMapper.selectBatchIds   : <==      Total: 2
20:40:48:346 DEBUG 13216 --- [http-nio-8081-exec-10] c.h.i.mapper.ItemMapper.selectBatchIds   : ==>  Preparing: SELECT id,name,price,stock,image,category,brand,spec,sold,comment_count,isAD,status,create_time,update_time,creater,updater FROM item WHERE id IN ( ? , ? , ? , ? , ? , ? )
20:40:48:346 DEBUG 13216 --- [http-nio-8081-exec-10] c.h.i.mapper.ItemMapper.selectBatchIds   : ==> Parameters: 980432(Long), 980432(Long), 980432(Long), 980432(Long), 980432(Long), 982034(Long)
20:40:48:348 DEBUG 13216 --- [http-nio-8081-exec-10] c.h.i.mapper.ItemMapper.selectBatchIds   : <==      Total: 2
20:40:49:884 DEBUG 13216 --- [http-nio-8081-exec-1] c.h.i.mapper.ItemMapper.selectBatchIds   : ==>  Preparing: SELECT id,name,price,stock,image,category,brand,spec,sold,comment_count,isAD,status,create_time,update_time,creater,updater FROM item WHERE id IN ( ? , ? , ? , ? , ? )
20:40:49:884 DEBUG 13216 --- [http-nio-8081-exec-1] c.h.i.mapper.ItemMapper.selectBatchIds   : ==> Parameters: 1(Long), 2(Long), 3(Long), 4(Long), 5(Long)
20:40:49:885 DEBUG 13216 --- [http-nio-8081-exec-1] c.h.i.mapper.ItemMapper.selectBatchIds   : <==      Total: 0
20:40:51:378 DEBUG 13216 --- [http-nio-8081-exec-2] c.h.i.mapper.ItemMapper.selectBatchIds   : ==>  Preparing: SELECT id,name,price,stock,image,category,brand,spec,sold,comment_count,isAD,status,create_time,update_time,creater,updater FROM item WHERE id IN ( ? , ? , ? , ? , ? , ? )
20:40:51:379 DEBUG 13216 --- [http-nio-8081-exec-2] c.h.i.mapper.ItemMapper.selectBatchIds   : ==> Parameters: 980432(Long), 980432(Long), 980432(Long), 980432(Long), 980432(Long), 982034(Long)
20:40:51:380 DEBUG 13216 --- [http-nio-8081-exec-2] c.h.i.mapper.ItemMapper.selectBatchIds   : <==      Total: 2
20:43:04:730 DEBUG 13216 --- [http-nio-8081-exec-5] c.h.i.mapper.ItemMapper.selectBatchIds   : ==>  Preparing: SELECT id,name,price,stock,image,category,brand,spec,sold,comment_count,isAD,status,create_time,update_time,creater,updater FROM item WHERE id IN ( ? , ? , ? , ? , ? , ? )
20:43:04:733 DEBUG 13216 --- [http-nio-8081-exec-5] c.h.i.mapper.ItemMapper.selectBatchIds   : ==> Parameters: 980432(Long), 980432(Long), 980432(Long), 980432(Long), 980432(Long), 982034(Long)
20:43:04:741 DEBUG 13216 --- [http-nio-8081-exec-5] c.h.i.mapper.ItemMapper.selectBatchIds   : <==      Total: 2
20:43:06:333 DEBUG 13216 --- [http-nio-8081-exec-4] c.h.i.mapper.ItemMapper.selectBatchIds   : ==>  Preparing: SELECT id,name,price,stock,image,category,brand,spec,sold,comment_count,isAD,status,create_time,update_time,creater,updater FROM item WHERE id IN ( ? , ? , ? , ? , ? , ? )
20:43:06:335 DEBUG 13216 --- [http-nio-8081-exec-4] c.h.i.mapper.ItemMapper.selectBatchIds   : ==> Parameters: 980432(Long), 980432(Long), 980432(Long), 980432(Long), 980432(Long), 982034(Long)
20:43:06:338 DEBUG 13216 --- [http-nio-8081-exec-4] c.h.i.mapper.ItemMapper.selectBatchIds   : <==      Total: 2
20:43:07:993 DEBUG 13216 --- [http-nio-8081-exec-6] c.h.i.mapper.ItemMapper.selectBatchIds   : ==>  Preparing: SELECT id,name,price,stock,image,category,brand,spec,sold,comment_count,isAD,status,create_time,update_time,creater,updater FROM item WHERE id IN ( ? , ? , ? , ? , ? , ? )
20:43:07:994 DEBUG 13216 --- [http-nio-8081-exec-6] c.h.i.mapper.ItemMapper.selectBatchIds   : ==> Parameters: 980432(Long), 980432(Long), 980432(Long), 980432(Long), 980432(Long), 982034(Long)
20:43:07:997 DEBUG 13216 --- [http-nio-8081-exec-6] c.h.i.mapper.ItemMapper.selectBatchIds   : <==      Total: 2
20:43:11:099 DEBUG 13216 --- [http-nio-8081-exec-7] c.h.i.mapper.ItemMapper.selectBatchIds   : ==>  Preparing: SELECT id,name,price,stock,image,category,brand,spec,sold,comment_count,isAD,status,create_time,update_time,creater,updater FROM item WHERE id IN ( ? , ? , ? , ? , ? , ? )
20:43:11:100 DEBUG 13216 --- [http-nio-8081-exec-7] c.h.i.mapper.ItemMapper.selectBatchIds   : ==> Parameters: 980432(Long), 980432(Long), 980432(Long), 980432(Long), 980432(Long), 982034(Long)
20:43:11:102 DEBUG 13216 --- [http-nio-8081-exec-7] c.h.i.mapper.ItemMapper.selectBatchIds   : <==      Total: 2
20:44:12:483 DEBUG 13216 --- [http-nio-8081-exec-9] c.h.i.mapper.ItemMapper.selectBatchIds   : ==>  Preparing: SELECT id,name,price,stock,image,category,brand,spec,sold,comment_count,isAD,status,create_time,update_time,creater,updater FROM item WHERE id IN ( ? , ? , ? , ? , ? , ? )
20:44:12:489 DEBUG 13216 --- [http-nio-8081-exec-9] c.h.i.mapper.ItemMapper.selectBatchIds   : ==> Parameters: 980432(Long), 980432(Long), 980432(Long), 980432(Long), 980432(Long), 982034(Long)
20:44:12:495 DEBUG 13216 --- [http-nio-8081-exec-9] c.h.i.mapper.ItemMapper.selectBatchIds   : <==      Total: 2
20:44:15:358 DEBUG 13216 --- [http-nio-8081-exec-10] c.h.i.mapper.ItemMapper.selectBatchIds   : ==>  Preparing: SELECT id,name,price,stock,image,category,brand,spec,sold,comment_count,isAD,status,create_time,update_time,creater,updater FROM item WHERE id IN ( ? , ? , ? , ? , ? , ? )
20:44:15:359 DEBUG 13216 --- [http-nio-8081-exec-10] c.h.i.mapper.ItemMapper.selectBatchIds   : ==> Parameters: 980432(Long), 980432(Long), 980432(Long), 980432(Long), 980432(Long), 982034(Long)
20:44:15:363 DEBUG 13216 --- [http-nio-8081-exec-10] c.h.i.mapper.ItemMapper.selectBatchIds   : <==      Total: 2
20:45:11:072 DEBUG 13216 --- [http-nio-8081-exec-2] c.h.i.mapper.ItemMapper.selectBatchIds   : ==>  Preparing: SELECT id,name,price,stock,image,category,brand,spec,sold,comment_count,isAD,status,create_time,update_time,creater,updater FROM item WHERE id IN ( ? , ? , ? , ? , ? , ? )
20:45:11:075 DEBUG 13216 --- [http-nio-8081-exec-2] c.h.i.mapper.ItemMapper.selectBatchIds   : ==> Parameters: 980432(Long), 980432(Long), 980432(Long), 980432(Long), 980432(Long), 982034(Long)
20:45:11:083 DEBUG 13216 --- [http-nio-8081-exec-2] c.h.i.mapper.ItemMapper.selectBatchIds   : <==      Total: 2
20:45:12:795 DEBUG 13216 --- [http-nio-8081-exec-3] c.h.i.mapper.ItemMapper.selectBatchIds   : ==>  Preparing: SELECT id,name,price,stock,image,category,brand,spec,sold,comment_count,isAD,status,create_time,update_time,creater,updater FROM item WHERE id IN ( ? , ? , ? , ? , ? , ? )
20:45:12:795 DEBUG 13216 --- [http-nio-8081-exec-3] c.h.i.mapper.ItemMapper.selectBatchIds   : ==> Parameters: 980432(Long), 980432(Long), 980432(Long), 980432(Long), 980432(Long), 982034(Long)
20:45:12:797 DEBUG 13216 --- [http-nio-8081-exec-3] c.h.i.mapper.ItemMapper.selectBatchIds   : <==      Total: 2
20:45:14:704 DEBUG 13216 --- [http-nio-8081-exec-5] c.h.i.mapper.ItemMapper.selectBatchIds   : ==>  Preparing: SELECT id,name,price,stock,image,category,brand,spec,sold,comment_count,isAD,status,create_time,update_time,creater,updater FROM item WHERE id IN ( ? , ? , ? , ? , ? , ? )
20:45:14:705 DEBUG 13216 --- [http-nio-8081-exec-5] c.h.i.mapper.ItemMapper.selectBatchIds   : ==> Parameters: 980432(Long), 980432(Long), 980432(Long), 980432(Long), 980432(Long), 982034(Long)
20:45:14:707 DEBUG 13216 --- [http-nio-8081-exec-5] c.h.i.mapper.ItemMapper.selectBatchIds   : <==      Total: 2
20:45:17:159 DEBUG 13216 --- [http-nio-8081-exec-4] c.h.i.mapper.ItemMapper.selectBatchIds   : ==>  Preparing: SELECT id,name,price,stock,image,category,brand,spec,sold,comment_count,isAD,status,create_time,update_time,creater,updater FROM item WHERE id IN ( ? , ? , ? , ? , ? , ? )
20:45:17:159 DEBUG 13216 --- [http-nio-8081-exec-4] c.h.i.mapper.ItemMapper.selectBatchIds   : ==> Parameters: 980432(Long), 980432(Long), 980432(Long), 980432(Long), 980432(Long), 982034(Long)
20:45:17:160 DEBUG 13216 --- [http-nio-8081-exec-4] c.h.i.mapper.ItemMapper.selectBatchIds   : <==      Total: 2
20:49:42:826 DEBUG 13216 --- [http-nio-8081-exec-7] c.h.i.mapper.ItemMapper.selectBatchIds   : ==>  Preparing: SELECT id,name,price,stock,image,category,brand,spec,sold,comment_count,isAD,status,create_time,update_time,creater,updater FROM item WHERE id IN ( ? , ? , ? , ? , ? )
20:49:42:831 DEBUG 13216 --- [http-nio-8081-exec-7] c.h.i.mapper.ItemMapper.selectBatchIds   : ==> Parameters: 100002465730(Long), 100002440466(Long), 100002352522(Long), 100002292164(Long), 100002260394(Long)
20:49:42:838 DEBUG 13216 --- [http-nio-8081-exec-7] c.h.i.mapper.ItemMapper.selectBatchIds   : <==      Total: 5
20:49:46:139 DEBUG 13216 --- [http-nio-8081-exec-8] c.h.i.mapper.ItemMapper.selectBatchIds   : ==>  Preparing: SELECT id,name,price,stock,image,category,brand,spec,sold,comment_count,isAD,status,create_time,update_time,creater,updater FROM item WHERE id IN ( ? , ? , ? , ? , ? , ? )
20:49:46:139 DEBUG 13216 --- [http-nio-8081-exec-8] c.h.i.mapper.ItemMapper.selectBatchIds   : ==> Parameters: 100002672274(Long), 100002672272(Long), 100002651384(Long), 100002662190(Long), 100002624522(Long), 100002544842(Long)
20:49:46:142 DEBUG 13216 --- [http-nio-8081-exec-8] c.h.i.mapper.ItemMapper.selectBatchIds   : <==      Total: 6
20:50:02:588 DEBUG 13216 --- [http-nio-8081-exec-9] c.h.i.mapper.ItemMapper.selectBatchIds   : ==>  Preparing: SELECT id,name,price,stock,image,category,brand,spec,sold,comment_count,isAD,status,create_time,update_time,creater,updater FROM item WHERE id IN ( ? , ? , ? , ? , ? )
20:50:02:589 DEBUG 13216 --- [http-nio-8081-exec-9] c.h.i.mapper.ItemMapper.selectBatchIds   : ==> Parameters: 100002465730(Long), 100002440466(Long), 100002352522(Long), 100002292164(Long), 100002260394(Long)
20:50:02:593 DEBUG 13216 --- [http-nio-8081-exec-9] c.h.i.mapper.ItemMapper.selectBatchIds   : <==      Total: 5
20:50:07:460 DEBUG 13216 --- [http-nio-8081-exec-10] c.h.i.mapper.ItemMapper.selectBatchIds   : ==>  Preparing: SELECT id,name,price,stock,image,category,brand,spec,sold,comment_count,isAD,status,create_time,update_time,creater,updater FROM item WHERE id IN ( ? , ? , ? , ? , ? , ? )
20:50:07:460 DEBUG 13216 --- [http-nio-8081-exec-10] c.h.i.mapper.ItemMapper.selectBatchIds   : ==> Parameters: 100002672274(Long), 100002672272(Long), 100002651384(Long), 100002662190(Long), 100002624522(Long), 100002544842(Long)
20:50:07:465 DEBUG 13216 --- [http-nio-8081-exec-10] c.h.i.mapper.ItemMapper.selectBatchIds   : <==      Total: 6
20:50:32:947 DEBUG 13216 --- [http-nio-8081-exec-1] c.h.i.mapper.ItemMapper.selectBatchIds   : ==>  Preparing: SELECT id,name,price,stock,image,category,brand,spec,sold,comment_count,isAD,status,create_time,update_time,creater,updater FROM item WHERE id IN ( ? , ? , ? , ? , ? , ? )
20:50:32:947 DEBUG 13216 --- [http-nio-8081-exec-1] c.h.i.mapper.ItemMapper.selectBatchIds   : ==> Parameters: 100002672274(Long), 100002672272(Long), 100002651384(Long), 100002662190(Long), 100002624522(Long), 100002544842(Long)
20:50:32:952 DEBUG 13216 --- [http-nio-8081-exec-1] c.h.i.mapper.ItemMapper.selectBatchIds   : <==      Total: 6
20:50:47:579 DEBUG 13216 --- [http-nio-8081-exec-2] c.h.i.mapper.ItemMapper.selectBatchIds   : ==>  Preparing: SELECT id,name,price,stock,image,category,brand,spec,sold,comment_count,isAD,status,create_time,update_time,creater,updater FROM item WHERE id IN ( ? , ? , ? , ? , ? , ? )
20:50:47:580 DEBUG 13216 --- [http-nio-8081-exec-2] c.h.i.mapper.ItemMapper.selectBatchIds   : ==> Parameters: 100002672274(Long), 100002672272(Long), 100002651384(Long), 100002662190(Long), 100002624522(Long), 100002544842(Long)
20:50:47:583 DEBUG 13216 --- [http-nio-8081-exec-2] c.h.i.mapper.ItemMapper.selectBatchIds   : <==      Total: 6
20:50:56:890 DEBUG 13216 --- [http-nio-8081-exec-3] c.h.i.mapper.ItemMapper.selectBatchIds   : ==>  Preparing: SELECT id,name,price,stock,image,category,brand,spec,sold,comment_count,isAD,status,create_time,update_time,creater,updater FROM item WHERE id IN ( ? , ? , ? , ? , ? , ? )
20:50:56:890 DEBUG 13216 --- [http-nio-8081-exec-3] c.h.i.mapper.ItemMapper.selectBatchIds   : ==> Parameters: 100002672274(Long), 100002672272(Long), 100002651384(Long), 100002662190(Long), 100002624522(Long), 100002544842(Long)
20:50:56:895 DEBUG 13216 --- [http-nio-8081-exec-3] c.h.i.mapper.ItemMapper.selectBatchIds   : <==      Total: 6
20:51:00:799 DEBUG 13216 --- [http-nio-8081-exec-5] c.h.i.mapper.ItemMapper.selectBatchIds   : ==>  Preparing: SELECT id,name,price,stock,image,category,brand,spec,sold,comment_count,isAD,status,create_time,update_time,creater,updater FROM item WHERE id IN ( ? , ? , ? , ? , ? , ? )
20:51:00:799 DEBUG 13216 --- [http-nio-8081-exec-5] c.h.i.mapper.ItemMapper.selectBatchIds   : ==> Parameters: 100002672274(Long), 100002672272(Long), 100002651384(Long), 100002662190(Long), 100002624522(Long), 100002544842(Long)
20:51:00:803 DEBUG 13216 --- [http-nio-8081-exec-5] c.h.i.mapper.ItemMapper.selectBatchIds   : <==      Total: 6
20:51:04:794 DEBUG 13216 --- [http-nio-8081-exec-4] c.h.i.mapper.ItemMapper.selectBatchIds   : ==>  Preparing: SELECT id,name,price,stock,image,category,brand,spec,sold,comment_count,isAD,status,create_time,update_time,creater,updater FROM item WHERE id IN ( ? , ? , ? , ? , ? , ? )
20:51:04:794 DEBUG 13216 --- [http-nio-8081-exec-4] c.h.i.mapper.ItemMapper.selectBatchIds   : ==> Parameters: 100002672274(Long), 100002672272(Long), 100002651384(Long), 100002662190(Long), 100002624522(Long), 100002544842(Long)
20:51:04:797 DEBUG 13216 --- [http-nio-8081-exec-4] c.h.i.mapper.ItemMapper.selectBatchIds   : <==      Total: 6
20:51:17:523 DEBUG 13216 --- [http-nio-8081-exec-6] c.h.i.mapper.ItemMapper.selectBatchIds   : ==>  Preparing: SELECT id,name,price,stock,image,category,brand,spec,sold,comment_count,isAD,status,create_time,update_time,creater,updater FROM item WHERE id IN ( ? , ? , ? , ? , ? , ? )
20:51:17:523 DEBUG 13216 --- [http-nio-8081-exec-6] c.h.i.mapper.ItemMapper.selectBatchIds   : ==> Parameters: 100002672274(Long), 100002672272(Long), 100002651384(Long), 100002662190(Long), 100002624522(Long), 100002544842(Long)
20:51:17:525 DEBUG 13216 --- [http-nio-8081-exec-6] c.h.i.mapper.ItemMapper.selectBatchIds   : <==      Total: 6
20:51:22:952 DEBUG 13216 --- [http-nio-8081-exec-7] c.h.i.mapper.ItemMapper.selectBatchIds   : ==>  Preparing: SELECT id,name,price,stock,image,category,brand,spec,sold,comment_count,isAD,status,create_time,update_time,creater,updater FROM item WHERE id IN ( ? , ? , ? , ? , ? , ? )
20:51:22:953 DEBUG 13216 --- [http-nio-8081-exec-7] c.h.i.mapper.ItemMapper.selectBatchIds   : ==> Parameters: 100002672274(Long), 100002672272(Long), 100002651384(Long), 100002662190(Long), 100002624522(Long), 100002544842(Long)
20:51:22:955 DEBUG 13216 --- [http-nio-8081-exec-7] c.h.i.mapper.ItemMapper.selectBatchIds   : <==      Total: 6
20:51:31:144 DEBUG 13216 --- [http-nio-8081-exec-8] c.h.i.mapper.ItemMapper.selectBatchIds   : ==>  Preparing: SELECT id,name,price,stock,image,category,brand,spec,sold,comment_count,isAD,status,create_time,update_time,creater,updater FROM item WHERE id IN ( ? , ? , ? , ? , ? , ? )
20:51:31:144 DEBUG 13216 --- [http-nio-8081-exec-8] c.h.i.mapper.ItemMapper.selectBatchIds   : ==> Parameters: 100002672274(Long), 100002672272(Long), 100002651384(Long), 100002662190(Long), 100002624522(Long), 100002544842(Long)
20:51:31:147 DEBUG 13216 --- [http-nio-8081-exec-8] c.h.i.mapper.ItemMapper.selectBatchIds   : <==      Total: 6
20:51:32:671 DEBUG 13216 --- [http-nio-8081-exec-9] c.h.i.mapper.ItemMapper.selectBatchIds   : ==>  Preparing: SELECT id,name,price,stock,image,category,brand,spec,sold,comment_count,isAD,status,create_time,update_time,creater,updater FROM item WHERE id IN ( ? , ? , ? , ? , ? , ? )
20:51:32:671 DEBUG 13216 --- [http-nio-8081-exec-9] c.h.i.mapper.ItemMapper.selectBatchIds   : ==> Parameters: 100002672274(Long), 100002672272(Long), 100002651384(Long), 100002662190(Long), 100002624522(Long), 100002544842(Long)
20:51:32:678 DEBUG 13216 --- [http-nio-8081-exec-9] c.h.i.mapper.ItemMapper.selectBatchIds   : <==      Total: 6
20:51:34:628 DEBUG 13216 --- [http-nio-8081-exec-10] c.h.i.mapper.ItemMapper.selectBatchIds   : ==>  Preparing: SELECT id,name,price,stock,image,category,brand,spec,sold,comment_count,isAD,status,create_time,update_time,creater,updater FROM item WHERE id IN ( ? , ? , ? , ? , ? )
20:51:34:628 DEBUG 13216 --- [http-nio-8081-exec-10] c.h.i.mapper.ItemMapper.selectBatchIds   : ==> Parameters: 100002465730(Long), 100002440466(Long), 100002352522(Long), 100002292164(Long), 100002260394(Long)
20:51:34:631 DEBUG 13216 --- [http-nio-8081-exec-10] c.h.i.mapper.ItemMapper.selectBatchIds   : <==      Total: 5
20:51:37:973 DEBUG 13216 --- [http-nio-8081-exec-1] c.h.i.mapper.ItemMapper.selectBatchIds   : ==>  Preparing: SELECT id,name,price,stock,image,category,brand,spec,sold,comment_count,isAD,status,create_time,update_time,creater,updater FROM item WHERE id IN ( ? , ? , ? , ? , ? , ? )
20:51:37:973 DEBUG 13216 --- [http-nio-8081-exec-1] c.h.i.mapper.ItemMapper.selectBatchIds   : ==> Parameters: 100002672274(Long), 100002672272(Long), 100002651384(Long), 100002662190(Long), 100002624522(Long), 100002544842(Long)
20:51:37:976 DEBUG 13216 --- [http-nio-8081-exec-1] c.h.i.mapper.ItemMapper.selectBatchIds   : <==      Total: 6
20:51:50:957 DEBUG 13216 --- [http-nio-8081-exec-2] c.h.i.mapper.ItemMapper.selectBatchIds   : ==>  Preparing: SELECT id,name,price,stock,image,category,brand,spec,sold,comment_count,isAD,status,create_time,update_time,creater,updater FROM item WHERE id IN ( ? , ? , ? , ? , ? , ? )
20:51:50:958 DEBUG 13216 --- [http-nio-8081-exec-2] c.h.i.mapper.ItemMapper.selectBatchIds   : ==> Parameters: 100002672274(Long), 100002672272(Long), 100002651384(Long), 100002662190(Long), 100002624522(Long), 100002544842(Long)
20:51:50:959 DEBUG 13216 --- [http-nio-8081-exec-2] c.h.i.mapper.ItemMapper.selectBatchIds   : <==      Total: 6
20:51:52:542 DEBUG 13216 --- [http-nio-8081-exec-3] c.h.i.mapper.ItemMapper.selectBatchIds   : ==>  Preparing: SELECT id,name,price,stock,image,category,brand,spec,sold,comment_count,isAD,status,create_time,update_time,creater,updater FROM item WHERE id IN ( ? , ? , ? , ? , ? , ? )
20:51:52:542 DEBUG 13216 --- [http-nio-8081-exec-3] c.h.i.mapper.ItemMapper.selectBatchIds   : ==> Parameters: 100002672274(Long), 100002672272(Long), 100002651384(Long), 100002662190(Long), 100002624522(Long), 100002544842(Long)
20:51:52:549 DEBUG 13216 --- [http-nio-8081-exec-3] c.h.i.mapper.ItemMapper.selectBatchIds   : <==      Total: 6
20:51:54:559 DEBUG 13216 --- [http-nio-8081-exec-5] c.h.i.mapper.ItemMapper.selectBatchIds   : ==>  Preparing: SELECT id,name,price,stock,image,category,brand,spec,sold,comment_count,isAD,status,create_time,update_time,creater,updater FROM item WHERE id IN ( ? , ? , ? , ? , ? )
20:51:54:559 DEBUG 13216 --- [http-nio-8081-exec-5] c.h.i.mapper.ItemMapper.selectBatchIds   : ==> Parameters: 100002465730(Long), 100002440466(Long), 100002352522(Long), 100002292164(Long), 100002260394(Long)
20:51:54:565 DEBUG 13216 --- [http-nio-8081-exec-5] c.h.i.mapper.ItemMapper.selectBatchIds   : <==      Total: 5
20:51:57:327 DEBUG 13216 --- [http-nio-8081-exec-4] c.h.i.mapper.ItemMapper.selectBatchIds   : ==>  Preparing: SELECT id,name,price,stock,image,category,brand,spec,sold,comment_count,isAD,status,create_time,update_time,creater,updater FROM item WHERE id IN ( ? , ? , ? , ? , ? , ? )
20:51:57:329 DEBUG 13216 --- [http-nio-8081-exec-4] c.h.i.mapper.ItemMapper.selectBatchIds   : ==> Parameters: 100002672274(Long), 100002672272(Long), 100002651384(Long), 100002662190(Long), 100002624522(Long), 100002544842(Long)
20:51:57:332 DEBUG 13216 --- [http-nio-8081-exec-4] c.h.i.mapper.ItemMapper.selectBatchIds   : <==      Total: 6
20:52:00:468 DEBUG 13216 --- [http-nio-8081-exec-6] c.h.i.mapper.ItemMapper.selectBatchIds   : ==>  Preparing: SELECT id,name,price,stock,image,category,brand,spec,sold,comment_count,isAD,status,create_time,update_time,creater,updater FROM item WHERE id IN ( ? , ? , ? , ? , ? , ? )
20:52:00:468 DEBUG 13216 --- [http-nio-8081-exec-6] c.h.i.mapper.ItemMapper.selectBatchIds   : ==> Parameters: 100002672274(Long), 100002672272(Long), 100002651384(Long), 100002662190(Long), 100002624522(Long), 100002544842(Long)
20:52:00:472 DEBUG 13216 --- [http-nio-8081-exec-6] c.h.i.mapper.ItemMapper.selectBatchIds   : <==      Total: 6
20:56:36:537 DEBUG 13216 --- [http-nio-8081-exec-8] c.h.i.mapper.ItemMapper.selectBatchIds   : ==>  Preparing: SELECT id,name,price,stock,image,category,brand,spec,sold,comment_count,isAD,status,create_time,update_time,creater,updater FROM item WHERE id IN ( ? , ? , ? , ? , ? , ? )
20:56:36:544 DEBUG 13216 --- [http-nio-8081-exec-8] c.h.i.mapper.ItemMapper.selectBatchIds   : ==> Parameters: 100002672274(Long), 100002672272(Long), 100002651384(Long), 100002662190(Long), 100002624522(Long), 100002544842(Long)
20:56:36:563 DEBUG 13216 --- [http-nio-8081-exec-8] c.h.i.mapper.ItemMapper.selectBatchIds   : <==      Total: 6
20:56:41:044 DEBUG 13216 --- [http-nio-8081-exec-9] c.h.i.mapper.ItemMapper.selectBatchIds   : ==>  Preparing: SELECT id,name,price,stock,image,category,brand,spec,sold,comment_count,isAD,status,create_time,update_time,creater,updater FROM item WHERE id IN ( ? , ? , ? , ? , ? , ? )
20:56:41:044 DEBUG 13216 --- [http-nio-8081-exec-9] c.h.i.mapper.ItemMapper.selectBatchIds   : ==> Parameters: 100002672274(Long), 100002672272(Long), 100002651384(Long), 100002662190(Long), 100002624522(Long), 100002544842(Long)
20:56:41:047 DEBUG 13216 --- [http-nio-8081-exec-9] c.h.i.mapper.ItemMapper.selectBatchIds   : <==      Total: 6
22:23:54:360  INFO 9600 --- [main] com.hmall.item.ItemApplication           : The following 1 profile is active: "local"
22:23:55:109  INFO 9600 --- [main] o.s.cloud.context.scope.GenericScope     : BeanFactory id=308892e5-b9ef-3d89-b921-896769f4308c
22:23:55:154  INFO 9600 --- [main] trationDelegate$BeanPostProcessorChecker : Bean 'io.seata.spring.boot.autoconfigure.SeataCoreAutoConfiguration' of type [io.seata.spring.boot.autoconfigure.SeataCoreAutoConfiguration] is not eligible for getting processed by all BeanPostProcessors (for example: not eligible for auto-proxying)
22:23:55:154  INFO 9600 --- [main] trationDelegate$BeanPostProcessorChecker : Bean 'springApplicationContextProvider' of type [io.seata.spring.boot.autoconfigure.provider.SpringApplicationContextProvider] is not eligible for getting processed by all BeanPostProcessors (for example: not eligible for auto-proxying)
22:23:55:155  INFO 9600 --- [main] trationDelegate$BeanPostProcessorChecker : Bean 'io.seata.spring.boot.autoconfigure.SeataAutoConfiguration' of type [io.seata.spring.boot.autoconfigure.SeataAutoConfiguration] is not eligible for getting processed by all BeanPostProcessors (for example: not eligible for auto-proxying)
22:23:55:195  INFO 9600 --- [main] trationDelegate$BeanPostProcessorChecker : Bean 'failureHandler' of type [io.seata.tm.api.DefaultFailureHandlerImpl] is not eligible for getting processed by all BeanPostProcessors (for example: not eligible for auto-proxying)
22:23:55:198  INFO 9600 --- [main] trationDelegate$BeanPostProcessorChecker : Bean 'org.springframework.cloud.commons.config.CommonsConfigAutoConfiguration' of type [org.springframework.cloud.commons.config.CommonsConfigAutoConfiguration] is not eligible for getting processed by all BeanPostProcessors (for example: not eligible for auto-proxying)
22:23:55:198  INFO 9600 --- [main] trationDelegate$BeanPostProcessorChecker : Bean 'org.springframework.cloud.client.loadbalancer.LoadBalancerDefaultMappingsProviderAutoConfiguration' of type [org.springframework.cloud.client.loadbalancer.LoadBalancerDefaultMappingsProviderAutoConfiguration] is not eligible for getting processed by all BeanPostProcessors (for example: not eligible for auto-proxying)
22:23:55:199  INFO 9600 --- [main] trationDelegate$BeanPostProcessorChecker : Bean 'loadBalancerClientsDefaultsMappingsProvider' of type [org.springframework.cloud.client.loadbalancer.LoadBalancerDefaultMappingsProviderAutoConfiguration$$Lambda$560/0x0000000800665840] is not eligible for getting processed by all BeanPostProcessors (for example: not eligible for auto-proxying)
22:23:55:199  INFO 9600 --- [main] trationDelegate$BeanPostProcessorChecker : Bean 'defaultsBindHandlerAdvisor' of type [org.springframework.cloud.commons.config.DefaultsBindHandlerAdvisor] is not eligible for getting processed by all BeanPostProcessors (for example: not eligible for auto-proxying)
22:23:55:201  INFO 9600 --- [main] trationDelegate$BeanPostProcessorChecker : Bean 'springCloudAlibabaConfiguration' of type [io.seata.spring.boot.autoconfigure.properties.SpringCloudAlibabaConfiguration] is not eligible for getting processed by all BeanPostProcessors (for example: not eligible for auto-proxying)
22:23:55:203  INFO 9600 --- [main] trationDelegate$BeanPostProcessorChecker : Bean 'seataProperties' of type [io.seata.spring.boot.autoconfigure.properties.SeataProperties] is not eligible for getting processed by all BeanPostProcessors (for example: not eligible for auto-proxying)
22:23:55:204  INFO 9600 --- [main] i.s.s.b.a.SeataAutoConfiguration         : Automatically configure Seata
22:23:55:261  INFO 9600 --- [main] io.seata.config.ConfigurationFactory     : load Configuration from :Spring Configuration
22:23:55:265  INFO 9600 --- [main] io.seata.config.ConfigurationFactory     : load Configuration from :Spring Configuration
22:23:55:511  INFO 9600 --- [main] i.s.s.a.GlobalTransactionScanner         : Initializing Global Transaction Clients ... 
22:23:55:580  INFO 9600 --- [main] i.s.core.rpc.netty.NettyClientBootstrap  : NettyClientBootstrap has started
22:23:56:425  INFO 9600 --- [main] com.alibaba.nacos.common.remote.client   : [RpcClientFactory] create a new rpc client of 68b6680e-4792-4184-83a7-6729b4a52539
22:23:56:426  INFO 9600 --- [main] com.alibaba.nacos.common.remote.client   : [68b6680e-4792-4184-83a7-6729b4a52539] RpcClient init label, labels = {module=naming, source=sdk}
22:23:56:427  INFO 9600 --- [main] com.alibaba.nacos.common.remote.client   : [68b6680e-4792-4184-83a7-6729b4a52539] RpcClient init, ServerListFactory = com.alibaba.nacos.client.naming.core.ServerListManager
22:23:56:427  INFO 9600 --- [main] com.alibaba.nacos.common.remote.client   : [68b6680e-4792-4184-83a7-6729b4a52539] Registry connection listener to current client:com.alibaba.nacos.client.naming.remote.gprc.redo.NamingGrpcRedoService
22:23:56:428  INFO 9600 --- [main] com.alibaba.nacos.common.remote.client   : [68b6680e-4792-4184-83a7-6729b4a52539] Register server push request handler:com.alibaba.nacos.client.naming.remote.gprc.NamingPushRequestHandler
22:23:56:428  INFO 9600 --- [main] com.alibaba.nacos.common.remote.client   : [68b6680e-4792-4184-83a7-6729b4a52539] Try to connect to server on start up, server: {serverIp = '192.168.88.131', server main port = 8848}
22:23:56:562  INFO 9600 --- [main] com.alibaba.nacos.common.remote.client   : [68b6680e-4792-4184-83a7-6729b4a52539] Success to connect to server [192.168.88.131:8848] on start up, connectionId = 1779287033254_192.168.88.1_4732
22:23:56:562  INFO 9600 --- [main] com.alibaba.nacos.common.remote.client   : [68b6680e-4792-4184-83a7-6729b4a52539] Register server push request handler:com.alibaba.nacos.common.remote.client.RpcClient$ConnectResetRequestHandler
22:23:56:562  INFO 9600 --- [main] com.alibaba.nacos.common.remote.client   : [68b6680e-4792-4184-83a7-6729b4a52539] Register server push request handler:com.alibaba.nacos.common.remote.client.RpcClient$$Lambda$471/0x0000000800432840
22:23:56:562  INFO 9600 --- [com.alibaba.nacos.client.remote.worker] com.alibaba.nacos.common.remote.client   : [68b6680e-4792-4184-83a7-6729b4a52539] Notify connected event to listeners.
22:23:56:597  INFO 9600 --- [main] i.s.c.r.netty.NettyClientChannelManager  : will connect to 192.168.88.131:8099
22:23:57:116  INFO 9600 --- [nacos-grpc-client-executor-6] com.alibaba.nacos.common.remote.client   : [68b6680e-4792-4184-83a7-6729b4a52539] Receive server push request, request = NotifySubscriberRequest, requestId = 32
22:23:57:119  INFO 9600 --- [nacos-grpc-client-executor-6] com.alibaba.nacos.common.remote.client   : [68b6680e-4792-4184-83a7-6729b4a52539] Ack server push request, request = NotifySubscriberRequest, requestId = 32
22:23:57:221  INFO 9600 --- [main] i.s.core.rpc.netty.NettyPoolableFactory  : NettyPool create channel to transactionRole:TMROLE,address:192.168.88.131:8099,msg:< RegisterTMRequest{applicationId='item-service', transactionServiceGroup='hmall'} >
22:23:58:002  INFO 9600 --- [main] i.s.c.rpc.netty.TmNettyRemotingClient    : register TM success. client version:1.6.1, server version:1.5.2,channel:[id: 0x487ad5da, L:/192.168.88.1:13419 - R:/192.168.88.131:8099]
22:23:58:006  INFO 9600 --- [main] i.s.core.rpc.netty.NettyPoolableFactory  : register success, cost 75 ms, version:1.5.2,role:TMROLE,channel:[id: 0x487ad5da, L:/192.168.88.1:13419 - R:/192.168.88.131:8099]
22:23:58:007  INFO 9600 --- [main] i.s.s.a.GlobalTransactionScanner         : Transaction Manager Client is initialized. applicationId[item-service] txServiceGroup[hmall]
22:23:58:016  INFO 9600 --- [main] io.seata.rm.datasource.AsyncWorker       : Async Commit Buffer Limit: 10000
22:23:58:017  INFO 9600 --- [main] i.s.rm.datasource.xa.ResourceManagerXA   : ResourceManagerXA init ...
22:23:58:021  INFO 9600 --- [main] i.s.core.rpc.netty.NettyClientBootstrap  : NettyClientBootstrap has started
22:23:58:021  INFO 9600 --- [main] i.s.s.a.GlobalTransactionScanner         : Resource Manager is initialized. applicationId[item-service] txServiceGroup[hmall]
22:23:58:021  INFO 9600 --- [main] i.s.s.a.GlobalTransactionScanner         : Global Transaction Clients are initialized. 
22:23:58:274  INFO 9600 --- [main] o.s.b.w.embedded.tomcat.TomcatWebServer  : Tomcat initialized with port(s): 8081 (http)
22:23:58:283  INFO 9600 --- [main] o.apache.catalina.core.StandardService   : Starting service [Tomcat]
22:23:58:283  INFO 9600 --- [main] org.apache.catalina.core.StandardEngine  : Starting Servlet engine: [Apache Tomcat/9.0.75]
22:23:58:424  INFO 9600 --- [main] o.a.c.c.C.[Tomcat].[localhost].[/]       : Initializing Spring embedded WebApplicationContext
22:23:58:425  INFO 9600 --- [main] w.s.c.ServletWebServerApplicationContext : Root WebApplicationContext: initialization completed in 4053 ms
22:23:58:547  INFO 9600 --- [main] com.zaxxer.hikari.HikariDataSource       : HikariPool-1 - Starting...
22:23:58:848  INFO 9600 --- [main] com.zaxxer.hikari.HikariDataSource       : HikariPool-1 - Start completed.
22:23:58:942  INFO 9600 --- [main] i.s.c.r.netty.NettyClientChannelManager  : will connect to 192.168.88.131:8099
22:23:58:942  INFO 9600 --- [main] i.s.c.rpc.netty.RmNettyRemotingClient    : RM will register :jdbc:mysql://192.168.88.131:3307/hm-item
22:23:58:942  INFO 9600 --- [main] i.s.core.rpc.netty.NettyPoolableFactory  : NettyPool create channel to transactionRole:RMROLE,address:192.168.88.131:8099,msg:< RegisterRMRequest{resourceIds='jdbc:mysql://192.168.88.131:3307/hm-item', applicationId='item-service', transactionServiceGroup='hmall'} >
22:23:58:989  INFO 9600 --- [main] i.s.c.rpc.netty.RmNettyRemotingClient    : register RM success. client version:1.6.1, server version:1.5.2,channel:[id: 0x5a73a05b, L:/192.168.88.1:13423 - R:/192.168.88.131:8099]
22:23:58:990  INFO 9600 --- [main] i.s.core.rpc.netty.NettyPoolableFactory  : register success, cost 45 ms, version:1.5.2,role:RMROLE,channel:[id: 0x5a73a05b, L:/192.168.88.1:13423 - R:/192.168.88.131:8099]
22:24:01:803  INFO 9600 --- [main] o.s.cloud.commons.util.InetUtils         : Cannot determine local hostname
22:24:01:824  INFO 9600 --- [main] pertySourcedRequestMappingHandlerMapping : Mapped URL path [/v2/api-docs] onto method [springfox.documentation.swagger2.web.Swagger2ControllerWebMvc#getDocumentation(String, HttpServletRequest)]
22:24:03:714  INFO 9600 --- [main] o.s.cloud.commons.util.InetUtils         : Cannot determine local hostname
22:24:03:766  INFO 9600 --- [main] com.alibaba.nacos.common.remote.client   : [RpcClientFactory] create a new rpc client of 02af973a-5add-4d5c-a211-3aeec319c83e
22:24:03:766  INFO 9600 --- [main] com.alibaba.nacos.common.remote.client   : [02af973a-5add-4d5c-a211-3aeec319c83e] RpcClient init label, labels = {module=naming, source=sdk}
22:24:03:767  INFO 9600 --- [main] com.alibaba.nacos.common.remote.client   : [02af973a-5add-4d5c-a211-3aeec319c83e] RpcClient init, ServerListFactory = com.alibaba.nacos.client.naming.core.ServerListManager
22:24:03:767  INFO 9600 --- [main] com.alibaba.nacos.common.remote.client   : [02af973a-5add-4d5c-a211-3aeec319c83e] Registry connection listener to current client:com.alibaba.nacos.client.naming.remote.gprc.redo.NamingGrpcRedoService
22:24:03:767  INFO 9600 --- [main] com.alibaba.nacos.common.remote.client   : [02af973a-5add-4d5c-a211-3aeec319c83e] Register server push request handler:com.alibaba.nacos.client.naming.remote.gprc.NamingPushRequestHandler
22:24:03:768  INFO 9600 --- [main] com.alibaba.nacos.common.remote.client   : [02af973a-5add-4d5c-a211-3aeec319c83e] Try to connect to server on start up, server: {serverIp = '192.168.88.131', server main port = 8848}
22:24:03:900  INFO 9600 --- [main] com.alibaba.nacos.common.remote.client   : [02af973a-5add-4d5c-a211-3aeec319c83e] Success to connect to server [192.168.88.131:8848] on start up, connectionId = 1779287040598_192.168.88.1_10518
22:24:03:900  INFO 9600 --- [main] com.alibaba.nacos.common.remote.client   : [02af973a-5add-4d5c-a211-3aeec319c83e] Register server push request handler:com.alibaba.nacos.common.remote.client.RpcClient$ConnectResetRequestHandler
22:24:03:900  INFO 9600 --- [main] com.alibaba.nacos.common.remote.client   : [02af973a-5add-4d5c-a211-3aeec319c83e] Register server push request handler:com.alibaba.nacos.common.remote.client.RpcClient$$Lambda$471/0x0000000800432840
22:24:03:900  INFO 9600 --- [com.alibaba.nacos.client.remote.worker] com.alibaba.nacos.common.remote.client   : [02af973a-5add-4d5c-a211-3aeec319c83e] Notify connected event to listeners.
22:24:03:917  INFO 9600 --- [main] o.s.b.w.embedded.tomcat.TomcatWebServer  : Tomcat started on port(s): 8081 (http) with context path ''
22:24:03:927  INFO 9600 --- [main] c.a.c.n.registry.NacosServiceRegistry    : nacos registry, DEFAULT_GROUP item-service 26.110.20.208:8081 register finished
22:24:04:420  INFO 9600 --- [nacos-grpc-client-executor-5] com.alibaba.nacos.common.remote.client   : [02af973a-5add-4d5c-a211-3aeec319c83e] Receive server push request, request = NotifySubscriberRequest, requestId = 34
22:24:04:421  INFO 9600 --- [nacos-grpc-client-executor-5] com.alibaba.nacos.common.remote.client   : [02af973a-5add-4d5c-a211-3aeec319c83e] Ack server push request, request = NotifySubscriberRequest, requestId = 34
22:24:05:584  INFO 9600 --- [main] o.s.cloud.commons.util.InetUtils         : Cannot determine local hostname
22:24:05:584  INFO 9600 --- [main] d.s.w.p.DocumentationPluginsBootstrapper : Documentation plugins bootstrapped
22:24:05:586  INFO 9600 --- [main] d.s.w.p.DocumentationPluginsBootstrapper : Found 1 custom documentation plugin(s)
22:24:05:603  INFO 9600 --- [main] s.d.s.w.s.ApiListingReferenceScanner     : Scanning for api listing references
22:24:05:675  INFO 9600 --- [main] com.hmall.item.ItemApplication           : Started ItemApplication in 19.486 seconds (JVM running for 21.206)
22:24:05:680  INFO 9600 --- [main] c.a.c.n.refresh.NacosContextRefresher    : [Nacos Config] Listening config: dataId=item-service.yaml, group=DEFAULT_GROUP
22:24:05:680  INFO 9600 --- [main] c.a.c.n.refresh.NacosContextRefresher    : [Nacos Config] Listening config: dataId=item-service-local.yaml, group=DEFAULT_GROUP
22:24:05:681  INFO 9600 --- [main] c.a.c.n.refresh.NacosContextRefresher    : [Nacos Config] Listening config: dataId=item-service, group=DEFAULT_GROUP
